[2019-06-13T00:03:41.181] [INFO] http - ::1 - - "GET / HTTP/1.1" 200 1738 "" "Mozilla/5.0 (Macintosh; Intel Mac OS X 10_14_5) AppleWebKit/537.36 (KHTML, like Gecko) Chrome/74.0.3729.169 Safari/537.36"
[2019-06-13T00:03:41.232] [INFO] http - ::1 - - "GET /assets/slider.min.js HTTP/1.1" 200 50370 "http://localhost:3000/" "Mozilla/5.0 (Macintosh; Intel Mac OS X 10_14_5) AppleWebKit/537.36 (KHTML, like Gecko) Chrome/74.0.3729.169 Safari/537.36"
[2019-06-13T00:03:41.233] [INFO] http - ::1 - - "GET /runtime.js HTTP/1.1" 200 6224 "http://localhost:3000/" "Mozilla/5.0 (Macintosh; Intel Mac OS X 10_14_5) AppleWebKit/537.36 (KHTML, like Gecko) Chrome/74.0.3729.169 Safari/537.36"
[2019-06-13T00:03:41.297] [INFO] http - ::1 - - "GET /polyfills.js HTTP/1.1" 200 241630 "http://localhost:3000/" "Mozilla/5.0 (Macintosh; Intel Mac OS X 10_14_5) AppleWebKit/537.36 (KHTML, like Gecko) Chrome/74.0.3729.169 Safari/537.36"
[2019-06-13T00:03:41.298] [INFO] http - ::1 - - "GET /main.js HTTP/1.1" 200 277930 "http://localhost:3000/" "Mozilla/5.0 (Macintosh; Intel Mac OS X 10_14_5) AppleWebKit/537.36 (KHTML, like Gecko) Chrome/74.0.3729.169 Safari/537.36"
[2019-06-13T00:03:41.310] [INFO] http - ::1 - - "GET /styles.js HTTP/1.1" 200 417805 "http://localhost:3000/" "Mozilla/5.0 (Macintosh; Intel Mac OS X 10_14_5) AppleWebKit/537.36 (KHTML, like Gecko) Chrome/74.0.3729.169 Safari/537.36"
[2019-06-13T00:03:41.390] [INFO] http - ::1 - - "GET /runtime.js.map HTTP/1.1" 200 6214 "" "Mozilla/5.0 (Macintosh; Intel Mac OS X 10_14_5) AppleWebKit/537.36 (KHTML, like Gecko) Chrome/74.0.3729.169 Safari/537.36"
[2019-06-13T00:03:41.489] [INFO] http - ::1 - - "GET /polyfills.js.map HTTP/1.1" 200 240346 "" "Mozilla/5.0 (Macintosh; Intel Mac OS X 10_14_5) AppleWebKit/537.36 (KHTML, like Gecko) Chrome/74.0.3729.169 Safari/537.36"
[2019-06-13T00:03:41.492] [INFO] http - ::1 - - "GET /styles.js.map HTTP/1.1" 200 469521 "" "Mozilla/5.0 (Macintosh; Intel Mac OS X 10_14_5) AppleWebKit/537.36 (KHTML, like Gecko) Chrome/74.0.3729.169 Safari/537.36"
[2019-06-13T00:03:41.548] [INFO] http - ::1 - - "GET /vendor.js HTTP/1.1" 200 8107599 "http://localhost:3000/" "Mozilla/5.0 (Macintosh; Intel Mac OS X 10_14_5) AppleWebKit/537.36 (KHTML, like Gecko) Chrome/74.0.3729.169 Safari/537.36"
[2019-06-13T00:03:42.890] [INFO] http - ::1 - - "GET /main.js.map HTTP/1.1" 200 278032 "" "Mozilla/5.0 (Macintosh; Intel Mac OS X 10_14_5) AppleWebKit/537.36 (KHTML, like Gecko) Chrome/74.0.3729.169 Safari/537.36"
[2019-06-13T00:03:42.940] [INFO] http - ::1 - - "GET /assets/logo-libroteca.png HTTP/1.1" 200 5295 "http://localhost:3000/home" "Mozilla/5.0 (Macintosh; Intel Mac OS X 10_14_5) AppleWebKit/537.36 (KHTML, like Gecko) Chrome/74.0.3729.169 Safari/537.36"
[2019-06-13T00:03:43.185] [INFO] http - ::1 - - "GET /vendor.js.map HTTP/1.1" 200 8526325 "" "Mozilla/5.0 (Macintosh; Intel Mac OS X 10_14_5) AppleWebKit/537.36 (KHTML, like Gecko) Chrome/74.0.3729.169 Safari/537.36"
[2019-06-13T00:03:53.242] [INFO] http - ::1 - - "POST /api/v1/items/checkUser HTTP/1.1" 200 5 "http://localhost:3000/home" "Mozilla/5.0 (Macintosh; Intel Mac OS X 10_14_5) AppleWebKit/537.36 (KHTML, like Gecko) Chrome/74.0.3729.169 Safari/537.36"
[2019-06-13T00:03:59.895] [INFO] http - ::1 - - "POST /api/v1/items/checkUser HTTP/1.1" 200 5 "http://localhost:3000/home" "Mozilla/5.0 (Macintosh; Intel Mac OS X 10_14_5) AppleWebKit/537.36 (KHTML, like Gecko) Chrome/74.0.3729.169 Safari/537.36"
[2019-06-13T00:04:08.635] [INFO] http - ::1 - - "POST /api/v1/items/checkUser HTTP/1.1" 200 5 "http://localhost:3000/home" "Mozilla/5.0 (Macintosh; Intel Mac OS X 10_14_5) AppleWebKit/537.36 (KHTML, like Gecko) Chrome/74.0.3729.169 Safari/537.36"
[2019-06-13T00:04:15.059] [INFO] http - ::1 - - "POST /api/v1/items/checkUser HTTP/1.1" 200 246 "http://localhost:3000/home" "Mozilla/5.0 (Macintosh; Intel Mac OS X 10_14_5) AppleWebKit/537.36 (KHTML, like Gecko) Chrome/74.0.3729.169 Safari/537.36"
[2019-06-13T00:04:17.096] [WARN] http - ::1 - - "GET /api/v1/items/checkToken HTTP/1.1" 304 - "http://localhost:3000/inicio" "Mozilla/5.0 (Macintosh; Intel Mac OS X 10_14_5) AppleWebKit/537.36 (KHTML, like Gecko) Chrome/74.0.3729.169 Safari/537.36"
[2019-06-13T00:04:17.136] [WARN] http - ::1 - - "GET /api/v1/items/getUser HTTP/1.1" 304 - "http://localhost:3000/inicio" "Mozilla/5.0 (Macintosh; Intel Mac OS X 10_14_5) AppleWebKit/537.36 (KHTML, like Gecko) Chrome/74.0.3729.169 Safari/537.36"
[2019-06-13T00:04:17.147] [INFO] http - ::1 - - "GET /assets/2.jpeg HTTP/1.1" 200 196860 "http://localhost:3000/inicio" "Mozilla/5.0 (Macintosh; Intel Mac OS X 10_14_5) AppleWebKit/537.36 (KHTML, like Gecko) Chrome/74.0.3729.169 Safari/537.36"
[2019-06-13T00:04:17.149] [INFO] http - ::1 - - "GET /assets/3.jpeg HTTP/1.1" 200 125114 "http://localhost:3000/inicio" "Mozilla/5.0 (Macintosh; Intel Mac OS X 10_14_5) AppleWebKit/537.36 (KHTML, like Gecko) Chrome/74.0.3729.169 Safari/537.36"
[2019-06-13T00:04:17.150] [INFO] http - ::1 - - "GET /assets/1.jpeg HTTP/1.1" 200 229265 "http://localhost:3000/inicio" "Mozilla/5.0 (Macintosh; Intel Mac OS X 10_14_5) AppleWebKit/537.36 (KHTML, like Gecko) Chrome/74.0.3729.169 Safari/537.36"
[2019-06-13T00:04:17.201] [INFO] http - ::1 - - "GET /fa-solid-900.woff2 HTTP/1.1" 200 50388 "http://localhost:3000/" "Mozilla/5.0 (Macintosh; Intel Mac OS X 10_14_5) AppleWebKit/537.36 (KHTML, like Gecko) Chrome/74.0.3729.169 Safari/537.36"
[2019-06-13T00:04:17.483] [INFO] http - ::1 - - "GET /bannerAzul.jpg HTTP/1.1" 200 24637508 "http://localhost:3000/" "Mozilla/5.0 (Macintosh; Intel Mac OS X 10_14_5) AppleWebKit/537.36 (KHTML, like Gecko) Chrome/74.0.3729.169 Safari/537.36"
[2019-06-13T00:04:33.846] [WARN] http - ::1 - - "GET /api/v1/items/checkToken HTTP/1.1" 304 - "http://localhost:3000/perfil" "Mozilla/5.0 (Macintosh; Intel Mac OS X 10_14_5) AppleWebKit/537.36 (KHTML, like Gecko) Chrome/74.0.3729.169 Safari/537.36"
[2019-06-13T00:04:33.854] [WARN] http - ::1 - - "GET /assets/slider.min.js HTTP/1.1" 304 - "http://localhost:3000/perfil" "Mozilla/5.0 (Macintosh; Intel Mac OS X 10_14_5) AppleWebKit/537.36 (KHTML, like Gecko) Chrome/74.0.3729.169 Safari/537.36"
[2019-06-13T00:04:33.874] [WARN] http - ::1 - - "GET /api/v1/items/getUser HTTP/1.1" 304 - "http://localhost:3000/perfil" "Mozilla/5.0 (Macintosh; Intel Mac OS X 10_14_5) AppleWebKit/537.36 (KHTML, like Gecko) Chrome/74.0.3729.169 Safari/537.36"
[2019-06-13T00:04:33.877] [INFO] http - ::1 - - "GET /assets/slider-perfil/ninos.jpg HTTP/1.1" 200 146394 "http://localhost:3000/perfil" "Mozilla/5.0 (Macintosh; Intel Mac OS X 10_14_5) AppleWebKit/537.36 (KHTML, like Gecko) Chrome/74.0.3729.169 Safari/537.36"
[2019-06-13T00:04:33.922] [INFO] http - ::1 - - "GET /assets/slider-perfil/editar.jpg HTTP/1.1" 200 149782 "http://localhost:3000/perfil" "Mozilla/5.0 (Macintosh; Intel Mac OS X 10_14_5) AppleWebKit/537.36 (KHTML, like Gecko) Chrome/74.0.3729.169 Safari/537.36"
[2019-06-13T00:04:33.925] [INFO] http - ::1 - - "GET /assets/slider-perfil/biblio.jpg HTTP/1.1" 200 290747 "http://localhost:3000/perfil" "Mozilla/5.0 (Macintosh; Intel Mac OS X 10_14_5) AppleWebKit/537.36 (KHTML, like Gecko) Chrome/74.0.3729.169 Safari/537.36"
[2019-06-13T00:04:33.954] [INFO] http - ::1 - - "GET /letras.jpg HTTP/1.1" 200 1922646 "http://localhost:3000/" "Mozilla/5.0 (Macintosh; Intel Mac OS X 10_14_5) AppleWebKit/537.36 (KHTML, like Gecko) Chrome/74.0.3729.169 Safari/537.36"
[2019-06-13T00:04:33.992] [INFO] http - ::1 - - "GET /favoritos.jpg HTTP/1.1" 200 3188327 "http://localhost:3000/" "Mozilla/5.0 (Macintosh; Intel Mac OS X 10_14_5) AppleWebKit/537.36 (KHTML, like Gecko) Chrome/74.0.3729.169 Safari/537.36"
[2019-06-13T00:04:34.162] [INFO] http - ::1 - - "GET /perfil-leidos.jpg HTTP/1.1" 200 9018701 "http://localhost:3000/" "Mozilla/5.0 (Macintosh; Intel Mac OS X 10_14_5) AppleWebKit/537.36 (KHTML, like Gecko) Chrome/74.0.3729.169 Safari/537.36"
[2019-06-13T00:04:36.046] [WARN] http - ::1 - - "GET /api/v1/items/checkToken HTTP/1.1" 304 - "http://localhost:3000/editarPerfil" "Mozilla/5.0 (Macintosh; Intel Mac OS X 10_14_5) AppleWebKit/537.36 (KHTML, like Gecko) Chrome/74.0.3729.169 Safari/537.36"
[2019-06-13T00:04:36.075] [WARN] http - ::1 - - "GET /api/v1/items/getUser HTTP/1.1" 304 - "http://localhost:3000/editarPerfil" "Mozilla/5.0 (Macintosh; Intel Mac OS X 10_14_5) AppleWebKit/537.36 (KHTML, like Gecko) Chrome/74.0.3729.169 Safari/537.36"
[2019-06-13T00:04:36.086] [WARN] http - ::1 - - "GET /api/v1/items/getUser HTTP/1.1" 304 - "http://localhost:3000/editarPerfil" "Mozilla/5.0 (Macintosh; Intel Mac OS X 10_14_5) AppleWebKit/537.36 (KHTML, like Gecko) Chrome/74.0.3729.169 Safari/537.36"
[2019-06-13T00:04:59.523] [WARN] http - ::1 - - "GET /api/v1/items/searchUser/angy HTTP/1.1" 304 - "http://localhost:3000/editarPerfil" "Mozilla/5.0 (Macintosh; Intel Mac OS X 10_14_5) AppleWebKit/537.36 (KHTML, like Gecko) Chrome/74.0.3729.169 Safari/537.36"
[2019-06-13T00:05:03.705] [INFO] http - ::1 - - "POST /api/v1/items/updateUser HTTP/1.1" 200 168 "http://localhost:3000/editarPerfil" "Mozilla/5.0 (Macintosh; Intel Mac OS X 10_14_5) AppleWebKit/537.36 (KHTML, like Gecko) Chrome/74.0.3729.169 Safari/537.36"
[2019-06-13T00:05:19.952] [INFO] http - ::1 - - "GET /editarPerfil HTTP/1.1" 200 1738 "" "Mozilla/5.0 (Macintosh; Intel Mac OS X 10_14_5) AppleWebKit/537.36 (KHTML, like Gecko) Chrome/74.0.3729.169 Safari/537.36"
[2019-06-13T00:05:19.979] [WARN] http - ::1 - - "GET /assets/slider.min.js HTTP/1.1" 304 - "http://localhost:3000/editarPerfil" "Mozilla/5.0 (Macintosh; Intel Mac OS X 10_14_5) AppleWebKit/537.36 (KHTML, like Gecko) Chrome/74.0.3729.169 Safari/537.36"
[2019-06-13T00:05:19.982] [WARN] http - ::1 - - "GET /runtime.js HTTP/1.1" 304 - "http://localhost:3000/editarPerfil" "Mozilla/5.0 (Macintosh; Intel Mac OS X 10_14_5) AppleWebKit/537.36 (KHTML, like Gecko) Chrome/74.0.3729.169 Safari/537.36"
[2019-06-13T00:05:19.983] [WARN] http - ::1 - - "GET /polyfills.js HTTP/1.1" 304 - "http://localhost:3000/editarPerfil" "Mozilla/5.0 (Macintosh; Intel Mac OS X 10_14_5) AppleWebKit/537.36 (KHTML, like Gecko) Chrome/74.0.3729.169 Safari/537.36"
[2019-06-13T00:05:19.984] [WARN] http - ::1 - - "GET /styles.js HTTP/1.1" 304 - "http://localhost:3000/editarPerfil" "Mozilla/5.0 (Macintosh; Intel Mac OS X 10_14_5) AppleWebKit/537.36 (KHTML, like Gecko) Chrome/74.0.3729.169 Safari/537.36"
[2019-06-13T00:05:19.984] [WARN] http - ::1 - - "GET /vendor.js HTTP/1.1" 304 - "http://localhost:3000/editarPerfil" "Mozilla/5.0 (Macintosh; Intel Mac OS X 10_14_5) AppleWebKit/537.36 (KHTML, like Gecko) Chrome/74.0.3729.169 Safari/537.36"
[2019-06-13T00:05:19.989] [WARN] http - ::1 - - "GET /main.js HTTP/1.1" 304 - "http://localhost:3000/editarPerfil" "Mozilla/5.0 (Macintosh; Intel Mac OS X 10_14_5) AppleWebKit/537.36 (KHTML, like Gecko) Chrome/74.0.3729.169 Safari/537.36"
[2019-06-13T00:05:20.057] [WARN] http - ::1 - - "GET /runtime.js.map HTTP/1.1" 304 - "" "Mozilla/5.0 (Macintosh; Intel Mac OS X 10_14_5) AppleWebKit/537.36 (KHTML, like Gecko) Chrome/74.0.3729.169 Safari/537.36"
[2019-06-13T00:05:21.584] [WARN] http - ::1 - - "GET /polyfills.js.map HTTP/1.1" 304 - "" "Mozilla/5.0 (Macintosh; Intel Mac OS X 10_14_5) AppleWebKit/537.36 (KHTML, like Gecko) Chrome/74.0.3729.169 Safari/537.36"
[2019-06-13T00:05:21.584] [WARN] http - ::1 - - "GET /vendor.js.map HTTP/1.1" 304 - "" "Mozilla/5.0 (Macintosh; Intel Mac OS X 10_14_5) AppleWebKit/537.36 (KHTML, like Gecko) Chrome/74.0.3729.169 Safari/537.36"
[2019-06-13T00:05:21.585] [WARN] http - ::1 - - "GET /styles.js.map HTTP/1.1" 304 - "" "Mozilla/5.0 (Macintosh; Intel Mac OS X 10_14_5) AppleWebKit/537.36 (KHTML, like Gecko) Chrome/74.0.3729.169 Safari/537.36"
[2019-06-13T00:05:21.586] [WARN] http - ::1 - - "GET /main.js.map HTTP/1.1" 304 - "" "Mozilla/5.0 (Macintosh; Intel Mac OS X 10_14_5) AppleWebKit/537.36 (KHTML, like Gecko) Chrome/74.0.3729.169 Safari/537.36"
[2019-06-13T00:05:21.647] [WARN] http - ::1 - - "GET /assets/logo-libroteca.png HTTP/1.1" 304 - "http://localhost:3000/editarPerfil" "Mozilla/5.0 (Macintosh; Intel Mac OS X 10_14_5) AppleWebKit/537.36 (KHTML, like Gecko) Chrome/74.0.3729.169 Safari/537.36"
[2019-06-13T00:05:21.665] [WARN] http - ::1 - - "GET /api/v1/items/checkToken HTTP/1.1" 304 - "http://localhost:3000/editarPerfil" "Mozilla/5.0 (Macintosh; Intel Mac OS X 10_14_5) AppleWebKit/537.36 (KHTML, like Gecko) Chrome/74.0.3729.169 Safari/537.36"
[2019-06-13T00:05:21.677] [INFO] http - ::1 - - "GET /api/v1/items/getUser HTTP/1.1" 200 169 "http://localhost:3000/editarPerfil" "Mozilla/5.0 (Macintosh; Intel Mac OS X 10_14_5) AppleWebKit/537.36 (KHTML, like Gecko) Chrome/74.0.3729.169 Safari/537.36"
[2019-06-13T00:05:21.686] [WARN] http - ::1 - - "GET /api/v1/items/getUser HTTP/1.1" 304 - "http://localhost:3000/editarPerfil" "Mozilla/5.0 (Macintosh; Intel Mac OS X 10_14_5) AppleWebKit/537.36 (KHTML, like Gecko) Chrome/74.0.3729.169 Safari/537.36"
[2019-06-13T00:05:21.732] [WARN] http - ::1 - - "GET /fa-solid-900.woff2 HTTP/1.1" 304 - "http://localhost:3000/" "Mozilla/5.0 (Macintosh; Intel Mac OS X 10_14_5) AppleWebKit/537.36 (KHTML, like Gecko) Chrome/74.0.3729.169 Safari/537.36"
[2019-06-13T00:05:54.332] [WARN] http - ::1 - - "GET /api/v1/items/checkToken HTTP/1.1" 304 - "http://localhost:3000/perfil" "Mozilla/5.0 (Macintosh; Intel Mac OS X 10_14_5) AppleWebKit/537.36 (KHTML, like Gecko) Chrome/74.0.3729.169 Safari/537.36"
[2019-06-13T00:05:54.335] [WARN] http - ::1 - - "GET /assets/slider.min.js HTTP/1.1" 304 - "http://localhost:3000/perfil" "Mozilla/5.0 (Macintosh; Intel Mac OS X 10_14_5) AppleWebKit/537.36 (KHTML, like Gecko) Chrome/74.0.3729.169 Safari/537.36"
[2019-06-13T00:05:54.343] [WARN] http - ::1 - - "GET /assets/slider-perfil/biblio.jpg HTTP/1.1" 304 - "http://localhost:3000/perfil" "Mozilla/5.0 (Macintosh; Intel Mac OS X 10_14_5) AppleWebKit/537.36 (KHTML, like Gecko) Chrome/74.0.3729.169 Safari/537.36"
[2019-06-13T00:05:54.344] [WARN] http - ::1 - - "GET /assets/slider-perfil/ninos.jpg HTTP/1.1" 304 - "http://localhost:3000/perfil" "Mozilla/5.0 (Macintosh; Intel Mac OS X 10_14_5) AppleWebKit/537.36 (KHTML, like Gecko) Chrome/74.0.3729.169 Safari/537.36"
[2019-06-13T00:05:54.347] [WARN] http - ::1 - - "GET /assets/slider-perfil/editar.jpg HTTP/1.1" 304 - "http://localhost:3000/perfil" "Mozilla/5.0 (Macintosh; Intel Mac OS X 10_14_5) AppleWebKit/537.36 (KHTML, like Gecko) Chrome/74.0.3729.169 Safari/537.36"
[2019-06-13T00:05:54.349] [WARN] http - ::1 - - "GET /api/v1/items/getUser HTTP/1.1" 304 - "http://localhost:3000/perfil" "Mozilla/5.0 (Macintosh; Intel Mac OS X 10_14_5) AppleWebKit/537.36 (KHTML, like Gecko) Chrome/74.0.3729.169 Safari/537.36"
[2019-06-13T00:05:54.365] [WARN] http - ::1 - - "GET /favoritos.jpg HTTP/1.1" 304 - "http://localhost:3000/" "Mozilla/5.0 (Macintosh; Intel Mac OS X 10_14_5) AppleWebKit/537.36 (KHTML, like Gecko) Chrome/74.0.3729.169 Safari/537.36"
[2019-06-13T00:05:54.366] [WARN] http - ::1 - - "GET /perfil-leidos.jpg HTTP/1.1" 304 - "http://localhost:3000/" "Mozilla/5.0 (Macintosh; Intel Mac OS X 10_14_5) AppleWebKit/537.36 (KHTML, like Gecko) Chrome/74.0.3729.169 Safari/537.36"
[2019-06-13T00:05:54.366] [WARN] http - ::1 - - "GET /letras.jpg HTTP/1.1" 304 - "http://localhost:3000/" "Mozilla/5.0 (Macintosh; Intel Mac OS X 10_14_5) AppleWebKit/537.36 (KHTML, like Gecko) Chrome/74.0.3729.169 Safari/537.36"
[2019-06-13T00:06:29.698] [WARN] http - ::1 - - "GET /api/v1/items/checkToken HTTP/1.1" 304 - "http://localhost:3000/leidos" "Mozilla/5.0 (Macintosh; Intel Mac OS X 10_14_5) AppleWebKit/537.36 (KHTML, like Gecko) Chrome/74.0.3729.169 Safari/537.36"
[2019-06-13T00:16:16.593] [WARN] http - ::1 - - "GET /api/v1/items/checkToken HTTP/1.1" 304 - "http://localhost:3000/perfil" "Mozilla/5.0 (Macintosh; Intel Mac OS X 10_14_5) AppleWebKit/537.36 (KHTML, like Gecko) Chrome/74.0.3729.169 Safari/537.36"
[2019-06-13T00:16:16.686] [WARN] http - ::1 - - "GET /assets/slider.min.js HTTP/1.1" 304 - "http://localhost:3000/perfil" "Mozilla/5.0 (Macintosh; Intel Mac OS X 10_14_5) AppleWebKit/537.36 (KHTML, like Gecko) Chrome/74.0.3729.169 Safari/537.36"
[2019-06-13T00:16:16.702] [WARN] http - ::1 - - "GET /api/v1/items/getUser HTTP/1.1" 304 - "http://localhost:3000/perfil" "Mozilla/5.0 (Macintosh; Intel Mac OS X 10_14_5) AppleWebKit/537.36 (KHTML, like Gecko) Chrome/74.0.3729.169 Safari/537.36"
[2019-06-13T00:16:19.064] [WARN] http - ::1 - - "GET /api/v1/items/checkToken HTTP/1.1" 304 - "http://localhost:3000/leidos" "Mozilla/5.0 (Macintosh; Intel Mac OS X 10_14_5) AppleWebKit/537.36 (KHTML, like Gecko) Chrome/74.0.3729.169 Safari/537.36"
[2019-06-13T00:21:43.579] [INFO] http - ::1 - - "GET / HTTP/1.1" 200 1738 "" "Mozilla/5.0 (Macintosh; Intel Mac OS X 10_14_5) AppleWebKit/537.36 (KHTML, like Gecko) Chrome/74.0.3729.169 Safari/537.36"
[2019-06-13T00:21:43.612] [INFO] http - ::1 - - "GET /assets/slider.min.js HTTP/1.1" 200 50370 "http://localhost:3000/" "Mozilla/5.0 (Macintosh; Intel Mac OS X 10_14_5) AppleWebKit/537.36 (KHTML, like Gecko) Chrome/74.0.3729.169 Safari/537.36"
[2019-06-13T00:21:43.613] [INFO] http - ::1 - - "GET /runtime.js HTTP/1.1" 200 6224 "http://localhost:3000/" "Mozilla/5.0 (Macintosh; Intel Mac OS X 10_14_5) AppleWebKit/537.36 (KHTML, like Gecko) Chrome/74.0.3729.169 Safari/537.36"
[2019-06-13T00:21:43.621] [INFO] http - ::1 - - "GET /polyfills.js HTTP/1.1" 200 241630 "http://localhost:3000/" "Mozilla/5.0 (Macintosh; Intel Mac OS X 10_14_5) AppleWebKit/537.36 (KHTML, like Gecko) Chrome/74.0.3729.169 Safari/537.36"
[2019-06-13T00:21:43.622] [INFO] http - ::1 - - "GET /styles.js HTTP/1.1" 200 417805 "http://localhost:3000/" "Mozilla/5.0 (Macintosh; Intel Mac OS X 10_14_5) AppleWebKit/537.36 (KHTML, like Gecko) Chrome/74.0.3729.169 Safari/537.36"
[2019-06-13T00:21:43.640] [INFO] http - ::1 - - "GET /main.js HTTP/1.1" 200 278168 "http://localhost:3000/" "Mozilla/5.0 (Macintosh; Intel Mac OS X 10_14_5) AppleWebKit/537.36 (KHTML, like Gecko) Chrome/74.0.3729.169 Safari/537.36"
[2019-06-13T00:21:43.720] [INFO] http - ::1 - - "GET /vendor.js HTTP/1.1" 200 8107599 "http://localhost:3000/" "Mozilla/5.0 (Macintosh; Intel Mac OS X 10_14_5) AppleWebKit/537.36 (KHTML, like Gecko) Chrome/74.0.3729.169 Safari/537.36"
[2019-06-13T00:21:46.412] [INFO] http - ::1 - - "GET /assets/logo-libroteca.png HTTP/1.1" 200 5295 "http://localhost:3000/home" "Mozilla/5.0 (Macintosh; Intel Mac OS X 10_14_5) AppleWebKit/537.36 (KHTML, like Gecko) Chrome/74.0.3729.169 Safari/537.36"
[2019-06-13T00:21:49.779] [INFO] http - ::1 - - "GET /runtime.js.map HTTP/1.1" 200 6214 "" "Mozilla/5.0 (Macintosh; Intel Mac OS X 10_14_5) AppleWebKit/537.36 (KHTML, like Gecko) Chrome/74.0.3729.169 Safari/537.36"
[2019-06-13T00:21:49.792] [INFO] http - ::1 - - "GET /polyfills.js.map HTTP/1.1" 200 240346 "" "Mozilla/5.0 (Macintosh; Intel Mac OS X 10_14_5) AppleWebKit/537.36 (KHTML, like Gecko) Chrome/74.0.3729.169 Safari/537.36"
[2019-06-13T00:21:49.796] [INFO] http - ::1 - - "GET /styles.js.map HTTP/1.1" 200 469521 "" "Mozilla/5.0 (Macintosh; Intel Mac OS X 10_14_5) AppleWebKit/537.36 (KHTML, like Gecko) Chrome/74.0.3729.169 Safari/537.36"
[2019-06-13T00:21:49.825] [INFO] http - ::1 - - "GET /main.js.map HTTP/1.1" 200 278345 "" "Mozilla/5.0 (Macintosh; Intel Mac OS X 10_14_5) AppleWebKit/537.36 (KHTML, like Gecko) Chrome/74.0.3729.169 Safari/537.36"
[2019-06-13T00:21:50.037] [INFO] http - ::1 - - "GET /vendor.js.map HTTP/1.1" 200 8526325 "" "Mozilla/5.0 (Macintosh; Intel Mac OS X 10_14_5) AppleWebKit/537.36 (KHTML, like Gecko) Chrome/74.0.3729.169 Safari/537.36"
[2019-06-13T00:21:55.448] [INFO] http - ::1 - - "POST /api/v1/items/checkUser HTTP/1.1" 200 230 "http://localhost:3000/home" "Mozilla/5.0 (Macintosh; Intel Mac OS X 10_14_5) AppleWebKit/537.36 (KHTML, like Gecko) Chrome/74.0.3729.169 Safari/537.36"
[2019-06-13T00:21:57.480] [WARN] http - ::1 - - "GET /api/v1/items/checkToken HTTP/1.1" 304 - "http://localhost:3000/inicio" "Mozilla/5.0 (Macintosh; Intel Mac OS X 10_14_5) AppleWebKit/537.36 (KHTML, like Gecko) Chrome/74.0.3729.169 Safari/537.36"
[2019-06-13T00:21:57.534] [WARN] http - ::1 - - "GET /api/v1/items/getUser HTTP/1.1" 304 - "http://localhost:3000/inicio" "Mozilla/5.0 (Macintosh; Intel Mac OS X 10_14_5) AppleWebKit/537.36 (KHTML, like Gecko) Chrome/74.0.3729.169 Safari/537.36"
[2019-06-13T00:21:57.537] [INFO] http - ::1 - - "GET /assets/2.jpeg HTTP/1.1" 200 196860 "http://localhost:3000/inicio" "Mozilla/5.0 (Macintosh; Intel Mac OS X 10_14_5) AppleWebKit/537.36 (KHTML, like Gecko) Chrome/74.0.3729.169 Safari/537.36"
[2019-06-13T00:21:57.543] [INFO] http - ::1 - - "GET /assets/3.jpeg HTTP/1.1" 200 125114 "http://localhost:3000/inicio" "Mozilla/5.0 (Macintosh; Intel Mac OS X 10_14_5) AppleWebKit/537.36 (KHTML, like Gecko) Chrome/74.0.3729.169 Safari/537.36"
[2019-06-13T00:21:57.545] [INFO] http - ::1 - - "GET /assets/1.jpeg HTTP/1.1" 200 229265 "http://localhost:3000/inicio" "Mozilla/5.0 (Macintosh; Intel Mac OS X 10_14_5) AppleWebKit/537.36 (KHTML, like Gecko) Chrome/74.0.3729.169 Safari/537.36"
[2019-06-13T00:21:57.574] [INFO] http - ::1 - - "GET /fa-solid-900.woff2 HTTP/1.1" 200 50388 "http://localhost:3000/" "Mozilla/5.0 (Macintosh; Intel Mac OS X 10_14_5) AppleWebKit/537.36 (KHTML, like Gecko) Chrome/74.0.3729.169 Safari/537.36"
[2019-06-13T00:21:57.913] [INFO] http - ::1 - - "GET /bannerAzul.jpg HTTP/1.1" 200 24637508 "http://localhost:3000/" "Mozilla/5.0 (Macintosh; Intel Mac OS X 10_14_5) AppleWebKit/537.36 (KHTML, like Gecko) Chrome/74.0.3729.169 Safari/537.36"
[2019-06-13T00:21:59.958] [WARN] http - ::1 - - "GET /api/v1/items/checkToken HTTP/1.1" 304 - "http://localhost:3000/perfil" "Mozilla/5.0 (Macintosh; Intel Mac OS X 10_14_5) AppleWebKit/537.36 (KHTML, like Gecko) Chrome/74.0.3729.169 Safari/537.36"
[2019-06-13T00:21:59.969] [WARN] http - ::1 - - "GET /assets/slider.min.js HTTP/1.1" 304 - "http://localhost:3000/perfil" "Mozilla/5.0 (Macintosh; Intel Mac OS X 10_14_5) AppleWebKit/537.36 (KHTML, like Gecko) Chrome/74.0.3729.169 Safari/537.36"
[2019-06-13T00:21:59.979] [WARN] http - ::1 - - "GET /api/v1/items/getUser HTTP/1.1" 304 - "http://localhost:3000/perfil" "Mozilla/5.0 (Macintosh; Intel Mac OS X 10_14_5) AppleWebKit/537.36 (KHTML, like Gecko) Chrome/74.0.3729.169 Safari/537.36"
[2019-06-13T00:21:59.999] [INFO] http - ::1 - - "GET /assets/slider-perfil/ninos.jpg HTTP/1.1" 200 146394 "http://localhost:3000/perfil" "Mozilla/5.0 (Macintosh; Intel Mac OS X 10_14_5) AppleWebKit/537.36 (KHTML, like Gecko) Chrome/74.0.3729.169 Safari/537.36"
[2019-06-13T00:22:00.015] [INFO] http - ::1 - - "GET /assets/slider-perfil/biblio.jpg HTTP/1.1" 200 290747 "http://localhost:3000/perfil" "Mozilla/5.0 (Macintosh; Intel Mac OS X 10_14_5) AppleWebKit/537.36 (KHTML, like Gecko) Chrome/74.0.3729.169 Safari/537.36"
[2019-06-13T00:22:00.024] [INFO] http - ::1 - - "GET /assets/slider-perfil/editar.jpg HTTP/1.1" 200 149782 "http://localhost:3000/perfil" "Mozilla/5.0 (Macintosh; Intel Mac OS X 10_14_5) AppleWebKit/537.36 (KHTML, like Gecko) Chrome/74.0.3729.169 Safari/537.36"
[2019-06-13T00:22:00.179] [INFO] http - ::1 - - "GET /letras.jpg HTTP/1.1" 200 1922646 "http://localhost:3000/" "Mozilla/5.0 (Macintosh; Intel Mac OS X 10_14_5) AppleWebKit/537.36 (KHTML, like Gecko) Chrome/74.0.3729.169 Safari/537.36"
[2019-06-13T00:22:00.221] [INFO] http - ::1 - - "GET /favoritos.jpg HTTP/1.1" 200 3188327 "http://localhost:3000/" "Mozilla/5.0 (Macintosh; Intel Mac OS X 10_14_5) AppleWebKit/537.36 (KHTML, like Gecko) Chrome/74.0.3729.169 Safari/537.36"
[2019-06-13T00:22:00.739] [INFO] http - ::1 - - "GET /perfil-leidos.jpg HTTP/1.1" 200 9018701 "http://localhost:3000/" "Mozilla/5.0 (Macintosh; Intel Mac OS X 10_14_5) AppleWebKit/537.36 (KHTML, like Gecko) Chrome/74.0.3729.169 Safari/537.36"
[2019-06-13T00:22:02.405] [WARN] http - ::1 - - "GET /api/v1/items/checkToken HTTP/1.1" 304 - "http://localhost:3000/leidos" "Mozilla/5.0 (Macintosh; Intel Mac OS X 10_14_5) AppleWebKit/537.36 (KHTML, like Gecko) Chrome/74.0.3729.169 Safari/537.36"
[2019-06-13T00:22:02.420] [WARN] http - ::1 - - "GET /api/v1/items/getUser HTTP/1.1" 304 - "http://localhost:3000/leidos" "Mozilla/5.0 (Macintosh; Intel Mac OS X 10_14_5) AppleWebKit/537.36 (KHTML, like Gecko) Chrome/74.0.3729.169 Safari/537.36"
[2019-06-13T00:22:02.431] [WARN] http - ::1 - - "GET /api/v1/items/takeAllReadedBooks HTTP/1.1" 304 - "http://localhost:3000/leidos" "Mozilla/5.0 (Macintosh; Intel Mac OS X 10_14_5) AppleWebKit/537.36 (KHTML, like Gecko) Chrome/74.0.3729.169 Safari/537.36"
[2019-06-13T00:22:02.437] [WARN] http - ::1 - - "GET /api/v1/items/takeAllFavsBooks HTTP/1.1" 304 - "http://localhost:3000/leidos" "Mozilla/5.0 (Macintosh; Intel Mac OS X 10_14_5) AppleWebKit/537.36 (KHTML, like Gecko) Chrome/74.0.3729.169 Safari/537.36"
[2019-06-13T00:22:02.518] [INFO] http - ::1 - - "GET /fa-regular-400.woff2 HTTP/1.1" 200 12168 "http://localhost:3000/" "Mozilla/5.0 (Macintosh; Intel Mac OS X 10_14_5) AppleWebKit/537.36 (KHTML, like Gecko) Chrome/74.0.3729.169 Safari/537.36"
[2019-06-13T00:22:04.105] [WARN] http - ::1 - - "GET /api/v1/items/checkToken HTTP/1.1" 304 - "http://localhost:3000/perfil" "Mozilla/5.0 (Macintosh; Intel Mac OS X 10_14_5) AppleWebKit/537.36 (KHTML, like Gecko) Chrome/74.0.3729.169 Safari/537.36"
[2019-06-13T00:22:04.108] [WARN] http - ::1 - - "GET /assets/slider.min.js HTTP/1.1" 304 - "http://localhost:3000/perfil" "Mozilla/5.0 (Macintosh; Intel Mac OS X 10_14_5) AppleWebKit/537.36 (KHTML, like Gecko) Chrome/74.0.3729.169 Safari/537.36"
[2019-06-13T00:22:04.116] [WARN] http - ::1 - - "GET /api/v1/items/getUser HTTP/1.1" 304 - "http://localhost:3000/perfil" "Mozilla/5.0 (Macintosh; Intel Mac OS X 10_14_5) AppleWebKit/537.36 (KHTML, like Gecko) Chrome/74.0.3729.169 Safari/537.36"
[2019-06-13T00:22:05.155] [WARN] http - ::1 - - "GET /api/v1/items/checkToken HTTP/1.1" 304 - "http://localhost:3000/favoritos" "Mozilla/5.0 (Macintosh; Intel Mac OS X 10_14_5) AppleWebKit/537.36 (KHTML, like Gecko) Chrome/74.0.3729.169 Safari/537.36"
[2019-06-13T00:22:05.171] [WARN] http - ::1 - - "GET /api/v1/items/getUser HTTP/1.1" 304 - "http://localhost:3000/favoritos" "Mozilla/5.0 (Macintosh; Intel Mac OS X 10_14_5) AppleWebKit/537.36 (KHTML, like Gecko) Chrome/74.0.3729.169 Safari/537.36"
[2019-06-13T00:22:05.178] [WARN] http - ::1 - - "GET /api/v1/items/takeAllReadedBooks HTTP/1.1" 304 - "http://localhost:3000/favoritos" "Mozilla/5.0 (Macintosh; Intel Mac OS X 10_14_5) AppleWebKit/537.36 (KHTML, like Gecko) Chrome/74.0.3729.169 Safari/537.36"
[2019-06-13T00:22:05.187] [WARN] http - ::1 - - "GET /api/v1/items/takeAllFavsBooks HTTP/1.1" 304 - "http://localhost:3000/favoritos" "Mozilla/5.0 (Macintosh; Intel Mac OS X 10_14_5) AppleWebKit/537.36 (KHTML, like Gecko) Chrome/74.0.3729.169 Safari/537.36"
[2019-06-13T00:22:06.047] [WARN] http - ::1 - - "GET /api/v1/items/checkToken HTTP/1.1" 304 - "http://localhost:3000/perfil" "Mozilla/5.0 (Macintosh; Intel Mac OS X 10_14_5) AppleWebKit/537.36 (KHTML, like Gecko) Chrome/74.0.3729.169 Safari/537.36"
[2019-06-13T00:22:06.053] [WARN] http - ::1 - - "GET /assets/slider.min.js HTTP/1.1" 304 - "http://localhost:3000/perfil" "Mozilla/5.0 (Macintosh; Intel Mac OS X 10_14_5) AppleWebKit/537.36 (KHTML, like Gecko) Chrome/74.0.3729.169 Safari/537.36"
[2019-06-13T00:22:06.058] [WARN] http - ::1 - - "GET /api/v1/items/getUser HTTP/1.1" 304 - "http://localhost:3000/perfil" "Mozilla/5.0 (Macintosh; Intel Mac OS X 10_14_5) AppleWebKit/537.36 (KHTML, like Gecko) Chrome/74.0.3729.169 Safari/537.36"
[2019-06-13T00:22:07.150] [WARN] http - ::1 - - "GET /api/v1/items/checkToken HTTP/1.1" 304 - "http://localhost:3000/editarPerfil" "Mozilla/5.0 (Macintosh; Intel Mac OS X 10_14_5) AppleWebKit/537.36 (KHTML, like Gecko) Chrome/74.0.3729.169 Safari/537.36"
[2019-06-13T00:22:07.158] [WARN] http - ::1 - - "GET /api/v1/items/getUser HTTP/1.1" 304 - "http://localhost:3000/editarPerfil" "Mozilla/5.0 (Macintosh; Intel Mac OS X 10_14_5) AppleWebKit/537.36 (KHTML, like Gecko) Chrome/74.0.3729.169 Safari/537.36"
[2019-06-13T00:22:07.167] [WARN] http - ::1 - - "GET /api/v1/items/getUser HTTP/1.1" 304 - "http://localhost:3000/editarPerfil" "Mozilla/5.0 (Macintosh; Intel Mac OS X 10_14_5) AppleWebKit/537.36 (KHTML, like Gecko) Chrome/74.0.3729.169 Safari/537.36"
[2019-06-13T00:22:17.096] [INFO] http - ::1 - - "POST /api/v1/items/updateUser HTTP/1.1" 200 168 "http://localhost:3000/editarPerfil" "Mozilla/5.0 (Macintosh; Intel Mac OS X 10_14_5) AppleWebKit/537.36 (KHTML, like Gecko) Chrome/74.0.3729.169 Safari/537.36"
[2019-06-13T00:22:34.719] [INFO] http - ::1 - - "POST /api/v1/items/checkUser HTTP/1.1" 200 237 "http://localhost:3000/home" "Mozilla/5.0 (Macintosh; Intel Mac OS X 10_14_5) AppleWebKit/537.36 (KHTML, like Gecko) Chrome/74.0.3729.169 Safari/537.36"
[2019-06-13T00:22:36.739] [WARN] http - ::1 - - "GET /api/v1/items/checkToken HTTP/1.1" 304 - "http://localhost:3000/inicio" "Mozilla/5.0 (Macintosh; Intel Mac OS X 10_14_5) AppleWebKit/537.36 (KHTML, like Gecko) Chrome/74.0.3729.169 Safari/537.36"
[2019-06-13T00:22:36.799] [INFO] http - ::1 - - "GET /api/v1/items/getUser HTTP/1.1" 200 174 "http://localhost:3000/inicio" "Mozilla/5.0 (Macintosh; Intel Mac OS X 10_14_5) AppleWebKit/537.36 (KHTML, like Gecko) Chrome/74.0.3729.169 Safari/537.36"
[2019-06-13T00:22:36.807] [WARN] http - ::1 - - "GET /assets/1.jpeg HTTP/1.1" 304 - "http://localhost:3000/inicio" "Mozilla/5.0 (Macintosh; Intel Mac OS X 10_14_5) AppleWebKit/537.36 (KHTML, like Gecko) Chrome/74.0.3729.169 Safari/537.36"
[2019-06-13T00:22:36.808] [WARN] http - ::1 - - "GET /assets/2.jpeg HTTP/1.1" 304 - "http://localhost:3000/inicio" "Mozilla/5.0 (Macintosh; Intel Mac OS X 10_14_5) AppleWebKit/537.36 (KHTML, like Gecko) Chrome/74.0.3729.169 Safari/537.36"
[2019-06-13T00:22:36.810] [WARN] http - ::1 - - "GET /assets/3.jpeg HTTP/1.1" 304 - "http://localhost:3000/inicio" "Mozilla/5.0 (Macintosh; Intel Mac OS X 10_14_5) AppleWebKit/537.36 (KHTML, like Gecko) Chrome/74.0.3729.169 Safari/537.36"
[2019-06-13T00:22:38.495] [WARN] http - ::1 - - "GET /api/v1/items/checkToken HTTP/1.1" 304 - "http://localhost:3000/perfil" "Mozilla/5.0 (Macintosh; Intel Mac OS X 10_14_5) AppleWebKit/537.36 (KHTML, like Gecko) Chrome/74.0.3729.169 Safari/537.36"
[2019-06-13T00:22:38.498] [WARN] http - ::1 - - "GET /assets/slider.min.js HTTP/1.1" 304 - "http://localhost:3000/perfil" "Mozilla/5.0 (Macintosh; Intel Mac OS X 10_14_5) AppleWebKit/537.36 (KHTML, like Gecko) Chrome/74.0.3729.169 Safari/537.36"
[2019-06-13T00:22:38.511] [WARN] http - ::1 - - "GET /api/v1/items/getUser HTTP/1.1" 304 - "http://localhost:3000/perfil" "Mozilla/5.0 (Macintosh; Intel Mac OS X 10_14_5) AppleWebKit/537.36 (KHTML, like Gecko) Chrome/74.0.3729.169 Safari/537.36"
[2019-06-13T00:22:39.531] [WARN] http - ::1 - - "GET /api/v1/items/checkToken HTTP/1.1" 304 - "http://localhost:3000/leidos" "Mozilla/5.0 (Macintosh; Intel Mac OS X 10_14_5) AppleWebKit/537.36 (KHTML, like Gecko) Chrome/74.0.3729.169 Safari/537.36"
[2019-06-13T00:22:39.542] [WARN] http - ::1 - - "GET /api/v1/items/getUser HTTP/1.1" 304 - "http://localhost:3000/leidos" "Mozilla/5.0 (Macintosh; Intel Mac OS X 10_14_5) AppleWebKit/537.36 (KHTML, like Gecko) Chrome/74.0.3729.169 Safari/537.36"
[2019-06-13T00:22:39.550] [INFO] http - ::1 - - "GET /api/v1/items/takeAllReadedBooks HTTP/1.1" 200 6919 "http://localhost:3000/leidos" "Mozilla/5.0 (Macintosh; Intel Mac OS X 10_14_5) AppleWebKit/537.36 (KHTML, like Gecko) Chrome/74.0.3729.169 Safari/537.36"
[2019-06-13T00:22:39.552] [INFO] http - ::1 - - "GET /api/v1/items/takeAllFavsBooks HTTP/1.1" 200 2390 "http://localhost:3000/leidos" "Mozilla/5.0 (Macintosh; Intel Mac OS X 10_14_5) AppleWebKit/537.36 (KHTML, like Gecko) Chrome/74.0.3729.169 Safari/537.36"
[2019-06-13T00:22:40.721] [WARN] http - ::1 - - "GET /api/v1/items/checkToken HTTP/1.1" 304 - "http://localhost:3000/perfil" "Mozilla/5.0 (Macintosh; Intel Mac OS X 10_14_5) AppleWebKit/537.36 (KHTML, like Gecko) Chrome/74.0.3729.169 Safari/537.36"
[2019-06-13T00:22:40.723] [WARN] http - ::1 - - "GET /assets/slider.min.js HTTP/1.1" 304 - "http://localhost:3000/perfil" "Mozilla/5.0 (Macintosh; Intel Mac OS X 10_14_5) AppleWebKit/537.36 (KHTML, like Gecko) Chrome/74.0.3729.169 Safari/537.36"
[2019-06-13T00:22:40.734] [WARN] http - ::1 - - "GET /api/v1/items/getUser HTTP/1.1" 304 - "http://localhost:3000/perfil" "Mozilla/5.0 (Macintosh; Intel Mac OS X 10_14_5) AppleWebKit/537.36 (KHTML, like Gecko) Chrome/74.0.3729.169 Safari/537.36"
[2019-06-13T00:22:41.694] [WARN] http - ::1 - - "GET /api/v1/items/checkToken HTTP/1.1" 304 - "http://localhost:3000/favoritos" "Mozilla/5.0 (Macintosh; Intel Mac OS X 10_14_5) AppleWebKit/537.36 (KHTML, like Gecko) Chrome/74.0.3729.169 Safari/537.36"
[2019-06-13T00:22:41.708] [WARN] http - ::1 - - "GET /api/v1/items/getUser HTTP/1.1" 304 - "http://localhost:3000/favoritos" "Mozilla/5.0 (Macintosh; Intel Mac OS X 10_14_5) AppleWebKit/537.36 (KHTML, like Gecko) Chrome/74.0.3729.169 Safari/537.36"
[2019-06-13T00:22:41.714] [WARN] http - ::1 - - "GET /api/v1/items/takeAllFavsBooks HTTP/1.1" 304 - "http://localhost:3000/favoritos" "Mozilla/5.0 (Macintosh; Intel Mac OS X 10_14_5) AppleWebKit/537.36 (KHTML, like Gecko) Chrome/74.0.3729.169 Safari/537.36"
[2019-06-13T00:22:41.716] [WARN] http - ::1 - - "GET /api/v1/items/takeAllReadedBooks HTTP/1.1" 304 - "http://localhost:3000/favoritos" "Mozilla/5.0 (Macintosh; Intel Mac OS X 10_14_5) AppleWebKit/537.36 (KHTML, like Gecko) Chrome/74.0.3729.169 Safari/537.36"
[2019-06-13T00:22:42.604] [WARN] http - ::1 - - "GET /api/v1/items/checkToken HTTP/1.1" 304 - "http://localhost:3000/perfil" "Mozilla/5.0 (Macintosh; Intel Mac OS X 10_14_5) AppleWebKit/537.36 (KHTML, like Gecko) Chrome/74.0.3729.169 Safari/537.36"
[2019-06-13T00:22:42.606] [WARN] http - ::1 - - "GET /assets/slider.min.js HTTP/1.1" 304 - "http://localhost:3000/perfil" "Mozilla/5.0 (Macintosh; Intel Mac OS X 10_14_5) AppleWebKit/537.36 (KHTML, like Gecko) Chrome/74.0.3729.169 Safari/537.36"
[2019-06-13T00:22:42.616] [WARN] http - ::1 - - "GET /api/v1/items/getUser HTTP/1.1" 304 - "http://localhost:3000/perfil" "Mozilla/5.0 (Macintosh; Intel Mac OS X 10_14_5) AppleWebKit/537.36 (KHTML, like Gecko) Chrome/74.0.3729.169 Safari/537.36"
[2019-06-13T00:23:06.697] [WARN] http - ::1 - - "GET /api/v1/items/checkToken HTTP/1.1" 304 - "http://localhost:3000/busquedaTitulo" "Mozilla/5.0 (Macintosh; Intel Mac OS X 10_14_5) AppleWebKit/537.36 (KHTML, like Gecko) Chrome/74.0.3729.169 Safari/537.36"
[2019-06-13T00:23:06.712] [WARN] http - ::1 - - "GET /api/v1/items/getUser HTTP/1.1" 304 - "http://localhost:3000/busquedaTitulo" "Mozilla/5.0 (Macintosh; Intel Mac OS X 10_14_5) AppleWebKit/537.36 (KHTML, like Gecko) Chrome/74.0.3729.169 Safari/537.36"
[2019-06-13T00:23:06.721] [WARN] http - ::1 - - "GET /api/v1/items/takeAllReadedBooks HTTP/1.1" 304 - "http://localhost:3000/busquedaTitulo" "Mozilla/5.0 (Macintosh; Intel Mac OS X 10_14_5) AppleWebKit/537.36 (KHTML, like Gecko) Chrome/74.0.3729.169 Safari/537.36"
[2019-06-13T21:32:16.446] [ERROR] http - ::1 - - "POST /api/v1/items/checkUser HTTP/1.1" 500 2774 "http://localhost:4200/home" "Mozilla/5.0 (Macintosh; Intel Mac OS X 10_14_5) AppleWebKit/537.36 (KHTML, like Gecko) Chrome/74.0.3729.169 Safari/537.36"
[2019-06-13T21:34:04.217] [ERROR] http - ::1 - - "POST /api/v1/items/checkUser HTTP/1.1" 500 1461 "http://localhost:4200/home" "Mozilla/5.0 (Macintosh; Intel Mac OS X 10_14_5) AppleWebKit/537.36 (KHTML, like Gecko) Chrome/74.0.3729.169 Safari/537.36"
[2019-06-13T21:34:39.550] [INFO] http - ::1 - - "POST /api/v1/items/checkUser HTTP/1.1" 200 230 "http://localhost:4200/home" "Mozilla/5.0 (Macintosh; Intel Mac OS X 10_14_5) AppleWebKit/537.36 (KHTML, like Gecko) Chrome/74.0.3729.169 Safari/537.36"
[2019-06-13T21:34:41.630] [WARN] http - ::1 - - "GET /api/v1/items/checkToken HTTP/1.1" 304 - "http://localhost:4200/inicio" "Mozilla/5.0 (Macintosh; Intel Mac OS X 10_14_5) AppleWebKit/537.36 (KHTML, like Gecko) Chrome/74.0.3729.169 Safari/537.36"
[2019-06-13T21:34:41.723] [INFO] http - ::1 - - "GET /api/v1/items/getUser HTTP/1.1" 200 169 "http://localhost:4200/inicio" "Mozilla/5.0 (Macintosh; Intel Mac OS X 10_14_5) AppleWebKit/537.36 (KHTML, like Gecko) Chrome/74.0.3729.169 Safari/537.36"
[2019-06-13T21:34:58.224] [WARN] http - ::1 - - "GET /api/v1/items/checkToken HTTP/1.1" 304 - "http://localhost:4200/busquedaTitulo" "Mozilla/5.0 (Macintosh; Intel Mac OS X 10_14_5) AppleWebKit/537.36 (KHTML, like Gecko) Chrome/74.0.3729.169 Safari/537.36"
[2019-06-13T21:34:58.235] [WARN] http - ::1 - - "GET /api/v1/items/getUser HTTP/1.1" 304 - "http://localhost:4200/busquedaTitulo" "Mozilla/5.0 (Macintosh; Intel Mac OS X 10_14_5) AppleWebKit/537.36 (KHTML, like Gecko) Chrome/74.0.3729.169 Safari/537.36"
[2019-06-13T21:34:58.259] [INFO] http - ::1 - - "GET /api/v1/items/takeAllReadedBooks HTTP/1.1" 200 15528 "http://localhost:4200/busquedaTitulo" "Mozilla/5.0 (Macintosh; Intel Mac OS X 10_14_5) AppleWebKit/537.36 (KHTML, like Gecko) Chrome/74.0.3729.169 Safari/537.36"
[2019-06-13T21:35:27.951] [WARN] http - ::1 - - "GET /api/v1/items/checkToken HTTP/1.1" 304 - "http://localhost:4200/libro-detalle/4xI4QwAACAAJ" "Mozilla/5.0 (Macintosh; Intel Mac OS X 10_14_5) AppleWebKit/537.36 (KHTML, like Gecko) Chrome/74.0.3729.169 Safari/537.36"
[2019-06-13T21:35:27.961] [WARN] http - ::1 - - "GET /api/v1/items/getUser HTTP/1.1" 304 - "http://localhost:4200/libro-detalle/4xI4QwAACAAJ" "Mozilla/5.0 (Macintosh; Intel Mac OS X 10_14_5) AppleWebKit/537.36 (KHTML, like Gecko) Chrome/74.0.3729.169 Safari/537.36"
[2019-06-13T21:35:27.966] [WARN] http - ::1 - - "GET /api/v1/items/takeAllReadedBooks HTTP/1.1" 304 - "http://localhost:4200/libro-detalle/4xI4QwAACAAJ" "Mozilla/5.0 (Macintosh; Intel Mac OS X 10_14_5) AppleWebKit/537.36 (KHTML, like Gecko) Chrome/74.0.3729.169 Safari/537.36"
[2019-06-13T21:35:33.228] [INFO] http - ::1 - - "POST /api/v1/items/addLeido HTTP/1.1" 200 512 "http://localhost:4200/libro-detalle/4xI4QwAACAAJ" "Mozilla/5.0 (Macintosh; Intel Mac OS X 10_14_5) AppleWebKit/537.36 (KHTML, like Gecko) Chrome/74.0.3729.169 Safari/537.36"
[2019-06-13T21:35:35.446] [WARN] http - ::1 - - "GET /api/v1/items/checkToken HTTP/1.1" 304 - "http://localhost:4200/busquedaTitulo" "Mozilla/5.0 (Macintosh; Intel Mac OS X 10_14_5) AppleWebKit/537.36 (KHTML, like Gecko) Chrome/74.0.3729.169 Safari/537.36"
[2019-06-13T21:35:35.455] [WARN] http - ::1 - - "GET /api/v1/items/getUser HTTP/1.1" 304 - "http://localhost:4200/busquedaTitulo" "Mozilla/5.0 (Macintosh; Intel Mac OS X 10_14_5) AppleWebKit/537.36 (KHTML, like Gecko) Chrome/74.0.3729.169 Safari/537.36"
[2019-06-13T21:35:35.466] [INFO] http - ::1 - - "GET /api/v1/items/takeAllReadedBooks HTTP/1.1" 200 16037 "http://localhost:4200/busquedaTitulo" "Mozilla/5.0 (Macintosh; Intel Mac OS X 10_14_5) AppleWebKit/537.36 (KHTML, like Gecko) Chrome/74.0.3729.169 Safari/537.36"
[2019-06-13T21:35:37.727] [WARN] http - ::1 - - "GET /api/v1/items/checkToken HTTP/1.1" 304 - "http://localhost:4200/busquedaAutor" "Mozilla/5.0 (Macintosh; Intel Mac OS X 10_14_5) AppleWebKit/537.36 (KHTML, like Gecko) Chrome/74.0.3729.169 Safari/537.36"
[2019-06-13T21:35:37.739] [WARN] http - ::1 - - "GET /api/v1/items/getUser HTTP/1.1" 304 - "http://localhost:4200/busquedaAutor" "Mozilla/5.0 (Macintosh; Intel Mac OS X 10_14_5) AppleWebKit/537.36 (KHTML, like Gecko) Chrome/74.0.3729.169 Safari/537.36"
[2019-06-13T21:35:37.742] [WARN] http - ::1 - - "GET /api/v1/items/takeAllReadedBooks HTTP/1.1" 304 - "http://localhost:4200/busquedaAutor" "Mozilla/5.0 (Macintosh; Intel Mac OS X 10_14_5) AppleWebKit/537.36 (KHTML, like Gecko) Chrome/74.0.3729.169 Safari/537.36"
[2019-06-13T21:35:51.841] [INFO] http - ::1 - - "POST /api/v1/items/addLeido HTTP/1.1" 200 1616 "http://localhost:4200/busquedaAutor" "Mozilla/5.0 (Macintosh; Intel Mac OS X 10_14_5) AppleWebKit/537.36 (KHTML, like Gecko) Chrome/74.0.3729.169 Safari/537.36"
[2019-06-13T21:36:06.177] [WARN] http - ::1 - - "GET /api/v1/items/checkToken HTTP/1.1" 304 - "http://localhost:4200/libro-detalle/GBEqDwAAQBAJ" "Mozilla/5.0 (Macintosh; Intel Mac OS X 10_14_5) AppleWebKit/537.36 (KHTML, like Gecko) Chrome/74.0.3729.169 Safari/537.36"
[2019-06-13T21:36:06.188] [WARN] http - ::1 - - "GET /api/v1/items/getUser HTTP/1.1" 304 - "http://localhost:4200/libro-detalle/GBEqDwAAQBAJ" "Mozilla/5.0 (Macintosh; Intel Mac OS X 10_14_5) AppleWebKit/537.36 (KHTML, like Gecko) Chrome/74.0.3729.169 Safari/537.36"
[2019-06-13T21:36:06.196] [INFO] http - ::1 - - "GET /api/v1/items/takeAllReadedBooks HTTP/1.1" 200 17650 "http://localhost:4200/libro-detalle/GBEqDwAAQBAJ" "Mozilla/5.0 (Macintosh; Intel Mac OS X 10_14_5) AppleWebKit/537.36 (KHTML, like Gecko) Chrome/74.0.3729.169 Safari/537.36"
[2019-06-13T21:36:10.160] [INFO] http - ::1 - - "POST /api/v1/items/addLeido HTTP/1.1" 200 2011 "http://localhost:4200/libro-detalle/GBEqDwAAQBAJ" "Mozilla/5.0 (Macintosh; Intel Mac OS X 10_14_5) AppleWebKit/537.36 (KHTML, like Gecko) Chrome/74.0.3729.169 Safari/537.36"
[2019-06-13T21:36:16.752] [WARN] http - ::1 - - "GET /api/v1/items/checkToken HTTP/1.1" 304 - "http://localhost:4200/busquedaAutor" "Mozilla/5.0 (Macintosh; Intel Mac OS X 10_14_5) AppleWebKit/537.36 (KHTML, like Gecko) Chrome/74.0.3729.169 Safari/537.36"
[2019-06-13T21:36:16.767] [WARN] http - ::1 - - "GET /api/v1/items/getUser HTTP/1.1" 304 - "http://localhost:4200/busquedaAutor" "Mozilla/5.0 (Macintosh; Intel Mac OS X 10_14_5) AppleWebKit/537.36 (KHTML, like Gecko) Chrome/74.0.3729.169 Safari/537.36"
[2019-06-13T21:36:16.773] [INFO] http - ::1 - - "GET /api/v1/items/takeAllReadedBooks HTTP/1.1" 200 19658 "http://localhost:4200/busquedaAutor" "Mozilla/5.0 (Macintosh; Intel Mac OS X 10_14_5) AppleWebKit/537.36 (KHTML, like Gecko) Chrome/74.0.3729.169 Safari/537.36"
[2019-06-13T21:36:23.020] [WARN] http - ::1 - - "GET /api/v1/items/checkToken HTTP/1.1" 304 - "http://localhost:4200/perfil" "Mozilla/5.0 (Macintosh; Intel Mac OS X 10_14_5) AppleWebKit/537.36 (KHTML, like Gecko) Chrome/74.0.3729.169 Safari/537.36"
[2019-06-13T21:36:23.040] [WARN] http - ::1 - - "GET /api/v1/items/getUser HTTP/1.1" 304 - "http://localhost:4200/perfil" "Mozilla/5.0 (Macintosh; Intel Mac OS X 10_14_5) AppleWebKit/537.36 (KHTML, like Gecko) Chrome/74.0.3729.169 Safari/537.36"
[2019-06-13T21:36:27.252] [WARN] http - ::1 - - "GET /api/v1/items/checkToken HTTP/1.1" 304 - "http://localhost:4200/leidos" "Mozilla/5.0 (Macintosh; Intel Mac OS X 10_14_5) AppleWebKit/537.36 (KHTML, like Gecko) Chrome/74.0.3729.169 Safari/537.36"
[2019-06-13T21:36:27.264] [WARN] http - ::1 - - "GET /api/v1/items/getUser HTTP/1.1" 304 - "http://localhost:4200/leidos" "Mozilla/5.0 (Macintosh; Intel Mac OS X 10_14_5) AppleWebKit/537.36 (KHTML, like Gecko) Chrome/74.0.3729.169 Safari/537.36"
[2019-06-13T21:36:27.289] [WARN] http - ::1 - - "GET /api/v1/items/takeAllReadedBooks HTTP/1.1" 304 - "http://localhost:4200/leidos" "Mozilla/5.0 (Macintosh; Intel Mac OS X 10_14_5) AppleWebKit/537.36 (KHTML, like Gecko) Chrome/74.0.3729.169 Safari/537.36"
[2019-06-13T21:36:27.292] [INFO] http - ::1 - - "GET /api/v1/items/takeAllFavsBooks HTTP/1.1" 200 5832 "http://localhost:4200/leidos" "Mozilla/5.0 (Macintosh; Intel Mac OS X 10_14_5) AppleWebKit/537.36 (KHTML, like Gecko) Chrome/74.0.3729.169 Safari/537.36"
[2019-06-13T21:36:32.480] [WARN] http - ::1 - - "GET /api/v1/items/addFavorito/51 HTTP/1.1" 304 - "http://localhost:4200/leidos" "Mozilla/5.0 (Macintosh; Intel Mac OS X 10_14_5) AppleWebKit/537.36 (KHTML, like Gecko) Chrome/74.0.3729.169 Safari/537.36"
[2019-06-13T21:36:34.856] [WARN] http - ::1 - - "GET /api/v1/items/checkToken HTTP/1.1" 304 - "http://localhost:4200/libro-detalle-leido/17" "Mozilla/5.0 (Macintosh; Intel Mac OS X 10_14_5) AppleWebKit/537.36 (KHTML, like Gecko) Chrome/74.0.3729.169 Safari/537.36"
[2019-06-13T21:36:34.874] [WARN] http - ::1 - - "GET /api/v1/items/getUser HTTP/1.1" 304 - "http://localhost:4200/libro-detalle-leido/17" "Mozilla/5.0 (Macintosh; Intel Mac OS X 10_14_5) AppleWebKit/537.36 (KHTML, like Gecko) Chrome/74.0.3729.169 Safari/537.36"
[2019-06-13T21:36:34.881] [INFO] http - ::1 - - "GET /api/v1/items/takeAllFavsBooks HTTP/1.1" 200 6576 "http://localhost:4200/libro-detalle-leido/17" "Mozilla/5.0 (Macintosh; Intel Mac OS X 10_14_5) AppleWebKit/537.36 (KHTML, like Gecko) Chrome/74.0.3729.169 Safari/537.36"
[2019-06-13T21:36:34.884] [WARN] http - ::1 - - "GET /api/v1/items/takeAllReadedBooks HTTP/1.1" 304 - "http://localhost:4200/libro-detalle-leido/17" "Mozilla/5.0 (Macintosh; Intel Mac OS X 10_14_5) AppleWebKit/537.36 (KHTML, like Gecko) Chrome/74.0.3729.169 Safari/537.36"
[2019-06-13T21:36:37.930] [WARN] http - ::1 - - "GET /api/v1/items/borrarFavorito/51 HTTP/1.1" 304 - "http://localhost:4200/libro-detalle-leido/17" "Mozilla/5.0 (Macintosh; Intel Mac OS X 10_14_5) AppleWebKit/537.36 (KHTML, like Gecko) Chrome/74.0.3729.169 Safari/537.36"
[2019-06-13T21:36:49.980] [INFO] http - ::1 - - "POST /api/v1/items/modificarComentariosLibroLeido HTTP/1.1" 200 168 "http://localhost:4200/libro-detalle-leido/17" "Mozilla/5.0 (Macintosh; Intel Mac OS X 10_14_5) AppleWebKit/537.36 (KHTML, like Gecko) Chrome/74.0.3729.169 Safari/537.36"
[2019-06-13T21:36:55.248] [INFO] http - ::1 - - "POST /api/v1/items/modificarNotaLibroLeido HTTP/1.1" 200 168 "http://localhost:4200/libro-detalle-leido/17" "Mozilla/5.0 (Macintosh; Intel Mac OS X 10_14_5) AppleWebKit/537.36 (KHTML, like Gecko) Chrome/74.0.3729.169 Safari/537.36"
[2019-06-13T21:36:57.987] [INFO] http - ::1 - - "GET /api/v1/items/addFavorito/51 HTTP/1.1" 200 788 "http://localhost:4200/libro-detalle-leido/17" "Mozilla/5.0 (Macintosh; Intel Mac OS X 10_14_5) AppleWebKit/537.36 (KHTML, like Gecko) Chrome/74.0.3729.169 Safari/537.36"
[2019-06-13T21:37:00.073] [WARN] http - ::1 - - "GET /api/v1/items/checkToken HTTP/1.1" 304 - "http://localhost:4200/leidos" "Mozilla/5.0 (Macintosh; Intel Mac OS X 10_14_5) AppleWebKit/537.36 (KHTML, like Gecko) Chrome/74.0.3729.169 Safari/537.36"
[2019-06-13T21:37:00.090] [WARN] http - ::1 - - "GET /api/v1/items/getUser HTTP/1.1" 304 - "http://localhost:4200/leidos" "Mozilla/5.0 (Macintosh; Intel Mac OS X 10_14_5) AppleWebKit/537.36 (KHTML, like Gecko) Chrome/74.0.3729.169 Safari/537.36"
[2019-06-13T21:37:00.094] [INFO] http - ::1 - - "GET /api/v1/items/takeAllReadedBooks HTTP/1.1" 200 19678 "http://localhost:4200/leidos" "Mozilla/5.0 (Macintosh; Intel Mac OS X 10_14_5) AppleWebKit/537.36 (KHTML, like Gecko) Chrome/74.0.3729.169 Safari/537.36"
[2019-06-13T21:37:00.099] [INFO] http - ::1 - - "GET /api/v1/items/takeAllFavsBooks HTTP/1.1" 200 6596 "http://localhost:4200/leidos" "Mozilla/5.0 (Macintosh; Intel Mac OS X 10_14_5) AppleWebKit/537.36 (KHTML, like Gecko) Chrome/74.0.3729.169 Safari/537.36"
[2019-06-13T21:37:06.179] [INFO] http - ::1 - - "GET /api/v1/items/borrarLeido/20 HTTP/1.1" 200 127 "http://localhost:4200/leidos" "Mozilla/5.0 (Macintosh; Intel Mac OS X 10_14_5) AppleWebKit/537.36 (KHTML, like Gecko) Chrome/74.0.3729.169 Safari/537.36"
[2019-06-13T21:37:11.449] [WARN] http - ::1 - - "GET /api/v1/items/checkToken HTTP/1.1" 304 - "http://localhost:4200/libro-detalle-leido/28" "Mozilla/5.0 (Macintosh; Intel Mac OS X 10_14_5) AppleWebKit/537.36 (KHTML, like Gecko) Chrome/74.0.3729.169 Safari/537.36"
[2019-06-13T21:37:11.469] [WARN] http - ::1 - - "GET /api/v1/items/getUser HTTP/1.1" 304 - "http://localhost:4200/libro-detalle-leido/28" "Mozilla/5.0 (Macintosh; Intel Mac OS X 10_14_5) AppleWebKit/537.36 (KHTML, like Gecko) Chrome/74.0.3729.169 Safari/537.36"
[2019-06-13T21:37:11.477] [INFO] http - ::1 - - "GET /api/v1/items/takeAllReadedBooks HTTP/1.1" 200 18304 "http://localhost:4200/libro-detalle-leido/28" "Mozilla/5.0 (Macintosh; Intel Mac OS X 10_14_5) AppleWebKit/537.36 (KHTML, like Gecko) Chrome/74.0.3729.169 Safari/537.36"
[2019-06-13T21:37:11.482] [INFO] http - ::1 - - "GET /api/v1/items/takeAllFavsBooks HTTP/1.1" 200 5206 "http://localhost:4200/libro-detalle-leido/28" "Mozilla/5.0 (Macintosh; Intel Mac OS X 10_14_5) AppleWebKit/537.36 (KHTML, like Gecko) Chrome/74.0.3729.169 Safari/537.36"
[2019-06-13T21:37:15.145] [INFO] http - ::1 - - "GET /api/v1/items/borrarLeido/28 HTTP/1.1" 200 127 "http://localhost:4200/libro-detalle-leido/28" "Mozilla/5.0 (Macintosh; Intel Mac OS X 10_14_5) AppleWebKit/537.36 (KHTML, like Gecko) Chrome/74.0.3729.169 Safari/537.36"
[2019-06-13T21:37:15.160] [WARN] http - ::1 - - "GET /api/v1/items/checkToken HTTP/1.1" 304 - "http://localhost:4200/leidos" "Mozilla/5.0 (Macintosh; Intel Mac OS X 10_14_5) AppleWebKit/537.36 (KHTML, like Gecko) Chrome/74.0.3729.169 Safari/537.36"
[2019-06-13T21:37:15.184] [WARN] http - ::1 - - "GET /api/v1/items/getUser HTTP/1.1" 304 - "http://localhost:4200/leidos" "Mozilla/5.0 (Macintosh; Intel Mac OS X 10_14_5) AppleWebKit/537.36 (KHTML, like Gecko) Chrome/74.0.3729.169 Safari/537.36"
[2019-06-13T21:37:15.189] [INFO] http - ::1 - - "GET /api/v1/items/takeAllReadedBooks HTTP/1.1" 200 17263 "http://localhost:4200/leidos" "Mozilla/5.0 (Macintosh; Intel Mac OS X 10_14_5) AppleWebKit/537.36 (KHTML, like Gecko) Chrome/74.0.3729.169 Safari/537.36"
[2019-06-13T21:37:15.198] [WARN] http - ::1 - - "GET /api/v1/items/takeAllFavsBooks HTTP/1.1" 304 - "http://localhost:4200/leidos" "Mozilla/5.0 (Macintosh; Intel Mac OS X 10_14_5) AppleWebKit/537.36 (KHTML, like Gecko) Chrome/74.0.3729.169 Safari/537.36"
[2019-06-13T21:37:19.137] [WARN] http - ::1 - - "GET /api/v1/items/checkToken HTTP/1.1" 304 - "http://localhost:4200/perfil" "Mozilla/5.0 (Macintosh; Intel Mac OS X 10_14_5) AppleWebKit/537.36 (KHTML, like Gecko) Chrome/74.0.3729.169 Safari/537.36"
[2019-06-13T21:37:19.154] [WARN] http - ::1 - - "GET /api/v1/items/getUser HTTP/1.1" 304 - "http://localhost:4200/perfil" "Mozilla/5.0 (Macintosh; Intel Mac OS X 10_14_5) AppleWebKit/537.36 (KHTML, like Gecko) Chrome/74.0.3729.169 Safari/537.36"
[2019-06-13T21:37:24.239] [WARN] http - ::1 - - "GET /api/v1/items/checkToken HTTP/1.1" 304 - "http://localhost:4200/leidos" "Mozilla/5.0 (Macintosh; Intel Mac OS X 10_14_5) AppleWebKit/537.36 (KHTML, like Gecko) Chrome/74.0.3729.169 Safari/537.36"
[2019-06-13T21:37:24.248] [WARN] http - ::1 - - "GET /api/v1/items/getUser HTTP/1.1" 304 - "http://localhost:4200/leidos" "Mozilla/5.0 (Macintosh; Intel Mac OS X 10_14_5) AppleWebKit/537.36 (KHTML, like Gecko) Chrome/74.0.3729.169 Safari/537.36"
[2019-06-13T21:37:24.258] [WARN] http - ::1 - - "GET /api/v1/items/takeAllReadedBooks HTTP/1.1" 304 - "http://localhost:4200/leidos" "Mozilla/5.0 (Macintosh; Intel Mac OS X 10_14_5) AppleWebKit/537.36 (KHTML, like Gecko) Chrome/74.0.3729.169 Safari/537.36"
[2019-06-13T21:37:24.260] [WARN] http - ::1 - - "GET /api/v1/items/takeAllFavsBooks HTTP/1.1" 304 - "http://localhost:4200/leidos" "Mozilla/5.0 (Macintosh; Intel Mac OS X 10_14_5) AppleWebKit/537.36 (KHTML, like Gecko) Chrome/74.0.3729.169 Safari/537.36"
[2019-06-13T21:37:25.163] [WARN] http - ::1 - - "GET /api/v1/items/checkToken HTTP/1.1" 304 - "http://localhost:4200/perfil" "Mozilla/5.0 (Macintosh; Intel Mac OS X 10_14_5) AppleWebKit/537.36 (KHTML, like Gecko) Chrome/74.0.3729.169 Safari/537.36"
[2019-06-13T21:37:25.173] [WARN] http - ::1 - - "GET /api/v1/items/getUser HTTP/1.1" 304 - "http://localhost:4200/perfil" "Mozilla/5.0 (Macintosh; Intel Mac OS X 10_14_5) AppleWebKit/537.36 (KHTML, like Gecko) Chrome/74.0.3729.169 Safari/537.36"
[2019-06-13T21:37:28.062] [WARN] http - ::1 - - "GET /api/v1/items/checkToken HTTP/1.1" 304 - "http://localhost:4200/favoritos" "Mozilla/5.0 (Macintosh; Intel Mac OS X 10_14_5) AppleWebKit/537.36 (KHTML, like Gecko) Chrome/74.0.3729.169 Safari/537.36"
[2019-06-13T21:37:28.077] [WARN] http - ::1 - - "GET /api/v1/items/getUser HTTP/1.1" 304 - "http://localhost:4200/favoritos" "Mozilla/5.0 (Macintosh; Intel Mac OS X 10_14_5) AppleWebKit/537.36 (KHTML, like Gecko) Chrome/74.0.3729.169 Safari/537.36"
[2019-06-13T21:37:28.087] [WARN] http - ::1 - - "GET /api/v1/items/takeAllReadedBooks HTTP/1.1" 304 - "http://localhost:4200/favoritos" "Mozilla/5.0 (Macintosh; Intel Mac OS X 10_14_5) AppleWebKit/537.36 (KHTML, like Gecko) Chrome/74.0.3729.169 Safari/537.36"
[2019-06-13T21:37:28.095] [WARN] http - ::1 - - "GET /api/v1/items/takeAllFavsBooks HTTP/1.1" 304 - "http://localhost:4200/favoritos" "Mozilla/5.0 (Macintosh; Intel Mac OS X 10_14_5) AppleWebKit/537.36 (KHTML, like Gecko) Chrome/74.0.3729.169 Safari/537.36"
[2019-06-13T21:37:33.281] [INFO] http - ::1 - - "GET /api/v1/items/borrarFavorito/55 HTTP/1.1" 200 127 "http://localhost:4200/favoritos" "Mozilla/5.0 (Macintosh; Intel Mac OS X 10_14_5) AppleWebKit/537.36 (KHTML, like Gecko) Chrome/74.0.3729.169 Safari/537.36"
[2019-06-13T21:37:41.293] [INFO] http - ::1 - - "GET /api/v1/items/borrarLeido/17 HTTP/1.1" 200 127 "http://localhost:4200/favoritos" "Mozilla/5.0 (Macintosh; Intel Mac OS X 10_14_5) AppleWebKit/537.36 (KHTML, like Gecko) Chrome/74.0.3729.169 Safari/537.36"
[2019-06-13T21:37:49.114] [WARN] http - ::1 - - "GET /api/v1/items/checkToken HTTP/1.1" 304 - "http://localhost:4200/libro-detalle-leido/10" "Mozilla/5.0 (Macintosh; Intel Mac OS X 10_14_5) AppleWebKit/537.36 (KHTML, like Gecko) Chrome/74.0.3729.169 Safari/537.36"
[2019-06-13T21:37:49.128] [WARN] http - ::1 - - "GET /api/v1/items/getUser HTTP/1.1" 304 - "http://localhost:4200/libro-detalle-leido/10" "Mozilla/5.0 (Macintosh; Intel Mac OS X 10_14_5) AppleWebKit/537.36 (KHTML, like Gecko) Chrome/74.0.3729.169 Safari/537.36"
[2019-06-13T21:37:49.133] [INFO] http - ::1 - - "GET /api/v1/items/takeAllFavsBooks HTTP/1.1" 200 2996 "http://localhost:4200/libro-detalle-leido/10" "Mozilla/5.0 (Macintosh; Intel Mac OS X 10_14_5) AppleWebKit/537.36 (KHTML, like Gecko) Chrome/74.0.3729.169 Safari/537.36"
[2019-06-13T21:37:49.138] [INFO] http - ::1 - - "GET /api/v1/items/takeAllReadedBooks HTTP/1.1" 200 16515 "http://localhost:4200/libro-detalle-leido/10" "Mozilla/5.0 (Macintosh; Intel Mac OS X 10_14_5) AppleWebKit/537.36 (KHTML, like Gecko) Chrome/74.0.3729.169 Safari/537.36"
[2019-06-13T21:37:52.580] [WARN] http - ::1 - - "GET /api/v1/items/checkToken HTTP/1.1" 304 - "http://localhost:4200/favoritos" "Mozilla/5.0 (Macintosh; Intel Mac OS X 10_14_5) AppleWebKit/537.36 (KHTML, like Gecko) Chrome/74.0.3729.169 Safari/537.36"
[2019-06-13T21:37:52.600] [WARN] http - ::1 - - "GET /api/v1/items/getUser HTTP/1.1" 304 - "http://localhost:4200/favoritos" "Mozilla/5.0 (Macintosh; Intel Mac OS X 10_14_5) AppleWebKit/537.36 (KHTML, like Gecko) Chrome/74.0.3729.169 Safari/537.36"
[2019-06-13T21:37:52.609] [WARN] http - ::1 - - "GET /api/v1/items/takeAllReadedBooks HTTP/1.1" 304 - "http://localhost:4200/favoritos" "Mozilla/5.0 (Macintosh; Intel Mac OS X 10_14_5) AppleWebKit/537.36 (KHTML, like Gecko) Chrome/74.0.3729.169 Safari/537.36"
[2019-06-13T21:37:52.612] [WARN] http - ::1 - - "GET /api/v1/items/takeAllFavsBooks HTTP/1.1" 304 - "http://localhost:4200/favoritos" "Mozilla/5.0 (Macintosh; Intel Mac OS X 10_14_5) AppleWebKit/537.36 (KHTML, like Gecko) Chrome/74.0.3729.169 Safari/537.36"
[2019-06-13T21:37:54.589] [WARN] http - ::1 - - "GET /api/v1/items/checkToken HTTP/1.1" 304 - "http://localhost:4200/listaUsuarios" "Mozilla/5.0 (Macintosh; Intel Mac OS X 10_14_5) AppleWebKit/537.36 (KHTML, like Gecko) Chrome/74.0.3729.169 Safari/537.36"
[2019-06-13T21:37:54.600] [WARN] http - ::1 - - "GET /api/v1/items/getUser HTTP/1.1" 304 - "http://localhost:4200/listaUsuarios" "Mozilla/5.0 (Macintosh; Intel Mac OS X 10_14_5) AppleWebKit/537.36 (KHTML, like Gecko) Chrome/74.0.3729.169 Safari/537.36"
[2019-06-13T21:37:54.601] [WARN] http - ::1 - - "GET /api/v1/items/allUsers HTTP/1.1" 304 - "http://localhost:4200/listaUsuarios" "Mozilla/5.0 (Macintosh; Intel Mac OS X 10_14_5) AppleWebKit/537.36 (KHTML, like Gecko) Chrome/74.0.3729.169 Safari/537.36"
[2019-06-13T21:38:59.137] [WARN] http - ::1 - - "GET /api/v1/items/checkToken HTTP/1.1" 304 - "http://localhost:4200/perfil" "Mozilla/5.0 (Macintosh; Intel Mac OS X 10_14_5) AppleWebKit/537.36 (KHTML, like Gecko) Chrome/74.0.3729.169 Safari/537.36"
[2019-06-13T21:38:59.165] [WARN] http - ::1 - - "GET /api/v1/items/getUser HTTP/1.1" 304 - "http://localhost:4200/perfil" "Mozilla/5.0 (Macintosh; Intel Mac OS X 10_14_5) AppleWebKit/537.36 (KHTML, like Gecko) Chrome/74.0.3729.169 Safari/537.36"
[2019-06-13T21:39:03.213] [WARN] http - ::1 - - "GET /api/v1/items/checkToken HTTP/1.1" 304 - "http://localhost:4200/editarPerfil" "Mozilla/5.0 (Macintosh; Intel Mac OS X 10_14_5) AppleWebKit/537.36 (KHTML, like Gecko) Chrome/74.0.3729.169 Safari/537.36"
[2019-06-13T21:39:03.220] [WARN] http - ::1 - - "GET /api/v1/items/getUser HTTP/1.1" 304 - "http://localhost:4200/editarPerfil" "Mozilla/5.0 (Macintosh; Intel Mac OS X 10_14_5) AppleWebKit/537.36 (KHTML, like Gecko) Chrome/74.0.3729.169 Safari/537.36"
[2019-06-13T21:39:03.225] [WARN] http - ::1 - - "GET /api/v1/items/getUser HTTP/1.1" 304 - "http://localhost:4200/editarPerfil" "Mozilla/5.0 (Macintosh; Intel Mac OS X 10_14_5) AppleWebKit/537.36 (KHTML, like Gecko) Chrome/74.0.3729.169 Safari/537.36"
[2019-06-13T21:39:16.940] [INFO] http - ::1 - - "POST /api/v1/items/updateUser HTTP/1.1" 200 168 "http://localhost:4200/editarPerfil" "Mozilla/5.0 (Macintosh; Intel Mac OS X 10_14_5) AppleWebKit/537.36 (KHTML, like Gecko) Chrome/74.0.3729.169 Safari/537.36"
[2019-06-13T21:39:45.500] [INFO] http - ::1 - - "GET /api/v1/items/searchEmail/tere@emai HTTP/1.1" 200 2 "http://localhost:4200/registro" "Mozilla/5.0 (Macintosh; Intel Mac OS X 10_14_5) AppleWebKit/537.36 (KHTML, like Gecko) Chrome/74.0.3729.169 Safari/537.36"
[2019-06-13T21:39:45.612] [INFO] http - ::1 - - "GET /api/v1/items/searchEmail/tere@email HTTP/1.1" 200 2 "http://localhost:4200/registro" "Mozilla/5.0 (Macintosh; Intel Mac OS X 10_14_5) AppleWebKit/537.36 (KHTML, like Gecko) Chrome/74.0.3729.169 Safari/537.36"
[2019-06-13T21:39:46.234] [INFO] http - ::1 - - "GET /api/v1/items/searchEmail/tere@email.co HTTP/1.1" 200 2 "http://localhost:4200/registro" "Mozilla/5.0 (Macintosh; Intel Mac OS X 10_14_5) AppleWebKit/537.36 (KHTML, like Gecko) Chrome/74.0.3729.169 Safari/537.36"
[2019-06-13T21:39:46.374] [INFO] http - ::1 - - "GET /api/v1/items/searchEmail/tere@email.com HTTP/1.1" 200 2 "http://localhost:4200/registro" "Mozilla/5.0 (Macintosh; Intel Mac OS X 10_14_5) AppleWebKit/537.36 (KHTML, like Gecko) Chrome/74.0.3729.169 Safari/537.36"
[2019-06-13T21:39:52.986] [INFO] http - ::1 - - "GET /api/v1/items/searchUser/tere HTTP/1.1" 200 2 "http://localhost:4200/registro" "Mozilla/5.0 (Macintosh; Intel Mac OS X 10_14_5) AppleWebKit/537.36 (KHTML, like Gecko) Chrome/74.0.3729.169 Safari/537.36"
[2019-06-13T21:39:56.600] [INFO] http - ::1 - - "POST /api/v1/items/newUser HTTP/1.1" 200 127 "http://localhost:4200/registro" "Mozilla/5.0 (Macintosh; Intel Mac OS X 10_14_5) AppleWebKit/537.36 (KHTML, like Gecko) Chrome/74.0.3729.169 Safari/537.36"
[2019-06-13T21:40:03.376] [INFO] http - ::1 - - "POST /api/v1/items/checkUser HTTP/1.1" 200 230 "http://localhost:4200/home" "Mozilla/5.0 (Macintosh; Intel Mac OS X 10_14_5) AppleWebKit/537.36 (KHTML, like Gecko) Chrome/74.0.3729.169 Safari/537.36"
[2019-06-13T21:40:05.406] [WARN] http - ::1 - - "GET /api/v1/items/checkToken HTTP/1.1" 304 - "http://localhost:4200/inicio" "Mozilla/5.0 (Macintosh; Intel Mac OS X 10_14_5) AppleWebKit/537.36 (KHTML, like Gecko) Chrome/74.0.3729.169 Safari/537.36"
[2019-06-13T21:40:05.515] [INFO] http - ::1 - - "GET /api/v1/items/getUser HTTP/1.1" 200 165 "http://localhost:4200/inicio" "Mozilla/5.0 (Macintosh; Intel Mac OS X 10_14_5) AppleWebKit/537.36 (KHTML, like Gecko) Chrome/74.0.3729.169 Safari/537.36"
[2019-06-13T21:40:08.522] [WARN] http - ::1 - - "GET /api/v1/items/checkToken HTTP/1.1" 304 - "http://localhost:4200/perfil" "Mozilla/5.0 (Macintosh; Intel Mac OS X 10_14_5) AppleWebKit/537.36 (KHTML, like Gecko) Chrome/74.0.3729.169 Safari/537.36"
[2019-06-13T21:40:08.534] [WARN] http - ::1 - - "GET /api/v1/items/getUser HTTP/1.1" 304 - "http://localhost:4200/perfil" "Mozilla/5.0 (Macintosh; Intel Mac OS X 10_14_5) AppleWebKit/537.36 (KHTML, like Gecko) Chrome/74.0.3729.169 Safari/537.36"
[2019-06-13T21:40:10.897] [WARN] http - ::1 - - "GET /api/v1/items/checkToken HTTP/1.1" 304 - "http://localhost:4200/leidos" "Mozilla/5.0 (Macintosh; Intel Mac OS X 10_14_5) AppleWebKit/537.36 (KHTML, like Gecko) Chrome/74.0.3729.169 Safari/537.36"
[2019-06-13T21:40:10.915] [WARN] http - ::1 - - "GET /api/v1/items/getUser HTTP/1.1" 304 - "http://localhost:4200/leidos" "Mozilla/5.0 (Macintosh; Intel Mac OS X 10_14_5) AppleWebKit/537.36 (KHTML, like Gecko) Chrome/74.0.3729.169 Safari/537.36"
[2019-06-13T21:40:10.920] [INFO] http - ::1 - - "GET /api/v1/items/takeAllReadedBooks HTTP/1.1" 200 2 "http://localhost:4200/leidos" "Mozilla/5.0 (Macintosh; Intel Mac OS X 10_14_5) AppleWebKit/537.36 (KHTML, like Gecko) Chrome/74.0.3729.169 Safari/537.36"
[2019-06-13T21:40:10.922] [INFO] http - ::1 - - "GET /api/v1/items/takeAllFavsBooks HTTP/1.1" 200 2 "http://localhost:4200/leidos" "Mozilla/5.0 (Macintosh; Intel Mac OS X 10_14_5) AppleWebKit/537.36 (KHTML, like Gecko) Chrome/74.0.3729.169 Safari/537.36"
[2019-06-13T21:40:12.692] [WARN] http - ::1 - - "GET /api/v1/items/checkToken HTTP/1.1" 304 - "http://localhost:4200/perfil" "Mozilla/5.0 (Macintosh; Intel Mac OS X 10_14_5) AppleWebKit/537.36 (KHTML, like Gecko) Chrome/74.0.3729.169 Safari/537.36"
[2019-06-13T21:40:12.697] [WARN] http - ::1 - - "GET /api/v1/items/getUser HTTP/1.1" 304 - "http://localhost:4200/perfil" "Mozilla/5.0 (Macintosh; Intel Mac OS X 10_14_5) AppleWebKit/537.36 (KHTML, like Gecko) Chrome/74.0.3729.169 Safari/537.36"
[2019-06-13T21:40:14.390] [WARN] http - ::1 - - "GET /api/v1/items/checkToken HTTP/1.1" 304 - "http://localhost:4200/favoritos" "Mozilla/5.0 (Macintosh; Intel Mac OS X 10_14_5) AppleWebKit/537.36 (KHTML, like Gecko) Chrome/74.0.3729.169 Safari/537.36"
[2019-06-13T21:40:14.406] [WARN] http - ::1 - - "GET /api/v1/items/getUser HTTP/1.1" 304 - "http://localhost:4200/favoritos" "Mozilla/5.0 (Macintosh; Intel Mac OS X 10_14_5) AppleWebKit/537.36 (KHTML, like Gecko) Chrome/74.0.3729.169 Safari/537.36"
[2019-06-13T21:40:14.413] [WARN] http - ::1 - - "GET /api/v1/items/takeAllReadedBooks HTTP/1.1" 304 - "http://localhost:4200/favoritos" "Mozilla/5.0 (Macintosh; Intel Mac OS X 10_14_5) AppleWebKit/537.36 (KHTML, like Gecko) Chrome/74.0.3729.169 Safari/537.36"
[2019-06-13T21:40:14.415] [WARN] http - ::1 - - "GET /api/v1/items/takeAllFavsBooks HTTP/1.1" 304 - "http://localhost:4200/favoritos" "Mozilla/5.0 (Macintosh; Intel Mac OS X 10_14_5) AppleWebKit/537.36 (KHTML, like Gecko) Chrome/74.0.3729.169 Safari/537.36"
[2019-06-13T21:40:15.812] [WARN] http - ::1 - - "GET /api/v1/items/checkToken HTTP/1.1" 304 - "http://localhost:4200/leidos" "Mozilla/5.0 (Macintosh; Intel Mac OS X 10_14_5) AppleWebKit/537.36 (KHTML, like Gecko) Chrome/74.0.3729.169 Safari/537.36"
[2019-06-13T21:40:15.831] [WARN] http - ::1 - - "GET /api/v1/items/getUser HTTP/1.1" 304 - "http://localhost:4200/leidos" "Mozilla/5.0 (Macintosh; Intel Mac OS X 10_14_5) AppleWebKit/537.36 (KHTML, like Gecko) Chrome/74.0.3729.169 Safari/537.36"
[2019-06-13T21:40:15.839] [WARN] http - ::1 - - "GET /api/v1/items/takeAllReadedBooks HTTP/1.1" 304 - "http://localhost:4200/leidos" "Mozilla/5.0 (Macintosh; Intel Mac OS X 10_14_5) AppleWebKit/537.36 (KHTML, like Gecko) Chrome/74.0.3729.169 Safari/537.36"
[2019-06-13T21:40:15.843] [WARN] http - ::1 - - "GET /api/v1/items/takeAllFavsBooks HTTP/1.1" 304 - "http://localhost:4200/leidos" "Mozilla/5.0 (Macintosh; Intel Mac OS X 10_14_5) AppleWebKit/537.36 (KHTML, like Gecko) Chrome/74.0.3729.169 Safari/537.36"
