[2019-01-15T08:21:47.814] [ERROR] http - ::1 - - "GET /favicon.ico HTTP/1.1" 404 150 "http://localhost:3000/" "Mozilla/5.0 (Windows NT 6.1; Win64; x64) AppleWebKit/537.36 (KHTML, like Gecko) Chrome/71.0.3578.98 Safari/537.36"
[2019-01-15T10:53:27.472] [ERROR] http - ::1 - - "GET /api/v1/items/01%2F01%2F2018,12%2F01%2F2018,eci00050,0503813,3,qqq HTTP/1.1" 500 336 "http://localhost:3000/api/v1/docs/" "Mozilla/5.0 (Windows NT 6.1; Win64; x64) AppleWebKit/537.36 (KHTML, like Gecko) Chrome/71.0.3578.98 Safari/537.36"
[2019-01-15T11:12:05.278] [ERROR] http - ::1 - - "GET /api/v1/items/01%2F01%2F2018,31%2F12%2F2018,eci00050,0503813,3,hola HTTP/1.1" 500 336 "http://localhost:3000/api/v1/docs/" "Mozilla/5.0 (Windows NT 6.1; Win64; x64) AppleWebKit/537.36 (KHTML, like Gecko) Chrome/71.0.3578.98 Safari/537.36"
[2019-01-15T11:37:35.185] [ERROR] http - ::1 - - "POST /api/v1/items/InsertBBDD HTTP/1.1" 400 967 "http://localhost:3000/api/v1/docs/" "Mozilla/5.0 (Windows NT 6.1; Win64; x64) AppleWebKit/537.36 (KHTML, like Gecko) Chrome/71.0.3578.98 Safari/537.36"
[2019-01-15T11:49:10.722] [ERROR] http - ::1 - - "POST /api/v1/items/InsertBBDD HTTP/1.1" 400 967 "http://localhost:3000/api/v1/docs/" "Mozilla/5.0 (Windows NT 6.1; Win64; x64) AppleWebKit/537.36 (KHTML, like Gecko) Chrome/71.0.3578.98 Safari/537.36"
[2019-01-15T12:44:02.629] [ERROR] http - ::1 - - "GET /api/v1/items/getSearch?fDesde=01%2F01%2F2018&fHasta=31%2F12%2F2018 HTTP/1.1" 500 415 "http://localhost:3000/api/v1/docs/" "Mozilla/5.0 (Windows NT 6.1; Win64; x64) AppleWebKit/537.36 (KHTML, like Gecko) Chrome/71.0.3578.98 Safari/537.36"
[2019-01-22T11:38:03.386] [ERROR] http - ::1 - - "GET /favicon.ico HTTP/1.1" 404 150 "http://localhost:3000/" "Mozilla/5.0 (Windows NT 10.0; WOW64) AppleWebKit/537.36 (KHTML, like Gecko) Chrome/71.0.3578.98 Safari/537.36"
[2019-01-22T11:40:14.572] [ERROR] http - ::1 - - "GET /api/v1/items/hola HTTP/1.1" 500 301 "http://localhost:3000/api/v1/docs/" "Mozilla/5.0 (Windows NT 10.0; WOW64) AppleWebKit/537.36 (KHTML, like Gecko) Chrome/71.0.3578.98 Safari/537.36"
[2019-01-22T11:41:42.545] [ERROR] http - ::1 - - "GET /api/vi/docs HTTP/1.1" 404 150 "" "Mozilla/5.0 (Windows NT 10.0; WOW64) AppleWebKit/537.36 (KHTML, like Gecko) Chrome/71.0.3578.98 Safari/537.36"
[2019-01-23T09:30:09.317] [ERROR] http - ::1 - - "GET /favicon.ico HTTP/1.1" 404 150 "http://localhost:3000/" "Mozilla/5.0 (Windows NT 10.0; WOW64) AppleWebKit/537.36 (KHTML, like Gecko) Chrome/71.0.3578.98 Safari/537.36"
[2019-01-23T09:38:00.379] [ERROR] http - ::1 - - "GET /favicon.ico HTTP/1.1" 404 150 "http://localhost:3000/" "Mozilla/5.0 (Windows NT 10.0; WOW64) AppleWebKit/537.36 (KHTML, like Gecko) Chrome/71.0.3578.98 Safari/537.36"
[2019-01-23T10:25:01.712] [ERROR] http - ::1 - - "GET /api/vi/docs HTTP/1.1" 404 150 "" "Mozilla/5.0 (Windows NT 10.0; WOW64) AppleWebKit/537.36 (KHTML, like Gecko) Chrome/71.0.3578.98 Safari/537.36"
[2019-01-23T10:31:30.811] [ERROR] http - ::1 - - "GET /api/vi/docs HTTP/1.1" 404 150 "" "Mozilla/5.0 (Windows NT 10.0; WOW64) AppleWebKit/537.36 (KHTML, like Gecko) Chrome/71.0.3578.98 Safari/537.36"
[2019-01-23T10:31:31.614] [ERROR] http - ::1 - - "GET /api/vi/docs HTTP/1.1" 404 150 "" "Mozilla/5.0 (Windows NT 10.0; WOW64) AppleWebKit/537.36 (KHTML, like Gecko) Chrome/71.0.3578.98 Safari/537.36"
[2019-01-23T10:31:31.766] [ERROR] http - ::1 - - "GET /api/vi/docs HTTP/1.1" 404 150 "" "Mozilla/5.0 (Windows NT 10.0; WOW64) AppleWebKit/537.36 (KHTML, like Gecko) Chrome/71.0.3578.98 Safari/537.36"
[2019-01-23T10:31:31.925] [ERROR] http - ::1 - - "GET /api/vi/docs HTTP/1.1" 404 150 "" "Mozilla/5.0 (Windows NT 10.0; WOW64) AppleWebKit/537.36 (KHTML, like Gecko) Chrome/71.0.3578.98 Safari/537.36"
[2019-01-23T11:48:47.887] [ERROR] http - ::1 - - "GET /favicon.ico HTTP/1.1" 404 150 "http://localhost:3000/" "Mozilla/5.0 (Windows NT 10.0; WOW64) AppleWebKit/537.36 (KHTML, like Gecko) Chrome/71.0.3578.98 Safari/537.36"
[2019-01-23T11:49:10.426] [ERROR] http - ::1 - - "GET /api/v1/items/1 HTTP/1.1" 500 1024 "http://localhost:3000/api/v1/docs/" "Mozilla/5.0 (Windows NT 10.0; WOW64) AppleWebKit/537.36 (KHTML, like Gecko) Chrome/71.0.3578.98 Safari/537.36"
[2019-01-23T11:56:41.434] [ERROR] http - ::1 - - "GET /api/v1/items/sergio HTTP/1.1" 500 1024 "http://localhost:3000/api/v1/docs/" "Mozilla/5.0 (Windows NT 10.0; WOW64) AppleWebKit/537.36 (KHTML, like Gecko) Chrome/71.0.3578.98 Safari/537.36"
[2019-01-23T12:54:00.935] [ERROR] http - ::1 - - "GET /api/vi/docs HTTP/1.1" 404 150 "" "Mozilla/5.0 (Windows NT 10.0; WOW64) AppleWebKit/537.36 (KHTML, like Gecko) Chrome/71.0.3578.98 Safari/537.36"
[2019-01-24T08:35:42.914] [ERROR] http - ::1 - - "GET /favicon.ico HTTP/1.1" 404 150 "http://localhost:3000/" "Mozilla/5.0 (Windows NT 10.0; WOW64) AppleWebKit/537.36 (KHTML, like Gecko) Chrome/71.0.3578.98 Safari/537.36"
[2019-01-24T13:20:15.589] [ERROR] http - ::1 - - "GET /api/v1/items/empleados?id=2 HTTP/1.1" 500 1024 "http://localhost:4200/" "Mozilla/5.0 (Windows NT 10.0; WOW64) AppleWebKit/537.36 (KHTML, like Gecko) Chrome/71.0.3578.98 Safari/537.36"
[2019-01-24T13:20:51.081] [ERROR] http - ::1 - - "GET /api/v1/items/empleados?id=2 HTTP/1.1" 500 1024 "" "Mozilla/5.0 (Windows NT 10.0; WOW64) AppleWebKit/537.36 (KHTML, like Gecko) Chrome/71.0.3578.98 Safari/537.36"
[2019-01-24T13:40:06.251] [ERROR] http - ::1 - - "GET /api/v1/items/empleados?id=3 HTTP/1.1" 500 1025 "http://localhost:4200/" "Mozilla/5.0 (Windows NT 10.0; WOW64) AppleWebKit/537.36 (KHTML, like Gecko) Chrome/71.0.3578.98 Safari/537.36"
[2019-01-24T13:40:40.490] [ERROR] http - ::1 - - "GET /api/v1/items/empleados?id=3 HTTP/1.1" 500 1025 "" "Mozilla/5.0 (Windows NT 10.0; WOW64) AppleWebKit/537.36 (KHTML, like Gecko) Chrome/71.0.3578.98 Safari/537.36"
[2019-01-24T14:18:43.075] [ERROR] http - ::1 - - "GET /api/v1/items/empleados?id=3 HTTP/1.1" 500 1060 "" "Mozilla/5.0 (Windows NT 10.0; WOW64) AppleWebKit/537.36 (KHTML, like Gecko) Chrome/71.0.3578.98 Safari/537.36"
[2019-01-24T14:20:55.677] [ERROR] http - ::1 - - "GET /api/v1/items/empleados?id=1 HTTP/1.1" 500 1060 "" "Mozilla/5.0 (Windows NT 10.0; WOW64) AppleWebKit/537.36 (KHTML, like Gecko) Chrome/71.0.3578.98 Safari/537.36"
[2019-01-24T14:24:33.901] [ERROR] http - ::1 - - "GET /api/v1/items/empleados?id=1 HTTP/1.1" 500 1060 "http://localhost:4200/" "Mozilla/5.0 (Windows NT 10.0; WOW64) AppleWebKit/537.36 (KHTML, like Gecko) Chrome/71.0.3578.98 Safari/537.36"
[2019-01-25T08:48:37.863] [ERROR] http - ::1 - - "GET /api/v1/items/empleados?id=1 HTTP/1.1" 500 1060 "" "Mozilla/5.0 (Windows NT 10.0; WOW64) AppleWebKit/537.36 (KHTML, like Gecko) Chrome/71.0.3578.98 Safari/537.36"
[2019-01-25T08:48:37.917] [ERROR] http - ::1 - - "GET /favicon.ico HTTP/1.1" 404 150 "http://localhost:3000/api/v1/items/empleados?id=1" "Mozilla/5.0 (Windows NT 10.0; WOW64) AppleWebKit/537.36 (KHTML, like Gecko) Chrome/71.0.3578.98 Safari/537.36"
[2019-01-25T08:53:00.320] [ERROR] http - ::1 - - "GET /api/v1/items/empleados?id=2 HTTP/1.1" 500 1249 "http://localhost:4200/" "Mozilla/5.0 (Windows NT 10.0; WOW64) AppleWebKit/537.36 (KHTML, like Gecko) Chrome/71.0.3578.98 Safari/537.36"
[2019-01-25T09:14:45.126] [ERROR] http - ::1 - - "GET /api/v1/items/empleados?id=3 HTTP/1.1" 500 1024 "http://localhost:4200/" "Mozilla/5.0 (Windows NT 10.0; WOW64) AppleWebKit/537.36 (KHTML, like Gecko) Chrome/71.0.3578.98 Safari/537.36"
[2019-01-25T09:17:17.272] [ERROR] http - ::1 - - "GET /api/v1/items/empleados?id=3 HTTP/1.1" 500 1061 "" "Mozilla/5.0 (Windows NT 10.0; WOW64) AppleWebKit/537.36 (KHTML, like Gecko) Chrome/71.0.3578.98 Safari/537.36"
[2019-01-25T09:48:07.774] [ERROR] http - ::1 - - "GET /favicon.ico HTTP/1.1" 404 150 "http://localhost:3000/api/v1/items/empleados?id=3" "Mozilla/5.0 (Windows NT 10.0; WOW64) AppleWebKit/537.36 (KHTML, like Gecko) Chrome/71.0.3578.98 Safari/537.36"
[2019-01-25T10:04:36.611] [ERROR] http - ::1 - - "GET /api/v1/items/empleados?id=4 HTTP/1.1" 500 1249 "http://localhost:4200/" "Mozilla/5.0 (Windows NT 10.0; WOW64) AppleWebKit/537.36 (KHTML, like Gecko) Chrome/71.0.3578.98 Safari/537.36"
[2019-01-25T10:08:16.376] [ERROR] http - ::1 - - "GET /api/v1/items/empleados?id=4 HTTP/1.1" 500 1249 "http://localhost:4200/" "Mozilla/5.0 (Windows NT 10.0; WOW64) AppleWebKit/537.36 (KHTML, like Gecko) Chrome/71.0.3578.98 Safari/537.36"
[2019-01-25T10:19:33.690] [ERROR] http - ::1 - - "GET /api/v1/items/empleados?id=3 HTTP/1.1" 500 1249 "http://localhost:4200/" "Mozilla/5.0 (Windows NT 10.0; WOW64) AppleWebKit/537.36 (KHTML, like Gecko) Chrome/71.0.3578.98 Safari/537.36"
[2019-01-25T10:21:30.289] [ERROR] http - ::1 - - "GET /api/v1/items/empleados?id=3 HTTP/1.1" 500 1249 "http://localhost:4200/" "Mozilla/5.0 (Windows NT 10.0; WOW64) AppleWebKit/537.36 (KHTML, like Gecko) Chrome/71.0.3578.98 Safari/537.36"
[2019-01-25T10:27:42.824] [ERROR] http - ::1 - - "GET /api/v1/items/empleados?id=3 HTTP/1.1" 400 142 "http://localhost:4200/" "Mozilla/5.0 (Windows NT 10.0; WOW64) AppleWebKit/537.36 (KHTML, like Gecko) Chrome/71.0.3578.98 Safari/537.36"
[2019-01-25T10:31:06.177] [ERROR] http - ::1 - - "GET /api/v1/items/empleados?id=3 HTTP/1.1" 400 142 "http://localhost:4200/" "Mozilla/5.0 (Windows NT 10.0; WOW64) AppleWebKit/537.36 (KHTML, like Gecko) Chrome/71.0.3578.98 Safari/537.36"
[2019-01-25T10:38:08.331] [ERROR] http - ::1 - - "GET /api/v1/items/empleados?id=1 HTTP/1.1" 400 142 "http://localhost:4200/" "Mozilla/5.0 (Windows NT 10.0; WOW64) AppleWebKit/537.36 (KHTML, like Gecko) Chrome/71.0.3578.98 Safari/537.36"
[2019-01-25T10:39:28.282] [ERROR] http - ::1 - - "GET /api/v1/items/empleados?id=1 HTTP/1.1" 404 161 "http://localhost:4200/" "Mozilla/5.0 (Windows NT 10.0; WOW64) AppleWebKit/537.36 (KHTML, like Gecko) Chrome/71.0.3578.98 Safari/537.36"
[2019-01-25T10:41:17.418] [ERROR] http - ::1 - - "GET /api/v1/items/empleados?id=1 HTTP/1.1" 404 161 "http://localhost:4200/" "Mozilla/5.0 (Windows NT 10.0; WOW64) AppleWebKit/537.36 (KHTML, like Gecko) Chrome/71.0.3578.98 Safari/537.36"
[2019-01-25T10:42:59.334] [ERROR] http - ::1 - - "GET /api/v1/items/empleados?id=1 HTTP/1.1" 404 161 "http://localhost:4200/" "Mozilla/5.0 (Windows NT 10.0; WOW64) AppleWebKit/537.36 (KHTML, like Gecko) Chrome/71.0.3578.98 Safari/537.36"
[2019-01-25T10:43:21.282] [ERROR] http - ::1 - - "GET /api/v1/items/empleados?id=1 HTTP/1.1" 404 161 "http://localhost:4200/" "Mozilla/5.0 (Windows NT 10.0; WOW64) AppleWebKit/537.36 (KHTML, like Gecko) Chrome/71.0.3578.98 Safari/537.36"
[2019-01-25T10:43:47.864] [ERROR] http - ::1 - - "GET /api/v1/items/empleados?id=1 HTTP/1.1" 500 1249 "http://localhost:4200/" "Mozilla/5.0 (Windows NT 10.0; WOW64) AppleWebKit/537.36 (KHTML, like Gecko) Chrome/71.0.3578.98 Safari/537.36"
[2019-01-25T10:49:06.403] [ERROR] http - ::1 - - "GET /api/v1/items/empleados?id=1 HTTP/1.1" 500 1249 "http://localhost:4200/" "Mozilla/5.0 (Windows NT 10.0; WOW64) AppleWebKit/537.36 (KHTML, like Gecko) Chrome/71.0.3578.98 Safari/537.36"
[2019-01-25T10:57:28.550] [ERROR] http - ::1 - - "GET /api/v1/items/empleados?id=1 HTTP/1.1" 500 1249 "http://localhost:4200/" "Mozilla/5.0 (Windows NT 10.0; WOW64) AppleWebKit/537.36 (KHTML, like Gecko) Chrome/71.0.3578.98 Safari/537.36"
[2019-01-25T11:02:36.536] [ERROR] http - ::1 - - "GET /api/v1/items/empleados?id=1 HTTP/1.1" 500 1249 "http://localhost:4200/" "Mozilla/5.0 (Windows NT 10.0; WOW64) AppleWebKit/537.36 (KHTML, like Gecko) Chrome/71.0.3578.98 Safari/537.36"
[2019-01-25T11:03:21.768] [ERROR] http - ::1 - - "GET /api/v1/items/empleados?id=1 HTTP/1.1" 500 1249 "http://localhost:4200/" "Mozilla/5.0 (Windows NT 10.0; WOW64) AppleWebKit/537.36 (KHTML, like Gecko) Chrome/71.0.3578.98 Safari/537.36"
[2019-01-25T11:45:07.141] [ERROR] http - ::1 - - "GET /api/v1/items/empleados?id=5 HTTP/1.1" 500 1058 "" "Mozilla/5.0 (Windows NT 10.0; WOW64) AppleWebKit/537.36 (KHTML, like Gecko) Chrome/71.0.3578.98 Safari/537.36"
[2019-01-25T13:29:49.230] [ERROR] http - ::1 - - "GET /api/v1/items/empleados?id=null HTTP/1.1" 500 1244 "http://localhost:4200/" "Mozilla/5.0 (Windows NT 10.0; WOW64) AppleWebKit/537.36 (KHTML, like Gecko) Chrome/71.0.3578.98 Safari/537.36"
[2019-01-29T08:38:59.496] [ERROR] http - ::1 - - "GET /favicon.ico HTTP/1.1" 404 150 "http://localhost:3000/api/v1/items/empleados?id=5" "Mozilla/5.0 (Windows NT 10.0; WOW64) AppleWebKit/537.36 (KHTML, like Gecko) Chrome/71.0.3578.98 Safari/537.36"
[2019-01-29T08:48:17.062] [ERROR] http - ::1 - - "GET /api/v1/items/%7BsearchId%7D HTTP/1.1" 500 1249 "http://localhost:3000/api/v1/docs/" "Mozilla/5.0 (Windows NT 10.0; WOW64) AppleWebKit/537.36 (KHTML, like Gecko) Chrome/71.0.3578.98 Safari/537.36"
[2019-01-29T10:15:42.194] [ERROR] http - ::1 - - "GET /favicon.ico HTTP/1.1" 404 150 "http://localhost:3000/api/v1/items/empleados?id=2" "Mozilla/5.0 (Windows NT 10.0; WOW64) AppleWebKit/537.36 (KHTML, like Gecko) Chrome/71.0.3578.98 Safari/537.36"
[2019-01-29T12:18:08.886] [ERROR] http - ::1 - - "GET /api/v1/items/empleados?id=undefined HTTP/1.1" 500 1249 "http://localhost:4200/empleadoApellido" "Mozilla/5.0 (Windows NT 10.0; WOW64) AppleWebKit/537.36 (KHTML, like Gecko) Chrome/71.0.3578.98 Safari/537.36"
[2019-01-29T12:50:30.165] [ERROR] http - ::1 - - "GET /api/v1/items/empleados?id=undefined HTTP/1.1" 500 1249 "http://localhost:4200/empleadoId" "Mozilla/5.0 (Windows NT 10.0; WOW64) AppleWebKit/537.36 (KHTML, like Gecko) Chrome/71.0.3578.98 Safari/537.36"
[2019-01-29T12:50:39.968] [ERROR] http - ::1 - - "GET /api/v1/items/empleados?id=undefined HTTP/1.1" 500 1249 "http://localhost:4200/empleadoId" "Mozilla/5.0 (Windows NT 10.0; WOW64) AppleWebKit/537.36 (KHTML, like Gecko) Chrome/71.0.3578.98 Safari/537.36"
[2019-01-30T11:37:47.671] [ERROR] http - ::1 - - "POST /api/v1/items/empleados HTTP/1.1" 500 1419 "http://localhost:4200/altaEmpleado" "Mozilla/5.0 (Windows NT 10.0; WOW64) AppleWebKit/537.36 (KHTML, like Gecko) Chrome/71.0.3578.98 Safari/537.36"
[2019-01-30T11:38:13.743] [ERROR] http - ::1 - - "GET /api/v1/items/empleados HTTP/1.1" 500 1024 "" "Mozilla/5.0 (Windows NT 10.0; WOW64) AppleWebKit/537.36 (KHTML, like Gecko) Chrome/71.0.3578.98 Safari/537.36"
[2019-01-30T11:38:13.819] [ERROR] http - ::1 - - "GET /favicon.ico HTTP/1.1" 404 150 "http://localhost:3000/api/v1/items/empleados" "Mozilla/5.0 (Windows NT 10.0; WOW64) AppleWebKit/537.36 (KHTML, like Gecko) Chrome/71.0.3578.98 Safari/537.36"
[2019-01-30T11:42:37.463] [ERROR] http - ::1 - - "POST /api/v1/items/empleados HTTP/1.1" 500 1419 "http://localhost:4200/altaEmpleado" "Mozilla/5.0 (Windows NT 10.0; WOW64) AppleWebKit/537.36 (KHTML, like Gecko) Chrome/71.0.3578.98 Safari/537.36"
[2019-01-30T11:45:42.319] [ERROR] http - ::1 - - "POST /api/v1/items/empleados HTTP/1.1" 500 1419 "http://localhost:4200/altaEmpleado" "Mozilla/5.0 (Windows NT 10.0; WOW64) AppleWebKit/537.36 (KHTML, like Gecko) Chrome/71.0.3578.98 Safari/537.36"
[2019-01-30T11:45:49.642] [ERROR] http - ::1 - - "GET /api/v1/items/empleados HTTP/1.1" 404 161 "" "Mozilla/5.0 (Windows NT 10.0; WOW64) AppleWebKit/537.36 (KHTML, like Gecko) Chrome/71.0.3578.98 Safari/537.36"
[2019-01-30T11:47:17.530] [ERROR] http - ::1 - - "POST /api/v1/items/empleados HTTP/1.1" 500 1419 "http://localhost:4200/altaEmpleado" "Mozilla/5.0 (Windows NT 10.0; WOW64) AppleWebKit/537.36 (KHTML, like Gecko) Chrome/71.0.3578.98 Safari/537.36"
[2019-01-30T11:47:32.880] [ERROR] http - ::1 - - "GET /api/v1/items/empleados HTTP/1.1" 404 161 "" "Mozilla/5.0 (Windows NT 10.0; WOW64) AppleWebKit/537.36 (KHTML, like Gecko) Chrome/71.0.3578.98 Safari/537.36"
[2019-01-30T11:56:38.016] [ERROR] http - ::1 - - "POST /api/v1/items/empleados HTTP/1.1" 500 1419 "http://localhost:4200/altaEmpleado" "Mozilla/5.0 (Windows NT 10.0; WOW64) AppleWebKit/537.36 (KHTML, like Gecko) Chrome/71.0.3578.98 Safari/537.36"
[2019-01-30T12:18:20.820] [ERROR] http - ::1 - - "POST /api/v1/items/empleados HTTP/1.1" 500 1419 "http://localhost:4200/altaEmpleado" "Mozilla/5.0 (Windows NT 10.0; WOW64) AppleWebKit/537.36 (KHTML, like Gecko) Chrome/71.0.3578.98 Safari/537.36"
[2019-01-30T12:22:52.843] [ERROR] http - ::ffff:127.0.0.1 - - "GET /api/v1/items/empleados?id=1 HTTP/1.1" 404 161 "http://localhost:4200/empleadoId" "Mozilla/5.0 (Windows NT 10.0; Win64; x64; rv:64.0) Gecko/20100101 Firefox/64.0"
[2019-01-30T12:23:05.219] [ERROR] http - ::ffff:127.0.0.1 - - "GET /api/v1/items/empleados?id=1 HTTP/1.1" 404 161 "" "Mozilla/5.0 (Windows NT 10.0; Win64; x64; rv:64.0) Gecko/20100101 Firefox/64.0"
[2019-01-30T12:23:05.264] [ERROR] http - ::ffff:127.0.0.1 - - "GET /favicon.ico HTTP/1.1" 404 150 "" "Mozilla/5.0 (Windows NT 10.0; Win64; x64; rv:64.0) Gecko/20100101 Firefox/64.0"
[2019-01-30T12:27:13.207] [ERROR] http - ::ffff:127.0.0.1 - - "POST /api/v1/items/empleados HTTP/1.1" 500 1419 "http://localhost:4200/altaEmpleado" "Mozilla/5.0 (Windows NT 10.0; Win64; x64; rv:64.0) Gecko/20100101 Firefox/64.0"
[2019-01-30T12:29:50.911] [ERROR] http - ::ffff:127.0.0.1 - - "POST /api/v1/items/%7BinsertNew%7D HTTP/1.1" 500 1419 "http://localhost:3000/api/v1/docs/" "Mozilla/5.0 (Windows NT 10.0; Win64; x64; rv:64.0) Gecko/20100101 Firefox/64.0"
[2019-01-30T12:31:42.492] [ERROR] http - ::ffff:127.0.0.1 - - "GET /api/v1/items/empleados: HTTP/1.1" 404 162 "" "Mozilla/5.0 (Windows NT 10.0; Win64; x64; rv:64.0) Gecko/20100101 Firefox/64.0"
[2019-01-30T12:31:42.519] [ERROR] http - ::ffff:127.0.0.1 - - "GET /favicon.ico HTTP/1.1" 404 150 "" "Mozilla/5.0 (Windows NT 10.0; Win64; x64; rv:64.0) Gecko/20100101 Firefox/64.0"
[2019-01-30T12:58:28.746] [ERROR] http - ::ffff:127.0.0.1 - - "GET /api/v1/items/%7BsearchId%7D HTTP/1.1" 500 1023 "http://localhost:3000/api/v1/docs/" "Mozilla/5.0 (Windows NT 10.0; Win64; x64; rv:64.0) Gecko/20100101 Firefox/64.0"
[2019-01-30T13:12:21.600] [ERROR] http - ::ffff:127.0.0.1 - - "POST /api/v1/items/empleados HTTP/1.1" 500 1419 "http://localhost:4200/altaEmpleado" "Mozilla/5.0 (Windows NT 10.0; Win64; x64; rv:64.0) Gecko/20100101 Firefox/64.0"
[2019-01-30T13:29:04.810] [ERROR] http - ::1 - - "POST /api/v1/items/empleados HTTP/1.1" 500 1419 "http://localhost:4200/altaEmpleado" "Mozilla/5.0 (Windows NT 10.0; WOW64) AppleWebKit/537.36 (KHTML, like Gecko) Chrome/71.0.3578.98 Safari/537.36"
[2019-01-30T14:06:29.240] [ERROR] http - ::1 - - "POST /api/v1/items/empleados HTTP/1.1" 500 1419 "http://localhost:4200/altaEmpleado" "Mozilla/5.0 (Windows NT 10.0; WOW64) AppleWebKit/537.36 (KHTML, like Gecko) Chrome/71.0.3578.98 Safari/537.36"
[2019-01-30T14:14:39.004] [ERROR] http - ::ffff:127.0.0.1 - - "POST /api/v1/items/empleados?nombre=asfgh&apellido1=adfh&apellido2=dh&direccion=dgh&cp=sdgh&poblacion=sdgh&provincia=sdgh&telefono=sdgh&email=sdgh HTTP/1.1" 500 1419 "http://localhost:3000/api/v1/docs/" "Mozilla/5.0 (Windows NT 10.0; Win64; x64; rv:64.0) Gecko/20100101 Firefox/64.0"
[2019-01-30T14:18:54.723] [ERROR] http - ::1 - - "POST /api/v1/items/empleados HTTP/1.1" 500 1380 "http://localhost:4200/altaEmpleado" "Mozilla/5.0 (Windows NT 10.0; WOW64) AppleWebKit/537.36 (KHTML, like Gecko) Chrome/71.0.3578.98 Safari/537.36"
[2019-01-31T12:25:31.048] [ERROR] http - ::1 - - "GET /api/v1/items/empleados?campo=nombre?busqueda=Cristina HTTP/1.1" 500 1291 "http://localhost:4200/busquedaGeneral" "Mozilla/5.0 (Windows NT 10.0; WOW64) AppleWebKit/537.36 (KHTML, like Gecko) Chrome/71.0.3578.98 Safari/537.36"
[2019-01-31T12:29:17.125] [ERROR] http - ::1 - - "GET /api/v1/items/empleados?campo=nombre?busqueda=Cristina HTTP/1.1" 500 1297 "http://localhost:4200/busquedaGeneral" "Mozilla/5.0 (Windows NT 10.0; WOW64) AppleWebKit/537.36 (KHTML, like Gecko) Chrome/71.0.3578.98 Safari/537.36"
[2019-01-31T12:33:21.014] [ERROR] http - ::1 - - "GET /api/v1/items/empleados?campo=nombre?busqueda=Cristina HTTP/1.1" 500 1297 "http://localhost:4200/busquedaGeneral" "Mozilla/5.0 (Windows NT 10.0; WOW64) AppleWebKit/537.36 (KHTML, like Gecko) Chrome/71.0.3578.98 Safari/537.36"
[2019-01-31T14:11:31.640] [ERROR] http - ::1 - - "GET /api/v1/items/empleado?id=1 HTTP/1.1" 404 160 "http://localhost:4200/empleadoId" "Mozilla/5.0 (Windows NT 10.0; WOW64) AppleWebKit/537.36 (KHTML, like Gecko) Chrome/71.0.3578.98 Safari/537.36"
[2019-01-31T14:12:07.992] [ERROR] http - ::1 - - "GET /api/v1/items/empleado?id=1 HTTP/1.1" 404 160 "" "Mozilla/5.0 (Windows NT 10.0; WOW64) AppleWebKit/537.36 (KHTML, like Gecko) Chrome/71.0.3578.98 Safari/537.36"
[2019-01-31T14:12:08.066] [ERROR] http - ::1 - - "GET /favicon.ico HTTP/1.1" 404 150 "http://localhost:3000/api/v1/items/empleado?id=1" "Mozilla/5.0 (Windows NT 10.0; WOW64) AppleWebKit/537.36 (KHTML, like Gecko) Chrome/71.0.3578.98 Safari/537.36"
[2019-01-31T14:14:38.581] [ERROR] http - ::1 - - "GET /api/v1/items/empleado?id=1 HTTP/1.1" 500 1178 "http://localhost:4200/empleadoId" "Mozilla/5.0 (Windows NT 10.0; WOW64) AppleWebKit/537.36 (KHTML, like Gecko) Chrome/71.0.3578.98 Safari/537.36"
[2019-01-31T14:19:25.871] [ERROR] http - ::1 - - "GET /api/v1/items/empleado?id=1 HTTP/1.1" 404 160 "http://localhost:4200/empleadoId" "Mozilla/5.0 (Windows NT 10.0; WOW64) AppleWebKit/537.36 (KHTML, like Gecko) Chrome/71.0.3578.98 Safari/537.36"
[2019-01-31T14:23:12.711] [ERROR] http - ::1 - - "GET /api/v1/items/empleado?id=1 HTTP/1.1" 404 160 "http://localhost:4200/empleadoId" "Mozilla/5.0 (Windows NT 10.0; WOW64) AppleWebKit/537.36 (KHTML, like Gecko) Chrome/71.0.3578.98 Safari/537.36"
[2019-01-31T14:24:52.303] [ERROR] http - ::1 - - "GET /api/v1/items/empleado/?id=1 HTTP/1.1" 404 161 "http://localhost:4200/empleadoId" "Mozilla/5.0 (Windows NT 10.0; WOW64) AppleWebKit/537.36 (KHTML, like Gecko) Chrome/71.0.3578.98 Safari/537.36"
[2019-01-31T14:28:48.344] [ERROR] http - ::1 - - "GET /api/v1/items/empleado?id=1 HTTP/1.1" 404 160 "http://localhost:4200/empleadoId" "Mozilla/5.0 (Windows NT 10.0; WOW64) AppleWebKit/537.36 (KHTML, like Gecko) Chrome/71.0.3578.98 Safari/537.36"
[2019-01-31T14:29:03.878] [ERROR] http - ::1 - - "GET /api/v1/items/empleado?id=1 HTTP/1.1" 404 160 "" "Mozilla/5.0 (Windows NT 10.0; WOW64) AppleWebKit/537.36 (KHTML, like Gecko) Chrome/71.0.3578.98 Safari/537.36"
[2019-01-31T14:30:34.871] [ERROR] http - ::1 - - "GET /api/v1/items/empleado?id=1 HTTP/1.1" 500 1178 "http://localhost:4200/empleadoId" "Mozilla/5.0 (Windows NT 10.0; WOW64) AppleWebKit/537.36 (KHTML, like Gecko) Chrome/71.0.3578.98 Safari/537.36"
[2019-02-01T09:07:27.005] [ERROR] http - ::1 - - "GET /api/v1/items/empleado?id=1 HTTP/1.1" 404 160 "http://localhost:4200/empleadoId" "Mozilla/5.0 (Windows NT 10.0; WOW64) AppleWebKit/537.36 (KHTML, like Gecko) Chrome/71.0.3578.98 Safari/537.36"
[2019-02-01T09:09:49.008] [ERROR] http - ::1 - - "GET /api/v1/items/empleado?id=1 HTTP/1.1" 500 1178 "http://localhost:4200/empleadoId" "Mozilla/5.0 (Windows NT 10.0; WOW64) AppleWebKit/537.36 (KHTML, like Gecko) Chrome/71.0.3578.98 Safari/537.36"
[2019-02-01T09:12:06.175] [ERROR] http - ::1 - - "GET /api/v1/items/empleado?id=1 HTTP/1.1" 404 160 "http://localhost:4200/empleadoId" "Mozilla/5.0 (Windows NT 10.0; WOW64) AppleWebKit/537.36 (KHTML, like Gecko) Chrome/71.0.3578.98 Safari/537.36"
[2019-02-01T09:28:38.168] [ERROR] http - ::1 - - "GET /api/v1/items/empleado/?id=1 HTTP/1.1" 500 1178 "http://localhost:4200/empleadoId" "Mozilla/5.0 (Windows NT 10.0; WOW64) AppleWebKit/537.36 (KHTML, like Gecko) Chrome/71.0.3578.98 Safari/537.36"
[2019-02-01T10:08:15.205] [ERROR] http - ::1 - - "GET /api/v1/items/empleado/?id=1 HTTP/1.1" 500 1178 "http://localhost:4200/empleadoId" "Mozilla/5.0 (Windows NT 10.0; WOW64) AppleWebKit/537.36 (KHTML, like Gecko) Chrome/71.0.3578.98 Safari/537.36"
[2019-02-01T10:10:24.636] [ERROR] http - ::1 - - "GET /api/v1/items/empleado/?id=1 HTTP/1.1" 404 161 "http://localhost:4200/empleadoId" "Mozilla/5.0 (Windows NT 10.0; WOW64) AppleWebKit/537.36 (KHTML, like Gecko) Chrome/71.0.3578.98 Safari/537.36"
[2019-02-01T10:11:42.120] [ERROR] http - ::1 - - "GET /api/v1/items/empleado/?id=1 HTTP/1.1" 404 161 "http://localhost:4200/empleadoId" "Mozilla/5.0 (Windows NT 10.0; WOW64) AppleWebKit/537.36 (KHTML, like Gecko) Chrome/71.0.3578.98 Safari/537.36"
[2019-02-01T10:12:56.958] [ERROR] http - ::1 - - "GET /api/v1/items/empleado?id=1 HTTP/1.1" 404 160 "http://localhost:4200/empleadoId" "Mozilla/5.0 (Windows NT 10.0; WOW64) AppleWebKit/537.36 (KHTML, like Gecko) Chrome/71.0.3578.98 Safari/537.36"
[2019-02-01T10:14:10.861] [ERROR] http - ::1 - - "GET /api/v1/items/empleado?id=1 HTTP/1.1" 404 160 "http://localhost:4200/empleadoId" "Mozilla/5.0 (Windows NT 10.0; WOW64) AppleWebKit/537.36 (KHTML, like Gecko) Chrome/71.0.3578.98 Safari/537.36"
[2019-02-01T10:19:27.350] [ERROR] http - ::1 - - "GET /api/v1/items/empleado?id=2 HTTP/1.1" 404 160 "http://localhost:4200/empleadoId" "Mozilla/5.0 (Windows NT 10.0; WOW64) AppleWebKit/537.36 (KHTML, like Gecko) Chrome/71.0.3578.98 Safari/537.36"
[2019-02-01T10:20:14.438] [ERROR] http - ::1 - - "GET /api/v1/items/empleado?id=2 HTTP/1.1" 404 160 "" "Mozilla/5.0 (Windows NT 10.0; WOW64) AppleWebKit/537.36 (KHTML, like Gecko) Chrome/71.0.3578.98 Safari/537.36"
[2019-02-01T10:20:14.499] [ERROR] http - ::1 - - "GET /favicon.ico HTTP/1.1" 404 150 "http://localhost:3000/api/v1/items/empleado?id=2" "Mozilla/5.0 (Windows NT 10.0; WOW64) AppleWebKit/537.36 (KHTML, like Gecko) Chrome/71.0.3578.98 Safari/537.36"
[2019-02-01T10:21:32.762] [ERROR] http - ::1 - - "GET /api/v1/items/empleado?id=1 HTTP/1.1" 500 1178 "http://localhost:4200/empleadoId" "Mozilla/5.0 (Windows NT 10.0; WOW64) AppleWebKit/537.36 (KHTML, like Gecko) Chrome/71.0.3578.98 Safari/537.36"
[2019-02-01T10:22:38.576] [ERROR] http - ::1 - - "GET /api/v1/items/empleado?id=1 HTTP/1.1" 500 1178 "http://localhost:4200/empleadoId" "Mozilla/5.0 (Windows NT 10.0; WOW64) AppleWebKit/537.36 (KHTML, like Gecko) Chrome/71.0.3578.98 Safari/537.36"
[2019-02-01T10:23:32.620] [ERROR] http - ::1 - - "GET /api/v1/items/empleado?id=1 HTTP/1.1" 500 1178 "http://localhost:4200/empleadoId" "Mozilla/5.0 (Windows NT 10.0; WOW64) AppleWebKit/537.36 (KHTML, like Gecko) Chrome/71.0.3578.98 Safari/537.36"
[2019-02-01T10:25:15.302] [ERROR] http - ::1 - - "GET /api/v1/items/empleado/id=1 HTTP/1.1" 404 165 "http://localhost:4200/empleadoId" "Mozilla/5.0 (Windows NT 10.0; WOW64) AppleWebKit/537.36 (KHTML, like Gecko) Chrome/71.0.3578.98 Safari/537.36"
[2019-02-01T11:29:40.811] [ERROR] http - ::1 - - "GET /api/v1/items/empleado?id=1 HTTP/1.1" 500 1178 "http://localhost:4200/empleadoId" "Mozilla/5.0 (Windows NT 10.0; WOW64) AppleWebKit/537.36 (KHTML, like Gecko) Chrome/71.0.3578.98 Safari/537.36"
[2019-02-01T12:06:34.702] [ERROR] http - ::1 - - "GET /api/v1/items/empleado?id=1 HTTP/1.1" 404 160 "http://localhost:4200/empleadoId" "Mozilla/5.0 (Windows NT 10.0; WOW64) AppleWebKit/537.36 (KHTML, like Gecko) Chrome/71.0.3578.98 Safari/537.36"
[2019-02-01T12:09:15.660] [ERROR] http - ::1 - - "GET /api/v1/items/empleado?id=1 HTTP/1.1" 404 160 "http://localhost:4200/empleadoId" "Mozilla/5.0 (Windows NT 10.0; WOW64) AppleWebKit/537.36 (KHTML, like Gecko) Chrome/71.0.3578.98 Safari/537.36"
[2019-02-01T12:11:21.161] [ERROR] http - ::1 - - "GET /api/v1/items/empleado HTTP/1.1" 404 160 "http://localhost:4200/empleadoId" "Mozilla/5.0 (Windows NT 10.0; WOW64) AppleWebKit/537.36 (KHTML, like Gecko) Chrome/71.0.3578.98 Safari/537.36"
[2019-02-01T12:15:52.350] [ERROR] http - ::1 - - "GET /api/v1/items/empleado?id=1 HTTP/1.1" 500 1178 "http://localhost:4200/empleadoId" "Mozilla/5.0 (Windows NT 10.0; WOW64) AppleWebKit/537.36 (KHTML, like Gecko) Chrome/71.0.3578.98 Safari/537.36"
[2019-02-01T12:17:08.948] [ERROR] http - ::1 - - "GET /api/v1/items/empleado?id=1 HTTP/1.1" 500 1178 "http://localhost:4200/empleadoId" "Mozilla/5.0 (Windows NT 10.0; WOW64) AppleWebKit/537.36 (KHTML, like Gecko) Chrome/71.0.3578.98 Safari/537.36"
[2019-02-01T12:21:12.208] [ERROR] http - ::1 - - "GET /api/v1/items/empleado/id=1 HTTP/1.1" 404 165 "http://localhost:4200/empleadoId" "Mozilla/5.0 (Windows NT 10.0; WOW64) AppleWebKit/537.36 (KHTML, like Gecko) Chrome/71.0.3578.98 Safari/537.36"
[2019-02-01T12:21:50.867] [ERROR] http - ::1 - - "GET /api/v1/items/empleado/?id=1 HTTP/1.1" 404 161 "http://localhost:4200/empleadoId" "Mozilla/5.0 (Windows NT 10.0; WOW64) AppleWebKit/537.36 (KHTML, like Gecko) Chrome/71.0.3578.98 Safari/537.36"
[2019-02-01T12:22:58.064] [ERROR] http - ::1 - - "GET /api/v1/items/empleado/?id=1 HTTP/1.1" 404 161 "http://localhost:4200/empleadoId" "Mozilla/5.0 (Windows NT 10.0; WOW64) AppleWebKit/537.36 (KHTML, like Gecko) Chrome/71.0.3578.98 Safari/537.36"
[2019-02-01T12:23:08.689] [ERROR] http - ::1 - - "GET /api/v1/items/empleado?id=1 HTTP/1.1" 404 160 "http://localhost:4200/empleadoId" "Mozilla/5.0 (Windows NT 10.0; WOW64) AppleWebKit/537.36 (KHTML, like Gecko) Chrome/71.0.3578.98 Safari/537.36"
[2019-02-01T12:24:27.261] [ERROR] http - ::1 - - "GET /api/v1/items/empleado?id=1 HTTP/1.1" 500 1178 "http://localhost:4200/empleadoId" "Mozilla/5.0 (Windows NT 10.0; WOW64) AppleWebKit/537.36 (KHTML, like Gecko) Chrome/71.0.3578.98 Safari/537.36"
[2019-02-01T12:27:50.546] [ERROR] http - ::1 - - "GET /api/v1/items/empleado?id=1 HTTP/1.1" 500 1178 "http://localhost:4200/empleadoId" "Mozilla/5.0 (Windows NT 10.0; WOW64) AppleWebKit/537.36 (KHTML, like Gecko) Chrome/71.0.3578.98 Safari/537.36"
[2019-02-01T12:44:24.937] [ERROR] http - ::1 - - "GET /api/v1/items/empleado?id=1 HTTP/1.1" 500 1178 "http://localhost:4200/empleadoId" "Mozilla/5.0 (Windows NT 10.0; WOW64) AppleWebKit/537.36 (KHTML, like Gecko) Chrome/71.0.3578.98 Safari/537.36"
[2019-02-01T12:45:34.929] [ERROR] http - ::1 - - "GET /api/v1/items/empleado?id=1 HTTP/1.1" 500 1178 "http://localhost:4200/empleadoId" "Mozilla/5.0 (Windows NT 10.0; WOW64) AppleWebKit/537.36 (KHTML, like Gecko) Chrome/71.0.3578.98 Safari/537.36"
[2019-02-01T12:47:36.649] [ERROR] http - ::1 - - "GET /api/v1/items/empleado?id=1 HTTP/1.1" 500 1178 "http://localhost:4200/empleadoId" "Mozilla/5.0 (Windows NT 10.0; WOW64) AppleWebKit/537.36 (KHTML, like Gecko) Chrome/71.0.3578.98 Safari/537.36"
[2019-02-01T12:52:44.061] [ERROR] http - ::1 - - "GET /api/v1/items/buscar?campo=nombre?busqueda=Cristina HTTP/1.1" 500 1291 "http://localhost:4200/busquedaGeneral" "Mozilla/5.0 (Windows NT 10.0; WOW64) AppleWebKit/537.36 (KHTML, like Gecko) Chrome/71.0.3578.98 Safari/537.36"
[2019-02-01T13:04:57.105] [ERROR] http - ::1 - - "GET /api/v1/items/empleado?id=1 HTTP/1.1" 404 160 "http://localhost:4200/empleadoId" "Mozilla/5.0 (Windows NT 10.0; WOW64) AppleWebKit/537.36 (KHTML, like Gecko) Chrome/71.0.3578.98 Safari/537.36"
[2019-02-01T13:34:02.248] [ERROR] http - ::1 - - "GET /api/v1/items/buscar?campo=?busqueda= HTTP/1.1" 404 158 "http://localhost:4200/busquedaGeneral" "Mozilla/5.0 (Windows NT 10.0; WOW64) AppleWebKit/537.36 (KHTML, like Gecko) Chrome/71.0.3578.98 Safari/537.36"
[2019-02-01T13:39:46.644] [ERROR] http - ::1 - - "GET /api/v1/items/buscar?campo=?busqueda= HTTP/1.1" 404 158 "http://localhost:4200/busquedaGeneral" "Mozilla/5.0 (Windows NT 10.0; WOW64) AppleWebKit/537.36 (KHTML, like Gecko) Chrome/71.0.3578.98 Safari/537.36"
[2019-02-01T13:43:14.025] [ERROR] http - ::1 - - "GET /api/v1/items/empleado/1 HTTP/1.1" 500 1291 "http://localhost:4200/empleadoId" "Mozilla/5.0 (Windows NT 10.0; WOW64) AppleWebKit/537.36 (KHTML, like Gecko) Chrome/71.0.3578.98 Safari/537.36"
[2019-02-01T13:43:38.032] [ERROR] http - ::1 - - "GET /api/v1/items/empleado/1 HTTP/1.1" 500 1291 "" "Mozilla/5.0 (Windows NT 10.0; WOW64) AppleWebKit/537.36 (KHTML, like Gecko) Chrome/71.0.3578.98 Safari/537.36"
[2019-02-01T13:43:59.390] [ERROR] http - ::1 - - "GET /api/v1/items/empleado/1 HTTP/1.1" 500 1291 "http://localhost:3000/api/v1/docs/" "Mozilla/5.0 (Windows NT 10.0; WOW64) AppleWebKit/537.36 (KHTML, like Gecko) Chrome/71.0.3578.98 Safari/537.36"
[2019-02-01T13:54:58.666] [ERROR] http - ::1 - - "GET /api/v1/items/buscar/%7Bdatos%7D?campo=nombre&busqueda=Cristina HTTP/1.1" 500 1297 "http://localhost:3000/api/v1/docs/" "Mozilla/5.0 (Windows NT 10.0; WOW64) AppleWebKit/537.36 (KHTML, like Gecko) Chrome/71.0.3578.98 Safari/537.36"
[2019-02-01T13:55:43.590] [ERROR] http - ::1 - - "GET /api/v1/items/buscar?campo=nombre&busqueda=Cristina HTTP/1.1" 500 1297 "http://localhost:3000/api/v1/docs/" "Mozilla/5.0 (Windows NT 10.0; WOW64) AppleWebKit/537.36 (KHTML, like Gecko) Chrome/71.0.3578.98 Safari/537.36"
[2019-02-01T13:57:31.697] [ERROR] http - ::1 - - "GET /api/v1/items/buscar?campo=nombre&busqueda=Cristina HTTP/1.1" 500 1297 "http://localhost:3000/api/v1/docs/" "Mozilla/5.0 (Windows NT 10.0; WOW64) AppleWebKit/537.36 (KHTML, like Gecko) Chrome/71.0.3578.98 Safari/537.36"
[2019-02-01T13:59:30.811] [ERROR] http - ::1 - - "GET /api/v1/items/buscar?campo=nombre&busqueda=Cristina HTTP/1.1" 500 1297 "http://localhost:3000/api/v1/docs/" "Mozilla/5.0 (Windows NT 10.0; WOW64) AppleWebKit/537.36 (KHTML, like Gecko) Chrome/71.0.3578.98 Safari/537.36"
[2019-02-01T13:59:50.826] [ERROR] http - ::1 - - "GET /api/v1/items/buscar?campo=nombre&busqueda=Cristina HTTP/1.1" 500 1297 "http://localhost:3000/api/v1/docs/" "Mozilla/5.0 (Windows NT 10.0; WOW64) AppleWebKit/537.36 (KHTML, like Gecko) Chrome/71.0.3578.98 Safari/537.36"
[2019-02-06T10:24:14.335] [ERROR] http - ::1 - - "GET /api/v1/items/buscar?campo=&busqueda= HTTP/1.1" 500 1251 "http://localhost:4200/busquedaGeneral" "Mozilla/5.0 (Windows NT 10.0; WOW64) AppleWebKit/537.36 (KHTML, like Gecko) Chrome/71.0.3578.98 Safari/537.36"
[2019-02-06T10:25:07.015] [ERROR] http - ::1 - - "GET /api/v1/items/buscar?campo=&busqueda= HTTP/1.1" 500 1251 "http://localhost:4200/busquedaGeneral" "Mozilla/5.0 (Windows NT 10.0; WOW64) AppleWebKit/537.36 (KHTML, like Gecko) Chrome/71.0.3578.98 Safari/537.36"
[2019-02-21T14:23:09.689] [ERROR] http - ::1 - - "DELETE /api/v1/items/deleteEmp/1 HTTP/1.1" 404 166 "http://localhost:4200/listaEmp" "Mozilla/5.0 (Windows NT 10.0; WOW64) AppleWebKit/537.36 (KHTML, like Gecko) Chrome/72.0.3626.109 Safari/537.36"
[2019-02-22T08:53:21.851] [ERROR] http - ::1 - - "POST /api/v1/items/altaEmp HTTP/1.1" 500 1335 "http://localhost:4200/altaEmpleado" "Mozilla/5.0 (Windows NT 10.0; WOW64) AppleWebKit/537.36 (KHTML, like Gecko) Chrome/72.0.3626.119 Safari/537.36"
[2019-03-07T09:09:58.104] [ERROR] http - ::1 - - "PUT /api/v1/items/updateEmp/5 HTTP/1.1" 500 1376 "http://localhost:4200/modificarEmpleado/5" "Mozilla/5.0 (Windows NT 10.0; WOW64) AppleWebKit/537.36 (KHTML, like Gecko) Chrome/72.0.3626.121 Safari/537.36"
[2019-03-07T09:45:30.155] [ERROR] http - ::1 - - "PUT /api/v1/items/updateEmp/5 HTTP/1.1" 500 1376 "http://localhost:4200/modificarEmpleado/5" "Mozilla/5.0 (Windows NT 10.0; WOW64) AppleWebKit/537.36 (KHTML, like Gecko) Chrome/72.0.3626.121 Safari/537.36"
[2019-03-07T12:03:26.455] [ERROR] http - ::1 - - "PUT /api/v1/items/updateEmp/5 HTTP/1.1" 500 1377 "http://localhost:4200/modificarEmpleado/5" "Mozilla/5.0 (Windows NT 10.0; WOW64) AppleWebKit/537.36 (KHTML, like Gecko) Chrome/72.0.3626.121 Safari/537.36"
[2019-03-07T12:04:40.308] [ERROR] http - ::1 - - "PUT /api/v1/items/updateEmp/5 HTTP/1.1" 500 1377 "http://localhost:4200/modificarEmpleado/5" "Mozilla/5.0 (Windows NT 10.0; WOW64) AppleWebKit/537.36 (KHTML, like Gecko) Chrome/72.0.3626.121 Safari/537.36"
[2019-03-07T12:05:43.451] [ERROR] http - ::1 - - "PUT /api/v1/items/updateEmp/5 HTTP/1.1" 500 1377 "http://localhost:4200/modificarEmpleado/5" "Mozilla/5.0 (Windows NT 10.0; WOW64) AppleWebKit/537.36 (KHTML, like Gecko) Chrome/72.0.3626.121 Safari/537.36"
[2019-03-07T12:06:21.562] [ERROR] http - ::1 - - "PUT /api/v1/items/updateEmp/5 HTTP/1.1" 500 1377 "http://localhost:4200/modificarEmpleado/5" "Mozilla/5.0 (Windows NT 10.0; WOW64) AppleWebKit/537.36 (KHTML, like Gecko) Chrome/72.0.3626.121 Safari/537.36"
[2019-03-07T12:07:30.883] [ERROR] http - ::1 - - "PUT /api/v1/items/updateEmp/5 HTTP/1.1" 500 1377 "http://localhost:4200/modificarEmpleado/5" "Mozilla/5.0 (Windows NT 10.0; WOW64) AppleWebKit/537.36 (KHTML, like Gecko) Chrome/72.0.3626.121 Safari/537.36"
[2019-03-07T12:08:00.711] [ERROR] http - ::1 - - "PUT /api/v1/items/updateEmp/5 HTTP/1.1" 500 1377 "http://localhost:4200/modificarEmpleado/5" "Mozilla/5.0 (Windows NT 10.0; WOW64) AppleWebKit/537.36 (KHTML, like Gecko) Chrome/72.0.3626.121 Safari/537.36"
[2019-03-07T12:08:14.512] [ERROR] http - ::1 - - "PUT /api/v1/items/updateEmp/5 HTTP/1.1" 500 1377 "http://localhost:4200/modificarEmpleado/5" "Mozilla/5.0 (Windows NT 10.0; WOW64) AppleWebKit/537.36 (KHTML, like Gecko) Chrome/72.0.3626.121 Safari/537.36"
[2019-03-07T12:09:15.961] [ERROR] http - ::1 - - "PUT /api/v1/items/updateEmp/5 HTTP/1.1" 500 1377 "http://localhost:4200/modificarEmpleado/5" "Mozilla/5.0 (Windows NT 10.0; WOW64) AppleWebKit/537.36 (KHTML, like Gecko) Chrome/72.0.3626.121 Safari/537.36"
[2019-03-07T12:16:20.435] [ERROR] http - ::1 - - "PUT /api/v1/items/updateEmp/5 HTTP/1.1" 500 1376 "http://localhost:4200/modificarEmpleado/5" "Mozilla/5.0 (Windows NT 10.0; WOW64) AppleWebKit/537.36 (KHTML, like Gecko) Chrome/72.0.3626.121 Safari/537.36"
[2019-04-17T16:35:48.896] [ERROR] http - ::1 - - "GET /favicon.ico HTTP/1.1" 404 150 "http://localhost:3000/" "Mozilla/5.0 (Macintosh; Intel Mac OS X 10_14_4) AppleWebKit/537.36 (KHTML, like Gecko) Chrome/73.0.3683.103 Safari/537.36"
[2019-04-18T20:37:33.704] [ERROR] http - ::1 - - "POST /api/v1/items/newUser HTTP/1.1" 500 1161 "http://localhost:4200/registro" "Mozilla/5.0 (Macintosh; Intel Mac OS X 10_14_4) AppleWebKit/537.36 (KHTML, like Gecko) Chrome/73.0.3683.103 Safari/537.36"
[2019-04-18T20:53:23.738] [ERROR] http - ::1 - - "POST /api/v1/items/newUser HTTP/1.1" 500 1300 "http://localhost:4200/registro" "Mozilla/5.0 (Macintosh; Intel Mac OS X 10_14_4) AppleWebKit/537.36 (KHTML, like Gecko) Chrome/73.0.3683.103 Safari/537.36"
[2019-04-20T15:26:17.068] [ERROR] http - ::1 - - "GET /api/v1/items/searchUser/angytambien HTTP/1.1" 500 2558 "http://localhost:4200/registro" "Mozilla/5.0 (Macintosh; Intel Mac OS X 10_14_4) AppleWebKit/537.36 (KHTML, like Gecko) Chrome/73.0.3683.103 Safari/537.36"
[2019-04-20T15:28:13.651] [ERROR] http - ::1 - - "GET /api/v1/items/searchUser/angytambien HTTP/1.1" 500 2558 "http://localhost:4200/registro" "Mozilla/5.0 (Macintosh; Intel Mac OS X 10_14_4) AppleWebKit/537.36 (KHTML, like Gecko) Chrome/73.0.3683.103 Safari/537.36"
[2019-04-20T15:31:09.183] [ERROR] http - ::1 - - "GET /api/v1/items/searchUser/angytambien HTTP/1.1" 500 2558 "http://localhost:4200/registro" "Mozilla/5.0 (Macintosh; Intel Mac OS X 10_14_4) AppleWebKit/537.36 (KHTML, like Gecko) Chrome/73.0.3683.103 Safari/537.36"
[2019-04-22T20:34:41.703] [ERROR] http - ::1 - - "GET /api/v1/items/searchUser/ HTTP/1.1" 404 163 "http://localhost:4200/registro" "Mozilla/5.0 (Macintosh; Intel Mac OS X 10_14_4) AppleWebKit/537.36 (KHTML, like Gecko) Chrome/73.0.3683.103 Safari/537.36"
[2019-04-22T20:34:41.705] [ERROR] http - ::1 - - "GET /api/v1/items/searchUser/ HTTP/1.1" 404 163 "http://localhost:4200/registro" "Mozilla/5.0 (Macintosh; Intel Mac OS X 10_14_4) AppleWebKit/537.36 (KHTML, like Gecko) Chrome/73.0.3683.103 Safari/537.36"
[2019-04-22T20:34:41.707] [ERROR] http - ::1 - - "GET /api/v1/items/searchUser/ HTTP/1.1" 404 163 "http://localhost:4200/registro" "Mozilla/5.0 (Macintosh; Intel Mac OS X 10_14_4) AppleWebKit/537.36 (KHTML, like Gecko) Chrome/73.0.3683.103 Safari/537.36"
[2019-04-22T20:54:25.674] [ERROR] http - ::1 - - "GET /api/v1/items/searchUser/ HTTP/1.1" 404 163 "http://localhost:4200/registro" "Mozilla/5.0 (Macintosh; Intel Mac OS X 10_14_4) AppleWebKit/537.36 (KHTML, like Gecko) Chrome/73.0.3683.103 Safari/537.36"
[2019-04-22T20:54:25.677] [ERROR] http - ::1 - - "GET /api/v1/items/searchUser/ HTTP/1.1" 404 163 "http://localhost:4200/registro" "Mozilla/5.0 (Macintosh; Intel Mac OS X 10_14_4) AppleWebKit/537.36 (KHTML, like Gecko) Chrome/73.0.3683.103 Safari/537.36"
[2019-04-22T20:54:25.681] [ERROR] http - ::1 - - "GET /api/v1/items/searchUser/ HTTP/1.1" 404 163 "http://localhost:4200/registro" "Mozilla/5.0 (Macintosh; Intel Mac OS X 10_14_4) AppleWebKit/537.36 (KHTML, like Gecko) Chrome/73.0.3683.103 Safari/537.36"
[2019-04-22T20:54:39.499] [ERROR] http - ::1 - - "GET /api/v1/items/searchUser/ HTTP/1.1" 404 163 "http://localhost:4200/registro" "Mozilla/5.0 (Macintosh; Intel Mac OS X 10_14_4) AppleWebKit/537.36 (KHTML, like Gecko) Chrome/73.0.3683.103 Safari/537.36"
[2019-04-22T20:54:39.507] [ERROR] http - ::1 - - "GET /api/v1/items/searchUser/ HTTP/1.1" 404 163 "http://localhost:4200/registro" "Mozilla/5.0 (Macintosh; Intel Mac OS X 10_14_4) AppleWebKit/537.36 (KHTML, like Gecko) Chrome/73.0.3683.103 Safari/537.36"
[2019-04-22T20:54:39.520] [ERROR] http - ::1 - - "GET /api/v1/items/searchUser/ HTTP/1.1" 404 163 "http://localhost:4200/registro" "Mozilla/5.0 (Macintosh; Intel Mac OS X 10_14_4) AppleWebKit/537.36 (KHTML, like Gecko) Chrome/73.0.3683.103 Safari/537.36"
[2019-04-22T20:56:38.404] [ERROR] http - ::1 - - "GET /api/v1/items/searchUser/ HTTP/1.1" 404 163 "http://localhost:4200/registro" "Mozilla/5.0 (Macintosh; Intel Mac OS X 10_14_4) AppleWebKit/537.36 (KHTML, like Gecko) Chrome/73.0.3683.103 Safari/537.36"
[2019-04-22T20:56:38.409] [ERROR] http - ::1 - - "GET /api/v1/items/searchUser/ HTTP/1.1" 404 163 "http://localhost:4200/registro" "Mozilla/5.0 (Macintosh; Intel Mac OS X 10_14_4) AppleWebKit/537.36 (KHTML, like Gecko) Chrome/73.0.3683.103 Safari/537.36"
[2019-04-22T20:56:38.425] [ERROR] http - ::1 - - "GET /api/v1/items/searchUser/ HTTP/1.1" 404 163 "http://localhost:4200/registro" "Mozilla/5.0 (Macintosh; Intel Mac OS X 10_14_4) AppleWebKit/537.36 (KHTML, like Gecko) Chrome/73.0.3683.103 Safari/537.36"
[2019-04-22T20:56:51.646] [ERROR] http - ::1 - - "GET /api/v1/items/searchUser/ HTTP/1.1" 404 163 "http://localhost:4200/registro" "Mozilla/5.0 (Macintosh; Intel Mac OS X 10_14_4) AppleWebKit/537.36 (KHTML, like Gecko) Chrome/73.0.3683.103 Safari/537.36"
[2019-04-22T20:56:51.654] [ERROR] http - ::1 - - "GET /api/v1/items/searchUser/ HTTP/1.1" 404 163 "http://localhost:4200/registro" "Mozilla/5.0 (Macintosh; Intel Mac OS X 10_14_4) AppleWebKit/537.36 (KHTML, like Gecko) Chrome/73.0.3683.103 Safari/537.36"
[2019-04-22T20:56:51.664] [ERROR] http - ::1 - - "GET /api/v1/items/searchUser/ HTTP/1.1" 404 163 "http://localhost:4200/registro" "Mozilla/5.0 (Macintosh; Intel Mac OS X 10_14_4) AppleWebKit/537.36 (KHTML, like Gecko) Chrome/73.0.3683.103 Safari/537.36"
[2019-04-22T20:57:38.907] [ERROR] http - ::1 - - "GET /api/v1/items/searchUser/ HTTP/1.1" 404 163 "http://localhost:4200/registro" "Mozilla/5.0 (Macintosh; Intel Mac OS X 10_14_4) AppleWebKit/537.36 (KHTML, like Gecko) Chrome/73.0.3683.103 Safari/537.36"
[2019-04-22T20:57:38.910] [ERROR] http - ::1 - - "GET /api/v1/items/searchUser/ HTTP/1.1" 404 163 "http://localhost:4200/registro" "Mozilla/5.0 (Macintosh; Intel Mac OS X 10_14_4) AppleWebKit/537.36 (KHTML, like Gecko) Chrome/73.0.3683.103 Safari/537.36"
[2019-04-22T20:57:38.922] [ERROR] http - ::1 - - "GET /api/v1/items/searchUser/ HTTP/1.1" 404 163 "http://localhost:4200/registro" "Mozilla/5.0 (Macintosh; Intel Mac OS X 10_14_4) AppleWebKit/537.36 (KHTML, like Gecko) Chrome/73.0.3683.103 Safari/537.36"
[2019-04-23T17:18:48.870] [ERROR] http - ::1 - - "GET /api/v1/items/searchUser/angy HTTP/1.1" 500 1455 "http://localhost:4200/registro" "Mozilla/5.0 (Macintosh; Intel Mac OS X 10_14_4) AppleWebKit/537.36 (KHTML, like Gecko) Chrome/73.0.3683.103 Safari/537.36"
[2019-04-23T17:19:04.367] [ERROR] http - ::1 - - "GET /api/v1/items/searchUser/angyt HTTP/1.1" 500 1455 "http://localhost:4200/registro" "Mozilla/5.0 (Macintosh; Intel Mac OS X 10_14_4) AppleWebKit/537.36 (KHTML, like Gecko) Chrome/73.0.3683.103 Safari/537.36"
[2019-04-23T17:19:04.555] [ERROR] http - ::1 - - "GET /api/v1/items/searchUser/angyta HTTP/1.1" 500 1455 "http://localhost:4200/registro" "Mozilla/5.0 (Macintosh; Intel Mac OS X 10_14_4) AppleWebKit/537.36 (KHTML, like Gecko) Chrome/73.0.3683.103 Safari/537.36"
[2019-04-23T17:19:04.660] [ERROR] http - ::1 - - "GET /api/v1/items/searchUser/angytam HTTP/1.1" 500 1455 "http://localhost:4200/registro" "Mozilla/5.0 (Macintosh; Intel Mac OS X 10_14_4) AppleWebKit/537.36 (KHTML, like Gecko) Chrome/73.0.3683.103 Safari/537.36"
[2019-04-23T17:19:04.787] [ERROR] http - ::1 - - "GET /api/v1/items/searchUser/angytamb HTTP/1.1" 500 1455 "http://localhost:4200/registro" "Mozilla/5.0 (Macintosh; Intel Mac OS X 10_14_4) AppleWebKit/537.36 (KHTML, like Gecko) Chrome/73.0.3683.103 Safari/537.36"
[2019-04-23T17:19:04.903] [ERROR] http - ::1 - - "GET /api/v1/items/searchUser/angytambi HTTP/1.1" 500 1455 "http://localhost:4200/registro" "Mozilla/5.0 (Macintosh; Intel Mac OS X 10_14_4) AppleWebKit/537.36 (KHTML, like Gecko) Chrome/73.0.3683.103 Safari/537.36"
[2019-04-23T17:19:04.998] [ERROR] http - ::1 - - "GET /api/v1/items/searchUser/angytambie HTTP/1.1" 500 1455 "http://localhost:4200/registro" "Mozilla/5.0 (Macintosh; Intel Mac OS X 10_14_4) AppleWebKit/537.36 (KHTML, like Gecko) Chrome/73.0.3683.103 Safari/537.36"
[2019-04-23T17:19:05.125] [ERROR] http - ::1 - - "GET /api/v1/items/searchUser/angytambien HTTP/1.1" 500 1455 "http://localhost:4200/registro" "Mozilla/5.0 (Macintosh; Intel Mac OS X 10_14_4) AppleWebKit/537.36 (KHTML, like Gecko) Chrome/73.0.3683.103 Safari/537.36"
[2019-05-08T17:52:39.366] [ERROR] http - ::1 - - "POST /api/v1/items/checkUser HTTP/1.1" 500 1453 "http://localhost:4200/home" "Mozilla/5.0 (Macintosh; Intel Mac OS X 10_14_4) AppleWebKit/537.36 (KHTML, like Gecko) Chrome/74.0.3729.131 Safari/537.36"
[2019-05-09T08:57:15.967] [ERROR] http - ::1 - - "POST /api/v1/items/checkUser HTTP/1.1" 500 1357 "http://localhost:4200/home" "Mozilla/5.0 (Windows NT 10.0; WOW64) AppleWebKit/537.36 (KHTML, like Gecko) Chrome/74.0.3729.131 Safari/537.36"
[2019-05-09T08:58:40.739] [ERROR] http - ::1 - - "POST /api/v1/items/checkUser HTTP/1.1" 500 1357 "http://localhost:4200/home" "Mozilla/5.0 (Windows NT 10.0; WOW64) AppleWebKit/537.36 (KHTML, like Gecko) Chrome/74.0.3729.131 Safari/537.36"
[2019-05-09T09:00:24.851] [ERROR] http - ::1 - - "POST /api/v1/items/checkUser HTTP/1.1" 500 2364 "http://localhost:4200/home" "Mozilla/5.0 (Windows NT 10.0; WOW64) AppleWebKit/537.36 (KHTML, like Gecko) Chrome/74.0.3729.131 Safari/537.36"
[2019-05-09T09:04:42.988] [ERROR] http - ::1 - - "GET /api/v1/items/searchUser/angy HTTP/1.1" 500 2375 "http://localhost:4200/registro" "Mozilla/5.0 (Windows NT 10.0; WOW64) AppleWebKit/537.36 (KHTML, like Gecko) Chrome/74.0.3729.131 Safari/537.36"
[2019-05-09T09:04:43.077] [ERROR] http - ::1 - - "GET /api/v1/items/searchUser/angyt HTTP/1.1" 500 2375 "http://localhost:4200/registro" "Mozilla/5.0 (Windows NT 10.0; WOW64) AppleWebKit/537.36 (KHTML, like Gecko) Chrome/74.0.3729.131 Safari/537.36"
[2019-05-09T09:04:43.237] [ERROR] http - ::1 - - "GET /api/v1/items/searchUser/angyta HTTP/1.1" 500 2375 "http://localhost:4200/registro" "Mozilla/5.0 (Windows NT 10.0; WOW64) AppleWebKit/537.36 (KHTML, like Gecko) Chrome/74.0.3729.131 Safari/537.36"
[2019-05-09T09:04:43.321] [ERROR] http - ::1 - - "GET /api/v1/items/searchUser/angytam HTTP/1.1" 500 2375 "http://localhost:4200/registro" "Mozilla/5.0 (Windows NT 10.0; WOW64) AppleWebKit/537.36 (KHTML, like Gecko) Chrome/74.0.3729.131 Safari/537.36"
[2019-05-09T09:04:43.412] [ERROR] http - ::1 - - "GET /api/v1/items/searchUser/angytamb HTTP/1.1" 500 2375 "http://localhost:4200/registro" "Mozilla/5.0 (Windows NT 10.0; WOW64) AppleWebKit/537.36 (KHTML, like Gecko) Chrome/74.0.3729.131 Safari/537.36"
[2019-05-09T09:04:43.493] [ERROR] http - ::1 - - "GET /api/v1/items/searchUser/angytambi HTTP/1.1" 500 2375 "http://localhost:4200/registro" "Mozilla/5.0 (Windows NT 10.0; WOW64) AppleWebKit/537.36 (KHTML, like Gecko) Chrome/74.0.3729.131 Safari/537.36"
[2019-05-09T09:04:43.589] [ERROR] http - ::1 - - "GET /api/v1/items/searchUser/angytambie HTTP/1.1" 500 2375 "http://localhost:4200/registro" "Mozilla/5.0 (Windows NT 10.0; WOW64) AppleWebKit/537.36 (KHTML, like Gecko) Chrome/74.0.3729.131 Safari/537.36"
[2019-05-09T09:04:43.701] [ERROR] http - ::1 - - "GET /api/v1/items/searchUser/angytambien HTTP/1.1" 500 2375 "http://localhost:4200/registro" "Mozilla/5.0 (Windows NT 10.0; WOW64) AppleWebKit/537.36 (KHTML, like Gecko) Chrome/74.0.3729.131 Safari/537.36"
[2019-05-11T12:17:45.872] [ERROR] http - ::1 - - "POST /api/v1/items/checkUser HTTP/1.1" 500 1357 "http://localhost:4200/home" "Mozilla/5.0 (Macintosh; Intel Mac OS X 10_14_4) AppleWebKit/537.36 (KHTML, like Gecko) Chrome/74.0.3729.131 Safari/537.36"
[2019-05-11T12:18:14.303] [ERROR] http - ::1 - - "POST /api/v1/items/checkUser HTTP/1.1" 500 1357 "http://localhost:4200/home" "Mozilla/5.0 (Macintosh; Intel Mac OS X 10_14_4) AppleWebKit/537.36 (KHTML, like Gecko) Chrome/74.0.3729.131 Safari/537.36"
[2019-05-11T18:14:58.141] [ERROR] http - ::1 - - "GET /api/v1/items/checkToken/eyJhbGciOiJIUzI1NiIsInR5cCI6IkpXVCJ9.eyJ1c3VhcmlvIjp7ImlkVXN1YXJpbyI6MSwidXNlcm5hbWUiOiJhbmd5dGFtYmllbiIsIm5vbWJyZSI6IsOBbmdlbGVzIiwiYXBlbGxpZG9zIjoiQnVlbm8gQWd1aWxhciIsImVtYWlsIjoiYW5neXRhbWJpZW5AZ21haWwuY29tIiwicm9sIjoidXNlciJ9LCJpYXQiOjE1NTc1ODI5NDAsImV4cCI6MTU2MDE3NDk0MH0.udM0iXpbtu7WOBUFsdeLOYpW6UsfWnaT8h30e89otI4 HTTP/1.1" 500 1190 "" "PostmanRuntime/7.6.0"
[2019-05-11T18:19:52.520] [ERROR] http - ::1 - - "POST /api/v1/items/checkUser HTTP/1.1" 500 1172 "" "PostmanRuntime/7.6.0"
[2019-05-11T18:21:09.659] [ERROR] http - ::1 - - "POST /api/v1/items/checkUser HTTP/1.1" 500 1172 "" "PostmanRuntime/7.6.0"
[2019-05-11T18:21:48.926] [ERROR] http - ::1 - - "POST /api/v1/items/checkUser HTTP/1.1" 500 1172 "" "PostmanRuntime/7.6.0"
[2019-05-11T18:21:56.984] [ERROR] http - ::1 - - "POST /api/v1/items/checkUser HTTP/1.1" 500 1172 "" "PostmanRuntime/7.6.0"
[2019-05-11T18:22:03.341] [ERROR] http - ::1 - - "POST /api/v1/items/checkUser HTTP/1.1" 500 1172 "" "PostmanRuntime/7.6.0"
[2019-05-11T18:22:14.323] [ERROR] http - ::1 - - "GET /api/v1/items/checkUser HTTP/1.1" 404 161 "" "PostmanRuntime/7.6.0"
[2019-05-11T18:22:29.426] [ERROR] http - ::1 - - "POST /api/v1/items/checkUser HTTP/1.1" 500 1172 "" "PostmanRuntime/7.6.0"
[2019-05-11T18:22:58.928] [ERROR] http - ::1 - - "GET /api/v1 HTTP/1.1" 404 145 "" "Mozilla/5.0 (Macintosh; Intel Mac OS X 10_14_4) AppleWebKit/537.36 (KHTML, like Gecko) Chrome/74.0.3729.131 Safari/537.36"
[2019-05-11T18:22:59.154] [ERROR] http - ::1 - - "GET /favicon.ico HTTP/1.1" 404 150 "http://localhost:3000/api/v1" "Mozilla/5.0 (Macintosh; Intel Mac OS X 10_14_4) AppleWebKit/537.36 (KHTML, like Gecko) Chrome/74.0.3729.131 Safari/537.36"
[2019-05-11T18:27:03.021] [ERROR] http - ::1 - - "POST /api/v1/items/checkUser?username=angytambien&password=261007ays HTTP/1.1" 500 1172 "http://localhost:3000/api/v1/docs/" "Mozilla/5.0 (Macintosh; Intel Mac OS X 10_14_4) AppleWebKit/537.36 (KHTML, like Gecko) Chrome/74.0.3729.131 Safari/537.36"
[2019-05-11T18:33:38.211] [ERROR] http - ::1 - - "GET /api/v1/items/checkToken/eyJhbGciOiJIUzI1NiIsInR5cCI6IkpXVCJ9.eyJ1c3VhcmlvIjp7ImlkVXN1YXJpbyI6MSwidXNlcm5hbWUiOiJhbmd5dGFtYmllbiIsIm5vbWJyZSI6IsOBbmdlbGVzIiwiYXBlbGxpZG9zIjoiQnVlbm8gQWd1aWxhciIsImVtYWlsIjoiYW5neXRhbWJpZW5AZ21haWwuY29tIiwicm9sIjoidXNlciJ9LCJpYXQiOjE1NTc1ODI5NDAsImV4cCI6MTU2MDE3NDk0MH0.udM0iXpbtu7WOBUFsdeLOYpW6UsfWnaT8h30e89otI4 HTTP/1.1" 500 1190 "http://localhost:3000/api/v1/docs/" "Mozilla/5.0 (Macintosh; Intel Mac OS X 10_14_4) AppleWebKit/537.36 (KHTML, like Gecko) Chrome/74.0.3729.131 Safari/537.36"
[2019-05-11T18:55:07.488] [ERROR] http - ::1 - - "GET /api/v1/items/checkToken/eyJhbGciOiJIUzI1NiIsInR5cCI6IkpXVCJ9.eyJ1c3VhcmlvIjp7ImlkVXN1YXJpbyI6MSwidXNlcm5hbWUiOiJhbmd5dGFtYmllbiIsIm5vbWJyZSI6IsOBbmdlbGVzIiwiYXBlbGxpZG9zIjoiQnVlbm8gQWd1aWxhciIsImVtYWlsIjoiYW5neXRhbWJpZW5AZ21haWwuY29tIiwicm9sIjoidXNlciJ9LCJpYXQiOjE1NTc1OTM1MDgsImV4cCI6MTU2MDE4NTUwOH0.LaQBO4u11bI1RjFyUWGvdUbZa2symja0BxC1gguN8ag HTTP/1.1" 500 1190 "http://localhost:3000/api/v1/docs/" "Mozilla/5.0 (Macintosh; Intel Mac OS X 10_14_4) AppleWebKit/537.36 (KHTML, like Gecko) Chrome/74.0.3729.131 Safari/537.36"
[2019-05-11T18:58:52.828] [ERROR] http - ::1 - - "GET /api/v1/items/checkToken/eyJhbGciOiJIUzI1NiIsInR5cCI6IkpXVCJ9.eyJ1c3VhcmlvIjp7ImlkVXN1YXJpbyI6MSwidXNlcm5hbWUiOiJhbmd5dGFtYmllbiIsIm5vbWJyZSI6IsOBbmdlbGVzIiwiYXBlbGxpZG9zIjoiQnVlbm8gQWd1aWxhciIsImVtYWlsIjoiYW5neXRhbWJpZW5AZ21haWwuY29tIiwicm9sIjoidXNlciJ9LCJpYXQiOjE1NTc1OTM1MDgsImV4cCI6MTU2MDE4NTUwOH0.LaQBO4u11bI1RjFyUWGvdUbZa2symja0BxC1gguN8ag HTTP/1.1" 500 1190 "http://localhost:3000/api/v1/docs/" "Mozilla/5.0 (Macintosh; Intel Mac OS X 10_14_4) AppleWebKit/537.36 (KHTML, like Gecko) Chrome/74.0.3729.131 Safari/537.36"
[2019-05-11T19:14:10.220] [ERROR] http - ::1 - - "GET /api/v1/items/checkToken/eyJhbGciOiJIUzI1NiIsInR5cCI6IkpXVCJ9.eyJ1c3VhcmlvIjp7ImlkVXN1YXJpbyI6MSwidXNlcm5hbWUiOiJhbmd5dGFtYmllbiIsIm5vbWJyZSI6IsOBbmdlbGVzIiwiYXBlbGxpZG9zIjoiQnVlbm8gQWd1aWxhciIsImVtYWlsIjoiYW5neXRhbWJpZW5AZ21haWwuY29tIiwicm9sIjoidXNlciJ9LCJpYXQiOjE1NTc1OTM1MDgsImV4cCI6MTU2MDE4NTUwOH0.LaQBO4u11bI1RjFyUWGvdUbZa2symja0BxC1gguN8ag HTTP/1.1" 500 1190 "http://localhost:3000/api/v1/docs/" "Mozilla/5.0 (Macintosh; Intel Mac OS X 10_14_4) AppleWebKit/537.36 (KHTML, like Gecko) Chrome/74.0.3729.131 Safari/537.36"
[2019-05-12T01:02:28.450] [ERROR] http - ::1 - - "GET /api/v1/itemscheckToken/eyJhbGciOiJIUzI1NiIsInR5cCI6IkpXVCJ9.eyJ1c3VhcmlvIjp7ImlkVXN1YXJpbyI6MSwidXNlcm5hbWUiOiJhbmd5dGFtYmllbiIsIm5vbWJyZSI6IsOBbmdlbGVzIiwiYXBlbGxpZG9zIjoiQnVlbm8gQWd1aWxhciIsImVtYWlsIjoiYW5neXRhbWJpZW5AZ21haWwuY29tIiwicm9sIjoidXNlciJ9LCJpYXQiOjE1NTc2MTU3NDgsImV4cCI6MTU2MDIwNzc0OH0.E-KFIIXKGxI0p7_AAX3l8eafth9E-_7n66qm0ynAc_Q HTTP/1.1" 404 482 "http://localhost:4200/home" "Mozilla/5.0 (Macintosh; Intel Mac OS X 10_14_4) AppleWebKit/537.36 (KHTML, like Gecko) Chrome/74.0.3729.131 Safari/537.36"
[2019-05-12T17:15:00.482] [ERROR] http - ::1 - - "POST /api/v1/items/checkToken/ HTTP/1.1" 404 164 "http://localhost:4200/inicio" "Mozilla/5.0 (Macintosh; Intel Mac OS X 10_14_4) AppleWebKit/537.36 (KHTML, like Gecko) Chrome/74.0.3729.131 Safari/537.36"
[2019-05-12T20:09:49.838] [ERROR] http - ::1 - - "POST /api/v1/items/checkUser HTTP/1.1" 500 1357 "http://localhost:4200/home" "Mozilla/5.0 (Macintosh; Intel Mac OS X 10_14_4) AppleWebKit/537.36 (KHTML, like Gecko) Chrome/74.0.3729.131 Safari/537.36"
[2019-05-12T20:09:54.039] [ERROR] http - ::1 - - "POST /api/v1/items/checkUser HTTP/1.1" 500 1357 "http://localhost:4200/home" "Mozilla/5.0 (Macintosh; Intel Mac OS X 10_14_4) AppleWebKit/537.36 (KHTML, like Gecko) Chrome/74.0.3729.131 Safari/537.36"
[2019-05-14T09:14:22.322] [ERROR] http - ::1 - - "POST /api/v1/items/checkUser HTTP/1.1" 500 1357 "http://localhost:4200/home" "Mozilla/5.0 (Windows NT 10.0; WOW64) AppleWebKit/537.36 (KHTML, like Gecko) Chrome/74.0.3729.131 Safari/537.36"
[2019-05-24T09:24:17.417] [ERROR] http - ::1 - - "GET /api/v1/items/logout HTTP/1.1" 404 158 "http://localhost:4200/inicio" "Mozilla/5.0 (iPad; CPU OS 11_0 like Mac OS X) AppleWebKit/604.1.34 (KHTML, like Gecko) Version/11.0 Mobile/15A5341f Safari/604.1"
[2019-05-26T18:30:53.231] [ERROR] http - ::1 - - "POST /api/v1/items/addLeido HTTP/1.1" 500 2416 "http://localhost:4200/busquedaTitulo" "Mozilla/5.0 (Macintosh; Intel Mac OS X 10_14_4) AppleWebKit/537.36 (KHTML, like Gecko) Chrome/74.0.3729.169 Safari/537.36"
[2019-05-26T18:32:31.838] [ERROR] http - ::1 - - "POST /api/v1/items/addLeido HTTP/1.1" 500 2416 "http://localhost:4200/busquedaTitulo" "Mozilla/5.0 (Macintosh; Intel Mac OS X 10_14_4) AppleWebKit/537.36 (KHTML, like Gecko) Chrome/74.0.3729.169 Safari/537.36"
[2019-05-26T18:33:36.510] [ERROR] http - ::1 - - "POST /api/v1/items/addLeido HTTP/1.1" 500 2416 "http://localhost:4200/busquedaTitulo" "Mozilla/5.0 (Macintosh; Intel Mac OS X 10_14_4) AppleWebKit/537.36 (KHTML, like Gecko) Chrome/74.0.3729.169 Safari/537.36"
[2019-05-26T18:36:54.054] [ERROR] http - ::1 - - "POST /api/v1/items/addLeido HTTP/1.1" 500 2416 "http://localhost:4200/busquedaTitulo" "Mozilla/5.0 (Macintosh; Intel Mac OS X 10_14_4) AppleWebKit/537.36 (KHTML, like Gecko) Chrome/74.0.3729.169 Safari/537.36"
[2019-05-26T23:21:29.944] [ERROR] http - ::1 - - "POST /api/v1/items/addLeido HTTP/1.1" 500 2416 "http://localhost:4200/busquedaTitulo" "Mozilla/5.0 (Macintosh; Intel Mac OS X 10_14_4) AppleWebKit/537.36 (KHTML, like Gecko) Chrome/74.0.3729.169 Safari/537.36"
[2019-05-26T23:27:08.676] [ERROR] http - ::1 - - "POST /api/v1/items/addLeido HTTP/1.1" 500 2416 "http://localhost:4200/busquedaTitulo" "Mozilla/5.0 (Macintosh; Intel Mac OS X 10_14_4) AppleWebKit/537.36 (KHTML, like Gecko) Chrome/74.0.3729.169 Safari/537.36"
[2019-05-26T23:28:03.822] [ERROR] http - ::1 - - "POST /api/v1/items/addLeido HTTP/1.1" 500 2416 "http://localhost:4200/busquedaTitulo" "Mozilla/5.0 (Macintosh; Intel Mac OS X 10_14_4) AppleWebKit/537.36 (KHTML, like Gecko) Chrome/74.0.3729.169 Safari/537.36"
[2019-05-26T23:29:18.620] [ERROR] http - ::1 - - "POST /api/v1/items/addLeido HTTP/1.1" 500 2416 "http://localhost:4200/busquedaTitulo" "Mozilla/5.0 (Macintosh; Intel Mac OS X 10_14_4) AppleWebKit/537.36 (KHTML, like Gecko) Chrome/74.0.3729.169 Safari/537.36"
[2019-05-26T23:31:01.242] [ERROR] http - ::1 - - "POST /api/v1/items/addLeido HTTP/1.1" 500 2416 "http://localhost:4200/busquedaTitulo" "Mozilla/5.0 (Macintosh; Intel Mac OS X 10_14_4) AppleWebKit/537.36 (KHTML, like Gecko) Chrome/74.0.3729.169 Safari/537.36"
[2019-05-26T23:38:41.108] [ERROR] http - ::1 - - "POST /api/v1/items/addLeido HTTP/1.1" 500 2416 "http://localhost:4200/busquedaTitulo" "Mozilla/5.0 (Macintosh; Intel Mac OS X 10_14_4) AppleWebKit/537.36 (KHTML, like Gecko) Chrome/74.0.3729.169 Safari/537.36"
[2019-05-26T23:58:52.386] [ERROR] http - ::1 - - "POST /api/v1/items/addLeido HTTP/1.1" 500 1485 "http://localhost:4200/busquedaTitulo" "Mozilla/5.0 (Macintosh; Intel Mac OS X 10_14_4) AppleWebKit/537.36 (KHTML, like Gecko) Chrome/74.0.3729.169 Safari/537.36"
[2019-05-27T00:09:20.005] [ERROR] http - ::1 - - "POST /api/v1/items/addLeido HTTP/1.1" 500 2416 "http://localhost:4200/busquedaTitulo" "Mozilla/5.0 (Macintosh; Intel Mac OS X 10_14_4) AppleWebKit/537.36 (KHTML, like Gecko) Chrome/74.0.3729.169 Safari/537.36"
[2019-05-27T00:21:45.492] [ERROR] http - ::1 - - "POST /api/v1/items/addLeido HTTP/1.1" 500 1070 "http://localhost:4200/busquedaTitulo" "Mozilla/5.0 (Macintosh; Intel Mac OS X 10_14_4) AppleWebKit/537.36 (KHTML, like Gecko) Chrome/74.0.3729.169 Safari/537.36"
[2019-05-27T00:27:24.996] [ERROR] http - ::1 - - "POST /api/v1/items/addLeido HTTP/1.1" 500 1485 "http://localhost:4200/busquedaTitulo" "Mozilla/5.0 (Macintosh; Intel Mac OS X 10_14_4) AppleWebKit/537.36 (KHTML, like Gecko) Chrome/74.0.3729.169 Safari/537.36"
[2019-05-27T00:45:17.178] [ERROR] http - ::1 - - "POST /api/v1/items/addLeido HTTP/1.1" 500 1485 "http://localhost:4200/busquedaTitulo" "Mozilla/5.0 (Macintosh; Intel Mac OS X 10_14_4) AppleWebKit/537.36 (KHTML, like Gecko) Chrome/74.0.3729.169 Safari/537.36"
[2019-05-27T00:49:02.666] [ERROR] http - ::1 - - "POST /api/v1/items/addLeido HTTP/1.1" 500 2835 "http://localhost:4200/busquedaTitulo" "Mozilla/5.0 (Macintosh; Intel Mac OS X 10_14_4) AppleWebKit/537.36 (KHTML, like Gecko) Chrome/74.0.3729.169 Safari/537.36"
[2019-05-27T17:08:57.753] [ERROR] http - ::1 - - "POST /api/v1/items/checkUser HTTP/1.1" 500 1357 "http://localhost:4200/home" "Mozilla/5.0 (Macintosh; Intel Mac OS X 10_14_4) AppleWebKit/537.36 (KHTML, like Gecko) Chrome/74.0.3729.169 Safari/537.36"
[2019-05-27T18:46:26.450] [ERROR] http - ::1 - - "POST /api/v1/items/addLeido HTTP/1.1" 500 2710 "http://localhost:4200/busquedaTitulo" "Mozilla/5.0 (Macintosh; Intel Mac OS X 10_14_4) AppleWebKit/537.36 (KHTML, like Gecko) Chrome/74.0.3729.169 Safari/537.36"
[2019-05-27T19:16:48.892] [ERROR] http - ::1 - - "POST /api/v1/items/addLeido HTTP/1.1" 500 2763 "http://localhost:4200/busquedaTitulo" "Mozilla/5.0 (Macintosh; Intel Mac OS X 10_14_4) AppleWebKit/537.36 (KHTML, like Gecko) Chrome/74.0.3729.169 Safari/537.36"
[2019-05-27T20:09:07.253] [ERROR] http - ::1 - - "POST /api/v1/items/addLeido HTTP/1.1" 500 1081 "http://localhost:4200/busquedaTitulo" "Mozilla/5.0 (Macintosh; Intel Mac OS X 10_14_4) AppleWebKit/537.36 (KHTML, like Gecko) Chrome/74.0.3729.169 Safari/537.36"
[2019-05-28T10:55:50.573] [ERROR] http - ::1 - - "POST /api/v1/items/checkUser HTTP/1.1" 500 1357 "http://localhost:4200/home" "Mozilla/5.0 (Windows NT 10.0; WOW64) AppleWebKit/537.36 (KHTML, like Gecko) Chrome/74.0.3729.169 Safari/537.36"
[2019-05-28T11:20:38.300] [ERROR] http - ::1 - - "POST /api/v1/items/addLeido HTTP/1.1" 500 1081 "http://localhost:4200/busquedaTitulo" "Mozilla/5.0 (Windows NT 10.0; WOW64) AppleWebKit/537.36 (KHTML, like Gecko) Chrome/74.0.3729.169 Safari/537.36"
[2019-05-28T11:20:58.887] [ERROR] http - ::1 - - "POST /api/v1/items/addLeido HTTP/1.1" 500 1081 "http://localhost:4200/busquedaTitulo" "Mozilla/5.0 (Windows NT 10.0; WOW64) AppleWebKit/537.36 (KHTML, like Gecko) Chrome/74.0.3729.169 Safari/537.36"
[2019-05-28T11:21:00.117] [ERROR] http - ::1 - - "POST /api/v1/items/addLeido HTTP/1.1" 500 1081 "http://localhost:4200/busquedaTitulo" "Mozilla/5.0 (Windows NT 10.0; WOW64) AppleWebKit/537.36 (KHTML, like Gecko) Chrome/74.0.3729.169 Safari/537.36"
[2019-05-28T19:12:22.440] [ERROR] http - ::1 - - "GET /api/v1/items/checkReadedBook/uoxUloj09YEC HTTP/1.1" 500 2376 "http://localhost:4200/busquedaTitulo" "Mozilla/5.0 (Macintosh; Intel Mac OS X 10_14_4) AppleWebKit/537.36 (KHTML, like Gecko) Chrome/74.0.3729.169 Safari/537.36"
[2019-05-28T19:12:22.448] [ERROR] http - ::1 - - "GET /api/v1/items/checkReadedBook/fQBiAwAAQBAJ HTTP/1.1" 500 2376 "http://localhost:4200/busquedaTitulo" "Mozilla/5.0 (Macintosh; Intel Mac OS X 10_14_4) AppleWebKit/537.36 (KHTML, like Gecko) Chrome/74.0.3729.169 Safari/537.36"
[2019-05-28T19:12:22.476] [ERROR] http - ::1 - - "GET /api/v1/items/checkReadedBook/V-fdPQAACAAJ HTTP/1.1" 500 2376 "http://localhost:4200/busquedaTitulo" "Mozilla/5.0 (Macintosh; Intel Mac OS X 10_14_4) AppleWebKit/537.36 (KHTML, like Gecko) Chrome/74.0.3729.169 Safari/537.36"
[2019-05-28T19:12:22.496] [ERROR] http - ::1 - - "GET /api/v1/items/checkReadedBook/q8XweiNdep8C HTTP/1.1" 500 2376 "http://localhost:4200/busquedaTitulo" "Mozilla/5.0 (Macintosh; Intel Mac OS X 10_14_4) AppleWebKit/537.36 (KHTML, like Gecko) Chrome/74.0.3729.169 Safari/537.36"
[2019-05-28T19:12:22.502] [ERROR] http - ::1 - - "GET /api/v1/items/checkReadedBook/uUOBPgXQtvUC HTTP/1.1" 500 2376 "http://localhost:4200/busquedaTitulo" "Mozilla/5.0 (Macintosh; Intel Mac OS X 10_14_4) AppleWebKit/537.36 (KHTML, like Gecko) Chrome/74.0.3729.169 Safari/537.36"
[2019-05-28T19:12:22.504] [ERROR] http - ::1 - - "GET /api/v1/items/checkReadedBook/zl13g5uRM4EC HTTP/1.1" 500 2376 "http://localhost:4200/busquedaTitulo" "Mozilla/5.0 (Macintosh; Intel Mac OS X 10_14_4) AppleWebKit/537.36 (KHTML, like Gecko) Chrome/74.0.3729.169 Safari/537.36"
[2019-05-28T19:12:22.506] [ERROR] http - ::1 - - "GET /api/v1/items/checkReadedBook/uZDYlfDVYmEC HTTP/1.1" 500 2376 "http://localhost:4200/busquedaTitulo" "Mozilla/5.0 (Macintosh; Intel Mac OS X 10_14_4) AppleWebKit/537.36 (KHTML, like Gecko) Chrome/74.0.3729.169 Safari/537.36"
[2019-05-28T19:12:22.534] [ERROR] http - ::1 - - "GET /api/v1/items/checkReadedBook/2zgRDXFWkm8C HTTP/1.1" 500 2376 "http://localhost:4200/busquedaTitulo" "Mozilla/5.0 (Macintosh; Intel Mac OS X 10_14_4) AppleWebKit/537.36 (KHTML, like Gecko) Chrome/74.0.3729.169 Safari/537.36"
[2019-05-28T19:12:22.550] [ERROR] http - ::1 - - "GET /api/v1/items/checkReadedBook/zTFCDwAAQBAJ HTTP/1.1" 500 2376 "http://localhost:4200/busquedaTitulo" "Mozilla/5.0 (Macintosh; Intel Mac OS X 10_14_4) AppleWebKit/537.36 (KHTML, like Gecko) Chrome/74.0.3729.169 Safari/537.36"
[2019-05-28T19:12:22.575] [ERROR] http - ::1 - - "GET /api/v1/items/checkReadedBook/2EaOj7-ozKgC HTTP/1.1" 500 2376 "http://localhost:4200/busquedaTitulo" "Mozilla/5.0 (Macintosh; Intel Mac OS X 10_14_4) AppleWebKit/537.36 (KHTML, like Gecko) Chrome/74.0.3729.169 Safari/537.36"
[2019-05-28T19:12:22.582] [ERROR] http - ::1 - - "GET /api/v1/items/checkReadedBook/6687PgAACAAJ HTTP/1.1" 500 2376 "http://localhost:4200/busquedaTitulo" "Mozilla/5.0 (Macintosh; Intel Mac OS X 10_14_4) AppleWebKit/537.36 (KHTML, like Gecko) Chrome/74.0.3729.169 Safari/537.36"
[2019-05-28T19:12:22.586] [ERROR] http - ::1 - - "GET /api/v1/items/checkReadedBook/WV8pZj_oNBwC HTTP/1.1" 500 2376 "http://localhost:4200/busquedaTitulo" "Mozilla/5.0 (Macintosh; Intel Mac OS X 10_14_4) AppleWebKit/537.36 (KHTML, like Gecko) Chrome/74.0.3729.169 Safari/537.36"
[2019-05-28T19:12:22.588] [ERROR] http - ::1 - - "GET /api/v1/items/checkReadedBook/szF_pLGmJTQC HTTP/1.1" 500 2376 "http://localhost:4200/busquedaTitulo" "Mozilla/5.0 (Macintosh; Intel Mac OS X 10_14_4) AppleWebKit/537.36 (KHTML, like Gecko) Chrome/74.0.3729.169 Safari/537.36"
[2019-05-28T19:12:22.609] [ERROR] http - ::1 - - "GET /api/v1/items/checkReadedBook/zN6Ma8P0SxQC HTTP/1.1" 500 2376 "http://localhost:4200/busquedaTitulo" "Mozilla/5.0 (Macintosh; Intel Mac OS X 10_14_4) AppleWebKit/537.36 (KHTML, like Gecko) Chrome/74.0.3729.169 Safari/537.36"
[2019-05-28T19:12:22.610] [ERROR] http - ::1 - - "GET /api/v1/items/checkReadedBook/yfa3AAAACAAJ HTTP/1.1" 500 2376 "http://localhost:4200/busquedaTitulo" "Mozilla/5.0 (Macintosh; Intel Mac OS X 10_14_4) AppleWebKit/537.36 (KHTML, like Gecko) Chrome/74.0.3729.169 Safari/537.36"
[2019-05-28T19:12:22.616] [ERROR] http - ::1 - - "GET /api/v1/items/checkReadedBook/r0q9GTKO0qUC HTTP/1.1" 500 2376 "http://localhost:4200/busquedaTitulo" "Mozilla/5.0 (Macintosh; Intel Mac OS X 10_14_4) AppleWebKit/537.36 (KHTML, like Gecko) Chrome/74.0.3729.169 Safari/537.36"
[2019-05-28T19:12:22.634] [ERROR] http - ::1 - - "GET /api/v1/items/checkReadedBook/rnMMAgAACAAJ HTTP/1.1" 500 2376 "http://localhost:4200/busquedaTitulo" "Mozilla/5.0 (Macintosh; Intel Mac OS X 10_14_4) AppleWebKit/537.36 (KHTML, like Gecko) Chrome/74.0.3729.169 Safari/537.36"
[2019-05-28T19:12:22.650] [ERROR] http - ::1 - - "GET /api/v1/items/checkReadedBook/NWN7rgEACAAJ HTTP/1.1" 500 2376 "http://localhost:4200/busquedaTitulo" "Mozilla/5.0 (Macintosh; Intel Mac OS X 10_14_4) AppleWebKit/537.36 (KHTML, like Gecko) Chrome/74.0.3729.169 Safari/537.36"
[2019-05-28T19:12:22.653] [ERROR] http - ::1 - - "GET /api/v1/items/checkReadedBook/c0Vx_faEKUcC HTTP/1.1" 500 2376 "http://localhost:4200/busquedaTitulo" "Mozilla/5.0 (Macintosh; Intel Mac OS X 10_14_4) AppleWebKit/537.36 (KHTML, like Gecko) Chrome/74.0.3729.169 Safari/537.36"
[2019-05-28T19:12:22.667] [ERROR] http - ::1 - - "GET /api/v1/items/checkReadedBook/Aaug_RnI-xQC HTTP/1.1" 500 2376 "http://localhost:4200/busquedaTitulo" "Mozilla/5.0 (Macintosh; Intel Mac OS X 10_14_4) AppleWebKit/537.36 (KHTML, like Gecko) Chrome/74.0.3729.169 Safari/537.36"
[2019-05-28T19:12:22.670] [ERROR] http - ::1 - - "GET /api/v1/items/checkReadedBook/u3iZWziJPwMC HTTP/1.1" 500 2376 "http://localhost:4200/busquedaTitulo" "Mozilla/5.0 (Macintosh; Intel Mac OS X 10_14_4) AppleWebKit/537.36 (KHTML, like Gecko) Chrome/74.0.3729.169 Safari/537.36"
[2019-05-28T19:12:22.726] [ERROR] http - ::1 - - "GET /api/v1/items/checkReadedBook/Gz8t2MttEQUC HTTP/1.1" 500 2376 "http://localhost:4200/busquedaTitulo" "Mozilla/5.0 (Macintosh; Intel Mac OS X 10_14_4) AppleWebKit/537.36 (KHTML, like Gecko) Chrome/74.0.3729.169 Safari/537.36"
[2019-05-28T19:12:22.776] [ERROR] http - ::1 - - "GET /api/v1/items/checkReadedBook/R2daemCCiF8C HTTP/1.1" 500 2376 "http://localhost:4200/busquedaTitulo" "Mozilla/5.0 (Macintosh; Intel Mac OS X 10_14_4) AppleWebKit/537.36 (KHTML, like Gecko) Chrome/74.0.3729.169 Safari/537.36"
[2019-05-28T19:12:22.825] [ERROR] http - ::1 - - "GET /api/v1/items/checkReadedBook/BoX-6R21MgQC HTTP/1.1" 500 2376 "http://localhost:4200/busquedaTitulo" "Mozilla/5.0 (Macintosh; Intel Mac OS X 10_14_4) AppleWebKit/537.36 (KHTML, like Gecko) Chrome/74.0.3729.169 Safari/537.36"
[2019-05-28T19:12:22.831] [ERROR] http - ::1 - - "GET /api/v1/items/checkReadedBook/HO5-s0M_Yl8C HTTP/1.1" 500 2376 "http://localhost:4200/busquedaTitulo" "Mozilla/5.0 (Macintosh; Intel Mac OS X 10_14_4) AppleWebKit/537.36 (KHTML, like Gecko) Chrome/74.0.3729.169 Safari/537.36"
[2019-05-28T19:48:52.446] [ERROR] http - ::1 - - "POST /api/v1/items/checkReadedBook HTTP/1.1" 404 168 "http://localhost:4200/busquedaTitulo" "Mozilla/5.0 (Macintosh; Intel Mac OS X 10_14_4) AppleWebKit/537.36 (KHTML, like Gecko) Chrome/74.0.3729.169 Safari/537.36"
[2019-05-28T19:48:52.452] [ERROR] http - ::1 - - "POST /api/v1/items/checkReadedBook HTTP/1.1" 404 168 "http://localhost:4200/busquedaTitulo" "Mozilla/5.0 (Macintosh; Intel Mac OS X 10_14_4) AppleWebKit/537.36 (KHTML, like Gecko) Chrome/74.0.3729.169 Safari/537.36"
[2019-05-28T19:48:52.453] [ERROR] http - ::1 - - "POST /api/v1/items/checkReadedBook HTTP/1.1" 404 168 "http://localhost:4200/busquedaTitulo" "Mozilla/5.0 (Macintosh; Intel Mac OS X 10_14_4) AppleWebKit/537.36 (KHTML, like Gecko) Chrome/74.0.3729.169 Safari/537.36"
[2019-05-28T19:48:52.457] [ERROR] http - ::1 - - "POST /api/v1/items/checkReadedBook HTTP/1.1" 404 168 "http://localhost:4200/busquedaTitulo" "Mozilla/5.0 (Macintosh; Intel Mac OS X 10_14_4) AppleWebKit/537.36 (KHTML, like Gecko) Chrome/74.0.3729.169 Safari/537.36"
[2019-05-28T19:48:52.459] [ERROR] http - ::1 - - "POST /api/v1/items/checkReadedBook HTTP/1.1" 404 168 "http://localhost:4200/busquedaTitulo" "Mozilla/5.0 (Macintosh; Intel Mac OS X 10_14_4) AppleWebKit/537.36 (KHTML, like Gecko) Chrome/74.0.3729.169 Safari/537.36"
[2019-05-28T19:48:52.466] [ERROR] http - ::1 - - "POST /api/v1/items/checkReadedBook HTTP/1.1" 404 168 "http://localhost:4200/busquedaTitulo" "Mozilla/5.0 (Macintosh; Intel Mac OS X 10_14_4) AppleWebKit/537.36 (KHTML, like Gecko) Chrome/74.0.3729.169 Safari/537.36"
[2019-05-28T19:48:52.467] [ERROR] http - ::1 - - "POST /api/v1/items/checkReadedBook HTTP/1.1" 404 168 "http://localhost:4200/busquedaTitulo" "Mozilla/5.0 (Macintosh; Intel Mac OS X 10_14_4) AppleWebKit/537.36 (KHTML, like Gecko) Chrome/74.0.3729.169 Safari/537.36"
[2019-05-28T19:48:52.469] [ERROR] http - ::1 - - "POST /api/v1/items/checkReadedBook HTTP/1.1" 404 168 "http://localhost:4200/busquedaTitulo" "Mozilla/5.0 (Macintosh; Intel Mac OS X 10_14_4) AppleWebKit/537.36 (KHTML, like Gecko) Chrome/74.0.3729.169 Safari/537.36"
[2019-05-28T19:48:52.471] [ERROR] http - ::1 - - "POST /api/v1/items/checkReadedBook HTTP/1.1" 404 168 "http://localhost:4200/busquedaTitulo" "Mozilla/5.0 (Macintosh; Intel Mac OS X 10_14_4) AppleWebKit/537.36 (KHTML, like Gecko) Chrome/74.0.3729.169 Safari/537.36"
[2019-05-28T19:48:52.472] [ERROR] http - ::1 - - "POST /api/v1/items/checkReadedBook HTTP/1.1" 404 168 "http://localhost:4200/busquedaTitulo" "Mozilla/5.0 (Macintosh; Intel Mac OS X 10_14_4) AppleWebKit/537.36 (KHTML, like Gecko) Chrome/74.0.3729.169 Safari/537.36"
[2019-05-28T19:48:52.476] [ERROR] http - ::1 - - "POST /api/v1/items/checkReadedBook HTTP/1.1" 404 168 "http://localhost:4200/busquedaTitulo" "Mozilla/5.0 (Macintosh; Intel Mac OS X 10_14_4) AppleWebKit/537.36 (KHTML, like Gecko) Chrome/74.0.3729.169 Safari/537.36"
[2019-05-28T19:48:52.477] [ERROR] http - ::1 - - "POST /api/v1/items/checkReadedBook HTTP/1.1" 404 168 "http://localhost:4200/busquedaTitulo" "Mozilla/5.0 (Macintosh; Intel Mac OS X 10_14_4) AppleWebKit/537.36 (KHTML, like Gecko) Chrome/74.0.3729.169 Safari/537.36"
[2019-05-28T19:48:52.478] [ERROR] http - ::1 - - "POST /api/v1/items/checkReadedBook HTTP/1.1" 404 168 "http://localhost:4200/busquedaTitulo" "Mozilla/5.0 (Macintosh; Intel Mac OS X 10_14_4) AppleWebKit/537.36 (KHTML, like Gecko) Chrome/74.0.3729.169 Safari/537.36"
[2019-05-28T19:48:52.486] [ERROR] http - ::1 - - "POST /api/v1/items/checkReadedBook HTTP/1.1" 404 168 "http://localhost:4200/busquedaTitulo" "Mozilla/5.0 (Macintosh; Intel Mac OS X 10_14_4) AppleWebKit/537.36 (KHTML, like Gecko) Chrome/74.0.3729.169 Safari/537.36"
[2019-05-28T19:48:52.488] [ERROR] http - ::1 - - "POST /api/v1/items/checkReadedBook HTTP/1.1" 404 168 "http://localhost:4200/busquedaTitulo" "Mozilla/5.0 (Macintosh; Intel Mac OS X 10_14_4) AppleWebKit/537.36 (KHTML, like Gecko) Chrome/74.0.3729.169 Safari/537.36"
[2019-05-28T19:48:52.490] [ERROR] http - ::1 - - "POST /api/v1/items/checkReadedBook HTTP/1.1" 404 168 "http://localhost:4200/busquedaTitulo" "Mozilla/5.0 (Macintosh; Intel Mac OS X 10_14_4) AppleWebKit/537.36 (KHTML, like Gecko) Chrome/74.0.3729.169 Safari/537.36"
[2019-05-28T19:48:52.491] [ERROR] http - ::1 - - "POST /api/v1/items/checkReadedBook HTTP/1.1" 404 168 "http://localhost:4200/busquedaTitulo" "Mozilla/5.0 (Macintosh; Intel Mac OS X 10_14_4) AppleWebKit/537.36 (KHTML, like Gecko) Chrome/74.0.3729.169 Safari/537.36"
[2019-05-28T19:48:52.493] [ERROR] http - ::1 - - "POST /api/v1/items/checkReadedBook HTTP/1.1" 404 168 "http://localhost:4200/busquedaTitulo" "Mozilla/5.0 (Macintosh; Intel Mac OS X 10_14_4) AppleWebKit/537.36 (KHTML, like Gecko) Chrome/74.0.3729.169 Safari/537.36"
[2019-05-28T19:48:52.505] [ERROR] http - ::1 - - "POST /api/v1/items/checkReadedBook HTTP/1.1" 404 168 "http://localhost:4200/busquedaTitulo" "Mozilla/5.0 (Macintosh; Intel Mac OS X 10_14_4) AppleWebKit/537.36 (KHTML, like Gecko) Chrome/74.0.3729.169 Safari/537.36"
[2019-05-28T19:48:52.506] [ERROR] http - ::1 - - "POST /api/v1/items/checkReadedBook HTTP/1.1" 404 168 "http://localhost:4200/busquedaTitulo" "Mozilla/5.0 (Macintosh; Intel Mac OS X 10_14_4) AppleWebKit/537.36 (KHTML, like Gecko) Chrome/74.0.3729.169 Safari/537.36"
[2019-05-28T19:48:52.507] [ERROR] http - ::1 - - "POST /api/v1/items/checkReadedBook HTTP/1.1" 404 168 "http://localhost:4200/busquedaTitulo" "Mozilla/5.0 (Macintosh; Intel Mac OS X 10_14_4) AppleWebKit/537.36 (KHTML, like Gecko) Chrome/74.0.3729.169 Safari/537.36"
[2019-05-28T19:48:52.508] [ERROR] http - ::1 - - "POST /api/v1/items/checkReadedBook HTTP/1.1" 404 168 "http://localhost:4200/busquedaTitulo" "Mozilla/5.0 (Macintosh; Intel Mac OS X 10_14_4) AppleWebKit/537.36 (KHTML, like Gecko) Chrome/74.0.3729.169 Safari/537.36"
[2019-05-28T19:48:52.521] [ERROR] http - ::1 - - "POST /api/v1/items/checkReadedBook HTTP/1.1" 404 168 "http://localhost:4200/busquedaTitulo" "Mozilla/5.0 (Macintosh; Intel Mac OS X 10_14_4) AppleWebKit/537.36 (KHTML, like Gecko) Chrome/74.0.3729.169 Safari/537.36"
[2019-05-28T19:48:52.522] [ERROR] http - ::1 - - "POST /api/v1/items/checkReadedBook HTTP/1.1" 404 168 "http://localhost:4200/busquedaTitulo" "Mozilla/5.0 (Macintosh; Intel Mac OS X 10_14_4) AppleWebKit/537.36 (KHTML, like Gecko) Chrome/74.0.3729.169 Safari/537.36"
[2019-05-28T19:48:52.526] [ERROR] http - ::1 - - "POST /api/v1/items/checkReadedBook HTTP/1.1" 404 168 "http://localhost:4200/busquedaTitulo" "Mozilla/5.0 (Macintosh; Intel Mac OS X 10_14_4) AppleWebKit/537.36 (KHTML, like Gecko) Chrome/74.0.3729.169 Safari/537.36"
[2019-05-28T21:34:59.449] [ERROR] http - ::1 - - "POST /api/v1/items/checkReadedBook HTTP/1.1" 500 1084 "http://localhost:4200/busquedaTitulo" "Mozilla/5.0 (Macintosh; Intel Mac OS X 10_14_4) AppleWebKit/537.36 (KHTML, like Gecko) Chrome/74.0.3729.169 Safari/537.36"
[2019-05-28T21:34:59.452] [ERROR] http - ::1 - - "POST /api/v1/items/checkReadedBook HTTP/1.1" 500 1084 "http://localhost:4200/busquedaTitulo" "Mozilla/5.0 (Macintosh; Intel Mac OS X 10_14_4) AppleWebKit/537.36 (KHTML, like Gecko) Chrome/74.0.3729.169 Safari/537.36"
[2019-05-28T21:34:59.455] [ERROR] http - ::1 - - "POST /api/v1/items/checkReadedBook HTTP/1.1" 500 1084 "http://localhost:4200/busquedaTitulo" "Mozilla/5.0 (Macintosh; Intel Mac OS X 10_14_4) AppleWebKit/537.36 (KHTML, like Gecko) Chrome/74.0.3729.169 Safari/537.36"
[2019-05-28T21:34:59.457] [ERROR] http - ::1 - - "POST /api/v1/items/checkReadedBook HTTP/1.1" 500 1084 "http://localhost:4200/busquedaTitulo" "Mozilla/5.0 (Macintosh; Intel Mac OS X 10_14_4) AppleWebKit/537.36 (KHTML, like Gecko) Chrome/74.0.3729.169 Safari/537.36"
[2019-05-28T21:34:59.481] [ERROR] http - ::1 - - "POST /api/v1/items/checkReadedBook HTTP/1.1" 500 1084 "http://localhost:4200/busquedaTitulo" "Mozilla/5.0 (Macintosh; Intel Mac OS X 10_14_4) AppleWebKit/537.36 (KHTML, like Gecko) Chrome/74.0.3729.169 Safari/537.36"
[2019-05-28T21:34:59.499] [ERROR] http - ::1 - - "POST /api/v1/items/checkReadedBook HTTP/1.1" 500 1084 "http://localhost:4200/busquedaTitulo" "Mozilla/5.0 (Macintosh; Intel Mac OS X 10_14_4) AppleWebKit/537.36 (KHTML, like Gecko) Chrome/74.0.3729.169 Safari/537.36"
[2019-05-28T21:34:59.501] [ERROR] http - ::1 - - "POST /api/v1/items/checkReadedBook HTTP/1.1" 500 1084 "http://localhost:4200/busquedaTitulo" "Mozilla/5.0 (Macintosh; Intel Mac OS X 10_14_4) AppleWebKit/537.36 (KHTML, like Gecko) Chrome/74.0.3729.169 Safari/537.36"
[2019-05-28T21:34:59.509] [ERROR] http - ::1 - - "POST /api/v1/items/checkReadedBook HTTP/1.1" 500 1084 "http://localhost:4200/busquedaTitulo" "Mozilla/5.0 (Macintosh; Intel Mac OS X 10_14_4) AppleWebKit/537.36 (KHTML, like Gecko) Chrome/74.0.3729.169 Safari/537.36"
[2019-05-28T21:34:59.512] [ERROR] http - ::1 - - "POST /api/v1/items/checkReadedBook HTTP/1.1" 500 1084 "http://localhost:4200/busquedaTitulo" "Mozilla/5.0 (Macintosh; Intel Mac OS X 10_14_4) AppleWebKit/537.36 (KHTML, like Gecko) Chrome/74.0.3729.169 Safari/537.36"
[2019-05-28T21:34:59.516] [ERROR] http - ::1 - - "POST /api/v1/items/checkReadedBook HTTP/1.1" 500 1084 "http://localhost:4200/busquedaTitulo" "Mozilla/5.0 (Macintosh; Intel Mac OS X 10_14_4) AppleWebKit/537.36 (KHTML, like Gecko) Chrome/74.0.3729.169 Safari/537.36"
[2019-05-28T21:34:59.520] [ERROR] http - ::1 - - "POST /api/v1/items/checkReadedBook HTTP/1.1" 500 1084 "http://localhost:4200/busquedaTitulo" "Mozilla/5.0 (Macintosh; Intel Mac OS X 10_14_4) AppleWebKit/537.36 (KHTML, like Gecko) Chrome/74.0.3729.169 Safari/537.36"
[2019-05-28T21:34:59.529] [ERROR] http - ::1 - - "POST /api/v1/items/checkReadedBook HTTP/1.1" 500 1084 "http://localhost:4200/busquedaTitulo" "Mozilla/5.0 (Macintosh; Intel Mac OS X 10_14_4) AppleWebKit/537.36 (KHTML, like Gecko) Chrome/74.0.3729.169 Safari/537.36"
[2019-05-28T21:34:59.534] [ERROR] http - ::1 - - "POST /api/v1/items/checkReadedBook HTTP/1.1" 500 1084 "http://localhost:4200/busquedaTitulo" "Mozilla/5.0 (Macintosh; Intel Mac OS X 10_14_4) AppleWebKit/537.36 (KHTML, like Gecko) Chrome/74.0.3729.169 Safari/537.36"
[2019-05-28T21:34:59.536] [ERROR] http - ::1 - - "POST /api/v1/items/checkReadedBook HTTP/1.1" 500 1084 "http://localhost:4200/busquedaTitulo" "Mozilla/5.0 (Macintosh; Intel Mac OS X 10_14_4) AppleWebKit/537.36 (KHTML, like Gecko) Chrome/74.0.3729.169 Safari/537.36"
[2019-05-28T21:34:59.538] [ERROR] http - ::1 - - "POST /api/v1/items/checkReadedBook HTTP/1.1" 500 1084 "http://localhost:4200/busquedaTitulo" "Mozilla/5.0 (Macintosh; Intel Mac OS X 10_14_4) AppleWebKit/537.36 (KHTML, like Gecko) Chrome/74.0.3729.169 Safari/537.36"
[2019-05-28T21:34:59.547] [ERROR] http - ::1 - - "POST /api/v1/items/checkReadedBook HTTP/1.1" 500 1084 "http://localhost:4200/busquedaTitulo" "Mozilla/5.0 (Macintosh; Intel Mac OS X 10_14_4) AppleWebKit/537.36 (KHTML, like Gecko) Chrome/74.0.3729.169 Safari/537.36"
[2019-05-28T21:34:59.552] [ERROR] http - ::1 - - "POST /api/v1/items/checkReadedBook HTTP/1.1" 500 1084 "http://localhost:4200/busquedaTitulo" "Mozilla/5.0 (Macintosh; Intel Mac OS X 10_14_4) AppleWebKit/537.36 (KHTML, like Gecko) Chrome/74.0.3729.169 Safari/537.36"
[2019-05-28T21:34:59.572] [ERROR] http - ::1 - - "POST /api/v1/items/checkReadedBook HTTP/1.1" 500 1084 "http://localhost:4200/busquedaTitulo" "Mozilla/5.0 (Macintosh; Intel Mac OS X 10_14_4) AppleWebKit/537.36 (KHTML, like Gecko) Chrome/74.0.3729.169 Safari/537.36"
[2019-05-28T21:34:59.578] [ERROR] http - ::1 - - "POST /api/v1/items/checkReadedBook HTTP/1.1" 500 1084 "http://localhost:4200/busquedaTitulo" "Mozilla/5.0 (Macintosh; Intel Mac OS X 10_14_4) AppleWebKit/537.36 (KHTML, like Gecko) Chrome/74.0.3729.169 Safari/537.36"
[2019-05-28T21:34:59.584] [ERROR] http - ::1 - - "POST /api/v1/items/checkReadedBook HTTP/1.1" 500 1084 "http://localhost:4200/busquedaTitulo" "Mozilla/5.0 (Macintosh; Intel Mac OS X 10_14_4) AppleWebKit/537.36 (KHTML, like Gecko) Chrome/74.0.3729.169 Safari/537.36"
[2019-05-28T21:34:59.586] [ERROR] http - ::1 - - "POST /api/v1/items/checkReadedBook HTTP/1.1" 500 1084 "http://localhost:4200/busquedaTitulo" "Mozilla/5.0 (Macintosh; Intel Mac OS X 10_14_4) AppleWebKit/537.36 (KHTML, like Gecko) Chrome/74.0.3729.169 Safari/537.36"
[2019-05-28T21:34:59.589] [ERROR] http - ::1 - - "POST /api/v1/items/checkReadedBook HTTP/1.1" 500 1084 "http://localhost:4200/busquedaTitulo" "Mozilla/5.0 (Macintosh; Intel Mac OS X 10_14_4) AppleWebKit/537.36 (KHTML, like Gecko) Chrome/74.0.3729.169 Safari/537.36"
[2019-05-28T21:34:59.590] [ERROR] http - ::1 - - "POST /api/v1/items/checkReadedBook HTTP/1.1" 500 1084 "http://localhost:4200/busquedaTitulo" "Mozilla/5.0 (Macintosh; Intel Mac OS X 10_14_4) AppleWebKit/537.36 (KHTML, like Gecko) Chrome/74.0.3729.169 Safari/537.36"
[2019-05-28T21:34:59.603] [ERROR] http - ::1 - - "POST /api/v1/items/checkReadedBook HTTP/1.1" 500 1084 "http://localhost:4200/busquedaTitulo" "Mozilla/5.0 (Macintosh; Intel Mac OS X 10_14_4) AppleWebKit/537.36 (KHTML, like Gecko) Chrome/74.0.3729.169 Safari/537.36"
[2019-05-28T21:34:59.606] [ERROR] http - ::1 - - "POST /api/v1/items/checkReadedBook HTTP/1.1" 500 1084 "http://localhost:4200/busquedaTitulo" "Mozilla/5.0 (Macintosh; Intel Mac OS X 10_14_4) AppleWebKit/537.36 (KHTML, like Gecko) Chrome/74.0.3729.169 Safari/537.36"
[2019-05-28T23:58:58.981] [ERROR] http - ::1 - - "GET /api/v1/items/takeAllReadedBooks/angytambien HTTP/1.1" 404 182 "http://localhost:4200/busquedaTitulo" "Mozilla/5.0 (Macintosh; Intel Mac OS X 10_14_4) AppleWebKit/537.36 (KHTML, like Gecko) Chrome/74.0.3729.169 Safari/537.36"
[2019-05-29T20:10:25.428] [ERROR] http - ::1 - - "POST /api/v1/items/addLeido HTTP/1.1" 500 2687 "http://localhost:4200/libro-detalle/2zgRDXFWkm8C" "Mozilla/5.0 (Macintosh; Intel Mac OS X 10_14_4) AppleWebKit/537.36 (KHTML, like Gecko) Chrome/74.0.3729.169 Safari/537.36"
[2019-05-31T08:32:53.163] [ERROR] http - ::1 - - "POST /api/v1/items/checkUser HTTP/1.1" 500 1357 "http://localhost:4200/home" "Mozilla/5.0 (Windows NT 10.0; WOW64) AppleWebKit/537.36 (KHTML, like Gecko) Chrome/74.0.3729.169 Safari/537.36"
[2019-06-01T16:51:36.725] [ERROR] http - ::1 - - "GET /api/v1/items/takeAllReadedBooks/soretus HTTP/1.1" 500 2685 "http://localhost:4200/busquedaTitulo" "Mozilla/5.0 (Macintosh; Intel Mac OS X 10_14_4) AppleWebKit/537.36 (KHTML, like Gecko) Chrome/74.0.3729.169 Safari/537.36"
[2019-06-02T13:28:16.016] [ERROR] http - ::1 - - "GET /api/v1/items/takeAllReadedBooks/soretus HTTP/1.1" 500 2689 "http://localhost:4200/busquedaTitulo" "Mozilla/5.0 (Macintosh; Intel Mac OS X 10_14_4) AppleWebKit/537.36 (KHTML, like Gecko) Chrome/74.0.3729.169 Safari/537.36"
[2019-06-03T08:25:43.480] [ERROR] http - ::1 - - "POST /api/v1/items/checkUser HTTP/1.1" 500 1357 "http://localhost:4200/home" "Mozilla/5.0 (Windows NT 10.0; WOW64) AppleWebKit/537.36 (KHTML, like Gecko) Chrome/74.0.3729.169 Safari/537.36"
[2019-06-03T08:26:08.543] [ERROR] http - ::1 - - "POST /api/v1/items/checkUser HTTP/1.1" 500 1357 "http://localhost:4200/home" "Mozilla/5.0 (Windows NT 10.0; WOW64) AppleWebKit/537.36 (KHTML, like Gecko) Chrome/74.0.3729.169 Safari/537.36"
[2019-06-03T08:26:33.579] [ERROR] http - ::1 - - "POST /api/v1/items/checkUser HTTP/1.1" 500 1357 "http://localhost:4200/home" "Mozilla/5.0 (Windows NT 10.0; WOW64) AppleWebKit/537.36 (KHTML, like Gecko) Chrome/74.0.3729.169 Safari/537.36"
[2019-06-03T08:26:54.559] [ERROR] http - ::1 - - "POST /api/v1/items/checkUser HTTP/1.1" 500 1357 "http://localhost:4200/home" "Mozilla/5.0 (Windows NT 10.0; WOW64) AppleWebKit/537.36 (KHTML, like Gecko) Chrome/74.0.3729.169 Safari/537.36"
[2019-06-03T08:28:24.534] [ERROR] http - ::1 - - "GET /api/v1/items/takeAllReadedBooks/angytambien HTTP/1.1" 500 2676 "http://localhost:4200/busquedaTitulo" "Mozilla/5.0 (Windows NT 10.0; WOW64) AppleWebKit/537.36 (KHTML, like Gecko) Chrome/74.0.3729.169 Safari/537.36"
[2019-06-03T10:49:39.012] [ERROR] http - ::1 - - "GET /api/v1/items/takeAllReadedBooks/angytambien HTTP/1.1" 500 2676 "http://localhost:4200/busquedaTitulo" "Mozilla/5.0 (Windows NT 10.0; WOW64) AppleWebKit/537.36 (KHTML, like Gecko) Chrome/74.0.3729.169 Safari/537.36"
[2019-06-03T23:52:47.408] [ERROR] http - ::1 - - "POST /api/v1/items/checkUser HTTP/1.1" 500 1357 "http://localhost:4200/home" "Mozilla/5.0 (Macintosh; Intel Mac OS X 10_14_5) AppleWebKit/537.36 (KHTML, like Gecko) Chrome/74.0.3729.169 Safari/537.36"
[2019-06-04T17:28:03.183] [ERROR] http - ::1 - - "POST /api/v1/items/checkUser HTTP/1.1" 500 1357 "http://localhost:4200/home" "Mozilla/5.0 (Macintosh; Intel Mac OS X 10_14_5) AppleWebKit/537.36 (KHTML, like Gecko) Chrome/74.0.3729.169 Safari/537.36"
[2019-06-05T08:21:46.923] [ERROR] http - ::1 - - "POST /api/v1/items/checkUser HTTP/1.1" 500 1357 "http://localhost:4200/home" "Mozilla/5.0 (Windows NT 10.0; WOW64) AppleWebKit/537.36 (KHTML, like Gecko) Chrome/74.0.3729.169 Safari/537.36"
[2019-06-05T22:57:58.174] [ERROR] http - ::1 - - "POST /api/v1/items/addFavorito HTTP/1.1" 500 1082 "http://localhost:4200/leidos" "Mozilla/5.0 (Macintosh; Intel Mac OS X 10_14_5) AppleWebKit/537.36 (KHTML, like Gecko) Chrome/74.0.3729.169 Safari/537.36"
[2019-06-06T00:19:44.571] [ERROR] http - ::1 - - "POST /api/v1/items/borrarLeido HTTP/1.1" 500 2803 "http://localhost:4200/leidos" "Mozilla/5.0 (Macintosh; Intel Mac OS X 10_14_5) AppleWebKit/537.36 (KHTML, like Gecko) Chrome/74.0.3729.169 Safari/537.36"
[2019-06-06T17:18:48.293] [ERROR] http - ::1 - - "POST /api/v1/items/checkUser HTTP/1.1" 500 1357 "http://localhost:4200/home" "Mozilla/5.0 (Macintosh; Intel Mac OS X 10_14_5) AppleWebKit/537.36 (KHTML, like Gecko) Chrome/74.0.3729.169 Safari/537.36"
[2019-06-06T20:59:22.160] [ERROR] http - ::1 - - "GET /api/v1/items/borrarFavorito/undefined HTTP/1.1" 400 142 "http://localhost:4200/leidos" "Mozilla/5.0 (Macintosh; Intel Mac OS X 10_14_5) AppleWebKit/537.36 (KHTML, like Gecko) Chrome/74.0.3729.169 Safari/537.36"
[2019-06-10T13:15:41.599] [ERROR] http - ::1 - - "GET /api/v1/items/getUser/jacinta HTTP/1.1" 404 167 "http://localhost:4200/editarPerfil" "Mozilla/5.0 (Windows NT 10.0; WOW64) AppleWebKit/537.36 (KHTML, like Gecko) Chrome/74.0.3729.169 Safari/537.36"
[2019-06-10T23:59:30.636] [ERROR] http - ::1 - - "GET /api/v1/items/checkToken HTTP/1.1" 500 1192 "http://localhost:4200/inicio" "Mozilla/5.0 (Macintosh; Intel Mac OS X 10_14_5) AppleWebKit/537.36 (KHTML, like Gecko) Chrome/74.0.3729.169 Safari/537.36"
[2019-06-11T00:30:22.275] [ERROR] http - ::1 - - "GET /api/v1/items/takeAllReadedBooks HTTP/1.1" 404 170 "" "PostmanRuntime/7.6.0"
[2019-06-11T00:31:33.968] [ERROR] http - ::1 - - "GET /items/takeAllReadedBooks HTTP/1.1" 404 163 "" "PostmanRuntime/7.6.0"
[2019-06-11T00:32:05.838] [ERROR] http - ::1 - - "GET /favicon.ico HTTP/1.1" 404 150 "http://localhost:3000/" "Mozilla/5.0 (Macintosh; Intel Mac OS X 10_14_5) AppleWebKit/537.36 (KHTML, like Gecko) Chrome/74.0.3729.169 Safari/537.36"
[2019-06-11T00:32:46.612] [ERROR] http - ::1 - - "GET /api/v1/items/takeAllReadedBooks HTTP/1.1" 404 170 "http://localhost:3000/api/v1/docs/" "Mozilla/5.0 (Macintosh; Intel Mac OS X 10_14_5) AppleWebKit/537.36 (KHTML, like Gecko) Chrome/74.0.3729.169 Safari/537.36"
[2019-06-11T00:35:18.240] [ERROR] http - ::1 - - "GET /api/v1/items/takeAllFavsBooks HTTP/1.1" 404 168 "http://localhost:4200/leidos" "Mozilla/5.0 (Macintosh; Intel Mac OS X 10_14_5) AppleWebKit/537.36 (KHTML, like Gecko) Chrome/74.0.3729.169 Safari/537.36"
[2019-06-11T01:14:58.355] [ERROR] http - ::1 - - "POST /api/v1/items/addLeido HTTP/1.1" 404 161 "http://localhost:4200/busquedaTitulo" "Mozilla/5.0 (Macintosh; Intel Mac OS X 10_14_5) AppleWebKit/537.36 (KHTML, like Gecko) Chrome/74.0.3729.169 Safari/537.36"
[2019-06-11T01:23:00.328] [ERROR] http - ::1 - - "GET /api/v1/items/takeAllReadedBooks HTTP/1.1" 404 170 "http://localhost:4200/home" "Mozilla/5.0 (Macintosh; Intel Mac OS X 10_14_5) AppleWebKit/537.36 (KHTML, like Gecko) Chrome/74.0.3729.169 Safari/537.36"
[2019-06-11T01:34:39.654] [ERROR] http - ::1 - - "GET /api/v1/items/takeAllFavsBooks HTTP/1.1" 404 168 "http://localhost:4200/leidos" "Mozilla/5.0 (Macintosh; Intel Mac OS X 10_14_5) AppleWebKit/537.36 (KHTML, like Gecko) Chrome/74.0.3729.169 Safari/537.36"
[2019-06-11T01:37:12.916] [ERROR] http - ::1 - - "GET /api/v1/items/takeAllFavsBooks HTTP/1.1" 404 168 "http://localhost:4200/leidos" "Mozilla/5.0 (Macintosh; Intel Mac OS X 10_14_5) AppleWebKit/537.36 (KHTML, like Gecko) Chrome/74.0.3729.169 Safari/537.36"
[2019-06-11T01:40:30.122] [ERROR] http - ::1 - - "GET /api/v1/items/takeAllFavsBooks HTTP/1.1" 404 168 "http://localhost:4200/libro-detalle-leido/4" "Mozilla/5.0 (Macintosh; Intel Mac OS X 10_14_5) AppleWebKit/537.36 (KHTML, like Gecko) Chrome/74.0.3729.169 Safari/537.36"
[2019-06-11T01:42:32.088] [ERROR] http - ::1 - - "GET /api/v1/items/takeAllFavsBooks HTTP/1.1" 404 168 "http://localhost:4200/libro-detalle-leido/4" "Mozilla/5.0 (Macintosh; Intel Mac OS X 10_14_5) AppleWebKit/537.36 (KHTML, like Gecko) Chrome/74.0.3729.169 Safari/537.36"
[2019-06-11T01:44:06.734] [ERROR] http - ::1 - - "GET /api/v1/items/takeAllFavsBooks HTTP/1.1" 404 168 "http://localhost:4200/libro-detalle-leido/4" "Mozilla/5.0 (Macintosh; Intel Mac OS X 10_14_5) AppleWebKit/537.36 (KHTML, like Gecko) Chrome/74.0.3729.169 Safari/537.36"
[2019-06-11T01:46:08.876] [ERROR] http - ::1 - - "GET /api/v1/items/takeAllFavsBooks HTTP/1.1" 404 168 "http://localhost:4200/libro-detalle-leido/4" "Mozilla/5.0 (Macintosh; Intel Mac OS X 10_14_5) AppleWebKit/537.36 (KHTML, like Gecko) Chrome/74.0.3729.169 Safari/537.36"
[2019-06-11T01:49:47.670] [ERROR] http - ::1 - - "GET /api/v1/items/takeAllFavsBooks HTTP/1.1" 404 168 "http://localhost:4200/libro-detalle-leido/4" "Mozilla/5.0 (Macintosh; Intel Mac OS X 10_14_5) AppleWebKit/537.36 (KHTML, like Gecko) Chrome/74.0.3729.169 Safari/537.36"
[2019-06-11T01:50:59.736] [ERROR] http - ::1 - - "GET /api/v1/items/takeAllFavsBooks HTTP/1.1" 404 168 "http://localhost:4200/libro-detalle-leido/4" "Mozilla/5.0 (Macintosh; Intel Mac OS X 10_14_5) AppleWebKit/537.36 (KHTML, like Gecko) Chrome/74.0.3729.169 Safari/537.36"
[2019-06-11T08:30:44.594] [ERROR] http - ::1 - - "GET /api/v1/items/addFavorito/27 HTTP/1.1" 404 166 "http://localhost:4200/leidos" "Mozilla/5.0 (Windows NT 10.0; WOW64) AppleWebKit/537.36 (KHTML, like Gecko) Chrome/74.0.3729.169 Safari/537.36"
[2019-06-11T08:48:51.654] [ERROR] http - ::1 - - "GET /api/v1/items/addFavorito/27 HTTP/1.1" 404 166 "http://localhost:4200/leidos" "Mozilla/5.0 (Windows NT 10.0; WOW64) AppleWebKit/537.36 (KHTML, like Gecko) Chrome/74.0.3729.169 Safari/537.36"
[2019-06-11T08:50:48.128] [ERROR] http - ::1 - - "GET /api/v1/items/addFavorito/27 HTTP/1.1" 404 166 "http://localhost:4200/leidos" "Mozilla/5.0 (Windows NT 10.0; WOW64) AppleWebKit/537.36 (KHTML, like Gecko) Chrome/74.0.3729.169 Safari/537.36"
[2019-06-11T08:54:58.687] [ERROR] http - ::1 - - "GET /api/v1/items/addFavorito/27 HTTP/1.1" 404 166 "http://localhost:4200/leidos" "Mozilla/5.0 (Windows NT 10.0; WOW64) AppleWebKit/537.36 (KHTML, like Gecko) Chrome/74.0.3729.169 Safari/537.36"
[2019-06-11T08:59:21.000] [ERROR] http - ::1 - - "GET /api/v1/items/borrarLeido/6 HTTP/1.1" 404 165 "http://localhost:4200/leidos" "Mozilla/5.0 (Windows NT 10.0; WOW64) AppleWebKit/537.36 (KHTML, like Gecko) Chrome/74.0.3729.169 Safari/537.36"
[2019-06-11T09:00:23.552] [ERROR] http - ::1 - - "GET /api/v1/items/borrarFavorito/27 HTTP/1.1" 404 169 "http://localhost:4200/leidos" "Mozilla/5.0 (Windows NT 10.0; WOW64) AppleWebKit/537.36 (KHTML, like Gecko) Chrome/74.0.3729.169 Safari/537.36"
[2019-06-11T09:21:22.007] [ERROR] http - ::1 - - "POST /api/v1/items/addLeido HTTP/1.1" 404 161 "http://localhost:4200/busquedaTitulo" "Mozilla/5.0 (Windows NT 10.0; WOW64) AppleWebKit/537.36 (KHTML, like Gecko) Chrome/74.0.3729.169 Safari/537.36"
[2019-06-11T09:25:53.364] [ERROR] http - ::1 - - "POST /api/v1/items/addLeido HTTP/1.1" 404 161 "http://localhost:4200/libro-detalle/zC1aDwAAQBAJ" "Mozilla/5.0 (Windows NT 10.0; WOW64) AppleWebKit/537.36 (KHTML, like Gecko) Chrome/74.0.3729.169 Safari/537.36"
[2019-06-11T09:29:18.228] [ERROR] http - ::1 - - "POST /api/v1/items/addLeido HTTP/1.1" 404 161 "http://localhost:4200/busquedaAutor" "Mozilla/5.0 (Windows NT 10.0; WOW64) AppleWebKit/537.36 (KHTML, like Gecko) Chrome/74.0.3729.169 Safari/537.36"
[2019-06-11T09:32:14.800] [ERROR] http - ::1 - - "GET /api/v1/items/borrarFavorito/26 HTTP/1.1" 404 169 "http://localhost:4200/leidos" "Mozilla/5.0 (Windows NT 10.0; WOW64) AppleWebKit/537.36 (KHTML, like Gecko) Chrome/74.0.3729.169 Safari/537.36"
[2019-06-11T09:32:41.342] [ERROR] http - ::1 - - "GET /api/v1/items/borrarLeido/17 HTTP/1.1" 404 166 "http://localhost:4200/leidos" "Mozilla/5.0 (Windows NT 10.0; WOW64) AppleWebKit/537.36 (KHTML, like Gecko) Chrome/74.0.3729.169 Safari/537.36"
[2019-06-11T09:41:07.050] [ERROR] http - ::1 - - "GET /api/v1/items/borrarLeido/17 HTTP/1.1" 404 166 "http://localhost:4200/leidos" "Mozilla/5.0 (Windows NT 10.0; WOW64) AppleWebKit/537.36 (KHTML, like Gecko) Chrome/74.0.3729.169 Safari/537.36"
[2019-06-11T09:44:06.052] [ERROR] http - ::1 - - "GET /api/v1/items/borrarLeido/7 HTTP/1.1" 404 165 "http://localhost:4200/leidos" "Mozilla/5.0 (Windows NT 10.0; WOW64) AppleWebKit/537.36 (KHTML, like Gecko) Chrome/74.0.3729.169 Safari/537.36"
[2019-06-11T09:48:34.613] [ERROR] http - ::1 - - "GET /api/v1/items/borrarFavorito/26 HTTP/1.1" 404 169 "http://localhost:4200/libro-detalle-leido/7" "Mozilla/5.0 (Windows NT 10.0; WOW64) AppleWebKit/537.36 (KHTML, like Gecko) Chrome/74.0.3729.169 Safari/537.36"
[2019-06-11T09:50:09.877] [ERROR] http - ::1 - - "GET /api/v1/items/borrarFavorito/8 HTTP/1.1" 404 168 "http://localhost:4200/libro-detalle-leido/3" "Mozilla/5.0 (Windows NT 10.0; WOW64) AppleWebKit/537.36 (KHTML, like Gecko) Chrome/74.0.3729.169 Safari/537.36"
[2019-06-11T09:51:38.595] [ERROR] http - ::1 - - "GET /api/v1/items/borrarLeido/4 HTTP/1.1" 404 165 "http://localhost:4200/libro-detalle-leido/4" "Mozilla/5.0 (Windows NT 10.0; WOW64) AppleWebKit/537.36 (KHTML, like Gecko) Chrome/74.0.3729.169 Safari/537.36"
[2019-06-11T10:16:08.483] [ERROR] http - ::1 - - "GET /api/v1/items/borrarFavorito/21 HTTP/1.1" 404 169 "http://localhost:4200/libro-detalle-leido/11" "Mozilla/5.0 (Windows NT 10.0; WOW64) AppleWebKit/537.36 (KHTML, like Gecko) Chrome/74.0.3729.169 Safari/537.36"
[2019-06-11T10:16:41.379] [ERROR] http - ::1 - - "GET /api/v1/items/borrarLeido/12 HTTP/1.1" 404 166 "http://localhost:4200/libro-detalle-leido/12" "Mozilla/5.0 (Windows NT 10.0; WOW64) AppleWebKit/537.36 (KHTML, like Gecko) Chrome/74.0.3729.169 Safari/537.36"
[2019-06-11T10:21:32.663] [ERROR] http - ::1 - - "POST /api/v1/items/modificarComentariosLibroLeido HTTP/1.1" 404 183 "http://localhost:4200/libro-detalle-leido/12" "Mozilla/5.0 (Windows NT 10.0; WOW64) AppleWebKit/537.36 (KHTML, like Gecko) Chrome/74.0.3729.169 Safari/537.36"
[2019-06-11T10:24:37.499] [ERROR] http - ::1 - - "POST /api/v1/items/modificarNotaLibroLeido HTTP/1.1" 404 176 "http://localhost:4200/libro-detalle-leido/12" "Mozilla/5.0 (Windows NT 10.0; WOW64) AppleWebKit/537.36 (KHTML, like Gecko) Chrome/74.0.3729.169 Safari/537.36"
[2019-06-11T10:25:27.177] [ERROR] http - ::1 - - "GET /api/v1/items/borrarFavorito/22 HTTP/1.1" 404 169 "http://localhost:4200/favoritos" "Mozilla/5.0 (Windows NT 10.0; WOW64) AppleWebKit/537.36 (KHTML, like Gecko) Chrome/74.0.3729.169 Safari/537.36"
[2019-06-11T10:27:24.527] [ERROR] http - ::1 - - "GET /api/v1/items/borrarFavorito/22 HTTP/1.1" 404 169 "http://localhost:4200/favoritos" "Mozilla/5.0 (Windows NT 10.0; WOW64) AppleWebKit/537.36 (KHTML, like Gecko) Chrome/74.0.3729.169 Safari/537.36"
[2019-06-11T10:28:27.407] [ERROR] http - ::1 - - "GET /api/v1/items/borrarLeido/13 HTTP/1.1" 404 166 "http://localhost:4200/favoritos" "Mozilla/5.0 (Windows NT 10.0; WOW64) AppleWebKit/537.36 (KHTML, like Gecko) Chrome/74.0.3729.169 Safari/537.36"
[2019-06-11T22:55:00.678] [ERROR] http - ::1 - - "POST /api/v1/items/updateUser HTTP/1.1" 500 1084 "http://localhost:4200/editarPerfil" "Mozilla/5.0 (Macintosh; Intel Mac OS X 10_14_5) AppleWebKit/537.36 (KHTML, like Gecko) Chrome/74.0.3729.169 Safari/537.36"
[2019-06-12T00:04:28.502] [ERROR] http - ::1 - - "POST /api/v1/items/updateUser HTTP/1.1" 404 163 "http://localhost:4200/editarPerfil" "Mozilla/5.0 (Macintosh; Intel Mac OS X 10_14_5) AppleWebKit/537.36 (KHTML, like Gecko) Chrome/74.0.3729.169 Safari/537.36"
[2019-06-12T13:29:29.343] [ERROR] http - ::1 - - "GET / HTTP/1.1" 404 252 "" "Mozilla/5.0 (Windows NT 10.0; WOW64) AppleWebKit/537.36 (KHTML, like Gecko) Chrome/74.0.3729.169 Safari/537.36"
[2019-06-12T13:29:29.428] [ERROR] http - ::1 - - "GET /favicon.ico HTTP/1.1" 404 252 "http://localhost:3000/" "Mozilla/5.0 (Windows NT 10.0; WOW64) AppleWebKit/537.36 (KHTML, like Gecko) Chrome/74.0.3729.169 Safari/537.36"
[2019-06-12T13:29:47.806] [ERROR] http - ::1 - - "GET / HTTP/1.1" 404 252 "" "Mozilla/5.0 (Windows NT 10.0; WOW64) AppleWebKit/537.36 (KHTML, like Gecko) Chrome/74.0.3729.169 Safari/537.36"
[2019-06-12T13:42:19.715] [ERROR] http - ::1 - - "POST /api/v1/items/checkUser HTTP/1.1" 500 2662 "http://localhost:3000/home" "Mozilla/5.0 (Windows NT 10.0; WOW64) AppleWebKit/537.36 (KHTML, like Gecko) Chrome/74.0.3729.169 Safari/537.36"
[2019-06-12T13:44:30.383] [ERROR] http - ::1 - - "GET /home HTTP/1.1" 404 253 "" "Mozilla/5.0 (Windows NT 10.0; WOW64) AppleWebKit/537.36 (KHTML, like Gecko) Chrome/74.0.3729.169 Safari/537.36"
[2019-06-12T13:44:30.467] [ERROR] http - ::1 - - "GET /favicon.ico HTTP/1.1" 404 253 "http://localhost:3000/home" "Mozilla/5.0 (Windows NT 10.0; WOW64) AppleWebKit/537.36 (KHTML, like Gecko) Chrome/74.0.3729.169 Safari/537.36"
[2019-06-12T22:29:20.136] [ERROR] http - ::1 - - "GET / HTTP/1.1" 404 254 "" "Mozilla/5.0 (Macintosh; Intel Mac OS X 10_14_5) AppleWebKit/537.36 (KHTML, like Gecko) Chrome/74.0.3729.169 Safari/537.36"
[2019-06-12T22:29:20.341] [ERROR] http - ::1 - - "GET /favicon.ico HTTP/1.1" 404 254 "http://localhost:3000/" "Mozilla/5.0 (Macintosh; Intel Mac OS X 10_14_5) AppleWebKit/537.36 (KHTML, like Gecko) Chrome/74.0.3729.169 Safari/537.36"
[2019-06-12T22:34:55.818] [ERROR] http - ::1 - - "POST /api/v1/items/checkUser HTTP/1.1" 500 1413 "http://localhost:3000/home" "Mozilla/5.0 (Macintosh; Intel Mac OS X 10_14_5) AppleWebKit/537.36 (KHTML, like Gecko) Chrome/74.0.3729.169 Safari/537.36"
[2019-06-12T22:40:51.128] [ERROR] http - ::1 - - "POST /api/v1/items/checkUser HTTP/1.1" 500 1413 "http://localhost:3000/home" "Mozilla/5.0 (Macintosh; Intel Mac OS X 10_14_5) AppleWebKit/537.36 (KHTML, like Gecko) Chrome/74.0.3729.169 Safari/537.36"
[2019-06-13T21:32:16.446] [ERROR] http - ::1 - - "POST /api/v1/items/checkUser HTTP/1.1" 500 2774 "http://localhost:4200/home" "Mozilla/5.0 (Macintosh; Intel Mac OS X 10_14_5) AppleWebKit/537.36 (KHTML, like Gecko) Chrome/74.0.3729.169 Safari/537.36"
[2019-06-13T21:34:04.217] [ERROR] http - ::1 - - "POST /api/v1/items/checkUser HTTP/1.1" 500 1461 "http://localhost:4200/home" "Mozilla/5.0 (Macintosh; Intel Mac OS X 10_14_5) AppleWebKit/537.36 (KHTML, like Gecko) Chrome/74.0.3729.169 Safari/537.36"
